{"C:\\Users\\raees\\Documents\\SDP 3\\QUANTIX\\Backend\\src\\Config\\supabase.js": {"path":"C:\\Users\\raees\\Documents\\SDP 3\\QUANTIX\\Backend\\src\\Config\\supabase.js","statementMap":{"0":{"start":{"line":1,"column":25},"end":{"line":1,"column":57}},"1":{"start":{"line":2,"column":0},"end":{"line":2,"column":27}},"2":{"start":{"line":4,"column":20},"end":{"line":4,"column":44}},"3":{"start":{"line":5,"column":20},"end":{"line":5,"column":57}},"4":{"start":{"line":7,"column":0},"end":{"line":9,"column":1}},"5":{"start":{"line":8,"column":2},"end":{"line":8,"column":60}},"6":{"start":{"line":11,"column":17},"end":{"line":11,"column":55}},"7":{"start":{"line":13,"column":0},"end":{"line":13,"column":26}}},"fnMap":{},"branchMap":{"0":{"loc":{"start":{"line":7,"column":0},"end":{"line":9,"column":1}},"type":"if","locations":[{"start":{"line":7,"column":0},"end":{"line":9,"column":1}},{"start":{},"end":{}}],"line":7},"1":{"loc":{"start":{"line":7,"column":4},"end":{"line":7,"column":32}},"type":"binary-expr","locations":[{"start":{"line":7,"column":4},"end":{"line":7,"column":16}},{"start":{"line":7,"column":20},"end":{"line":7,"column":32}}],"line":7}},"s":{"0":3,"1":3,"2":3,"3":3,"4":3,"5":2,"6":1,"7":1},"f":{},"b":{"0":[2,1],"1":[3,1]},"_coverageSchema":"1a1c01bbd47fc00a2c39e90264f33305004495a9","hash":"e4cb698e5894ea69dcc0ca5f22f6aec9a6a3fb9b"}
,"C:\\Users\\raees\\Documents\\SDP 3\\QUANTIX\\Backend\\src\\Controllers\\chat.controller.js": {"path":"C:\\Users\\raees\\Documents\\SDP 3\\QUANTIX\\Backend\\src\\Controllers\\chat.controller.js","statementMap":{"0":{"start":{"line":1,"column":17},"end":{"line":1,"column":46}},"1":{"start":{"line":2,"column":14},"end":{"line":2,"column":30}},"2":{"start":{"line":5,"column":32},"end":{"line":57,"column":1}},"3":{"start":{"line":6,"column":2},"end":{"line":56,"column":3}},"4":{"start":{"line":7,"column":36},"end":{"line":7,"column":44}},"5":{"start":{"line":9,"column":4},"end":{"line":13,"column":5}},"6":{"start":{"line":10,"column":6},"end":{"line":12,"column":66}},"7":{"start":{"line":16,"column":61},"end":{"line":22,"column":20}},"8":{"start":{"line":24,"column":4},"end":{"line":31,"column":5}},"9":{"start":{"line":26,"column":8},"end":{"line":29,"column":9}},"10":{"start":{"line":27,"column":12},"end":{"line":27,"column":109}},"11":{"start":{"line":28,"column":12},"end":{"line":28,"column":106}},"12":{"start":{"line":30,"column":8},"end":{"line":30,"column":24}},"13":{"start":{"line":33,"column":4},"end":{"line":35,"column":5}},"14":{"start":{"line":34,"column":6},"end":{"line":34,"column":56}},"15":{"start":{"line":38,"column":58},"end":{"line":45,"column":15}},"16":{"start":{"line":47,"column":4},"end":{"line":50,"column":5}},"17":{"start":{"line":48,"column":6},"end":{"line":48,"column":65}},"18":{"start":{"line":49,"column":6},"end":{"line":49,"column":78}},"19":{"start":{"line":52,"column":4},"end":{"line":52,"column":42}},"20":{"start":{"line":54,"column":4},"end":{"line":54,"column":62}},"21":{"start":{"line":55,"column":4},"end":{"line":55,"column":61}},"22":{"start":{"line":60,"column":29},"end":{"line":92,"column":1}},"23":{"start":{"line":61,"column":2},"end":{"line":91,"column":3}},"24":{"start":{"line":62,"column":23},"end":{"line":62,"column":33}},"25":{"start":{"line":64,"column":4},"end":{"line":66,"column":5}},"26":{"start":{"line":65,"column":6},"end":{"line":65,"column":68}},"27":{"start":{"line":69,"column":43},"end":{"line":80,"column":53}},"28":{"start":{"line":82,"column":4},"end":{"line":85,"column":5}},"29":{"start":{"line":83,"column":6},"end":{"line":83,"column":60}},"30":{"start":{"line":84,"column":6},"end":{"line":84,"column":78}},"31":{"start":{"line":87,"column":4},"end":{"line":87,"column":40}},"32":{"start":{"line":89,"column":4},"end":{"line":89,"column":59}},"33":{"start":{"line":90,"column":4},"end":{"line":90,"column":61}},"34":{"start":{"line":95,"column":32},"end":{"line":129,"column":1}},"35":{"start":{"line":96,"column":2},"end":{"line":128,"column":3}},"36":{"start":{"line":97,"column":31},"end":{"line":97,"column":41}},"37":{"start":{"line":98,"column":37},"end":{"line":98,"column":46}},"38":{"start":{"line":100,"column":4},"end":{"line":102,"column":5}},"39":{"start":{"line":101,"column":6},"end":{"line":101,"column":76}},"40":{"start":{"line":104,"column":19},"end":{"line":104,"column":37}},"41":{"start":{"line":107,"column":38},"end":{"line":117,"column":40}},"42":{"start":{"line":119,"column":4},"end":{"line":122,"column":5}},"43":{"start":{"line":120,"column":6},"end":{"line":120,"column":55}},"44":{"start":{"line":121,"column":6},"end":{"line":121,"column":73}},"45":{"start":{"line":124,"column":4},"end":{"line":124,"column":35}},"46":{"start":{"line":126,"column":4},"end":{"line":126,"column":62}},"47":{"start":{"line":127,"column":4},"end":{"line":127,"column":61}},"48":{"start":{"line":132,"column":20},"end":{"line":208,"column":1}},"49":{"start":{"line":133,"column":2},"end":{"line":207,"column":3}},"50":{"start":{"line":139,"column":8},"end":{"line":139,"column":16}},"51":{"start":{"line":141,"column":4},"end":{"line":145,"column":5}},"52":{"start":{"line":142,"column":6},"end":{"line":144,"column":9}},"53":{"start":{"line":148,"column":21},"end":{"line":148,"column":32}},"54":{"start":{"line":150,"column":4},"end":{"line":164,"column":5}},"55":{"start":{"line":151,"column":23},"end":{"line":160,"column":7}},"56":{"start":{"line":161,"column":6},"end":{"line":161,"column":47}},"57":{"start":{"line":163,"column":6},"end":{"line":163,"column":93}},"58":{"start":{"line":168,"column":53},"end":{"line":173,"column":15}},"59":{"start":{"line":175,"column":4},"end":{"line":179,"column":5}},"60":{"start":{"line":176,"column":6},"end":{"line":178,"column":67}},"61":{"start":{"line":182,"column":51},"end":{"line":196,"column":15}},"62":{"start":{"line":198,"column":4},"end":{"line":201,"column":5}},"63":{"start":{"line":199,"column":6},"end":{"line":199,"column":60}},"64":{"start":{"line":200,"column":6},"end":{"line":200,"column":71}},"65":{"start":{"line":203,"column":4},"end":{"line":203,"column":34}},"66":{"start":{"line":205,"column":4},"end":{"line":205,"column":50}},"67":{"start":{"line":206,"column":4},"end":{"line":206,"column":61}},"68":{"start":{"line":211,"column":27},"end":{"line":239,"column":1}},"69":{"start":{"line":212,"column":2},"end":{"line":238,"column":3}},"70":{"start":{"line":213,"column":39},"end":{"line":213,"column":47}},"71":{"start":{"line":215,"column":4},"end":{"line":219,"column":5}},"72":{"start":{"line":216,"column":6},"end":{"line":218,"column":69}},"73":{"start":{"line":222,"column":22},"end":{"line":227,"column":27}},"74":{"start":{"line":229,"column":4},"end":{"line":232,"column":5}},"75":{"start":{"line":230,"column":6},"end":{"line":230,"column":62}},"76":{"start":{"line":231,"column":6},"end":{"line":231,"column":80}},"77":{"start":{"line":234,"column":4},"end":{"line":234,"column":44}},"78":{"start":{"line":236,"column":4},"end":{"line":236,"column":57}},"79":{"start":{"line":237,"column":4},"end":{"line":237,"column":61}},"80":{"start":{"line":242,"column":23},"end":{"line":289,"column":1}},"81":{"start":{"line":243,"column":2},"end":{"line":288,"column":3}},"82":{"start":{"line":244,"column":23},"end":{"line":244,"column":33}},"83":{"start":{"line":246,"column":4},"end":{"line":248,"column":5}},"84":{"start":{"line":247,"column":6},"end":{"line":247,"column":68}},"85":{"start":{"line":250,"column":58},"end":{"line":254,"column":28}},"86":{"start":{"line":256,"column":4},"end":{"line":261,"column":5}},"87":{"start":{"line":257,"column":6},"end":{"line":257,"column":69}},"88":{"start":{"line":258,"column":6},"end":{"line":260,"column":63}},"89":{"start":{"line":263,"column":4},"end":{"line":265,"column":5}},"90":{"start":{"line":264,"column":6},"end":{"line":264,"column":54}},"91":{"start":{"line":267,"column":28},"end":{"line":269,"column":5}},"92":{"start":{"line":268,"column":16},"end":{"line":268,"column":36}},"93":{"start":{"line":271,"column":29},"end":{"line":276,"column":27}},"94":{"start":{"line":278,"column":4},"end":{"line":281,"column":5}},"95":{"start":{"line":279,"column":6},"end":{"line":279,"column":59}},"96":{"start":{"line":280,"column":6},"end":{"line":280,"column":77}},"97":{"start":{"line":283,"column":4},"end":{"line":283,"column":54}},"98":{"start":{"line":286,"column":4},"end":{"line":286,"column":83}},"99":{"start":{"line":287,"column":4},"end":{"line":287,"column":61}},"100":{"start":{"line":291,"column":0},"end":{"line":298,"column":2}}},"fnMap":{"0":{"name":"(anonymous_0)","decl":{"start":{"line":5,"column":32},"end":{"line":5,"column":33}},"loc":{"start":{"line":5,"column":52},"end":{"line":57,"column":1}},"line":5},"1":{"name":"(anonymous_1)","decl":{"start":{"line":60,"column":29},"end":{"line":60,"column":30}},"loc":{"start":{"line":60,"column":49},"end":{"line":92,"column":1}},"line":60},"2":{"name":"(anonymous_2)","decl":{"start":{"line":95,"column":32},"end":{"line":95,"column":33}},"loc":{"start":{"line":95,"column":52},"end":{"line":129,"column":1}},"line":95},"3":{"name":"(anonymous_3)","decl":{"start":{"line":132,"column":20},"end":{"line":132,"column":21}},"loc":{"start":{"line":132,"column":40},"end":{"line":208,"column":1}},"line":132},"4":{"name":"(anonymous_4)","decl":{"start":{"line":211,"column":27},"end":{"line":211,"column":28}},"loc":{"start":{"line":211,"column":47},"end":{"line":239,"column":1}},"line":211},"5":{"name":"(anonymous_5)","decl":{"start":{"line":242,"column":23},"end":{"line":242,"column":24}},"loc":{"start":{"line":242,"column":43},"end":{"line":289,"column":1}},"line":242},"6":{"name":"(anonymous_6)","decl":{"start":{"line":268,"column":6},"end":{"line":268,"column":7}},"loc":{"start":{"line":268,"column":16},"end":{"line":268,"column":36}},"line":268}},"branchMap":{"0":{"loc":{"start":{"line":9,"column":4},"end":{"line":13,"column":5}},"type":"if","locations":[{"start":{"line":9,"column":4},"end":{"line":13,"column":5}},{"start":{},"end":{}}],"line":9},"1":{"loc":{"start":{"line":9,"column":8},"end":{"line":9,"column":31}},"type":"binary-expr","locations":[{"start":{"line":9,"column":8},"end":{"line":9,"column":18}},{"start":{"line":9,"column":22},"end":{"line":9,"column":31}}],"line":9},"2":{"loc":{"start":{"line":24,"column":4},"end":{"line":31,"column":5}},"type":"if","locations":[{"start":{"line":24,"column":4},"end":{"line":31,"column":5}},{"start":{},"end":{}}],"line":24},"3":{"loc":{"start":{"line":26,"column":8},"end":{"line":29,"column":9}},"type":"if","locations":[{"start":{"line":26,"column":8},"end":{"line":29,"column":9}},{"start":{},"end":{}}],"line":26},"4":{"loc":{"start":{"line":33,"column":4},"end":{"line":35,"column":5}},"type":"if","locations":[{"start":{"line":33,"column":4},"end":{"line":35,"column":5}},{"start":{},"end":{}}],"line":33},"5":{"loc":{"start":{"line":47,"column":4},"end":{"line":50,"column":5}},"type":"if","locations":[{"start":{"line":47,"column":4},"end":{"line":50,"column":5}},{"start":{},"end":{}}],"line":47},"6":{"loc":{"start":{"line":64,"column":4},"end":{"line":66,"column":5}},"type":"if","locations":[{"start":{"line":64,"column":4},"end":{"line":66,"column":5}},{"start":{},"end":{}}],"line":64},"7":{"loc":{"start":{"line":82,"column":4},"end":{"line":85,"column":5}},"type":"if","locations":[{"start":{"line":82,"column":4},"end":{"line":85,"column":5}},{"start":{},"end":{}}],"line":82},"8":{"loc":{"start":{"line":98,"column":12},"end":{"line":98,"column":20}},"type":"default-arg","locations":[{"start":{"line":98,"column":19},"end":{"line":98,"column":20}}],"line":98},"9":{"loc":{"start":{"line":98,"column":22},"end":{"line":98,"column":32}},"type":"default-arg","locations":[{"start":{"line":98,"column":30},"end":{"line":98,"column":32}}],"line":98},"10":{"loc":{"start":{"line":100,"column":4},"end":{"line":102,"column":5}},"type":"if","locations":[{"start":{"line":100,"column":4},"end":{"line":102,"column":5}},{"start":{},"end":{}}],"line":100},"11":{"loc":{"start":{"line":119,"column":4},"end":{"line":122,"column":5}},"type":"if","locations":[{"start":{"line":119,"column":4},"end":{"line":122,"column":5}},{"start":{},"end":{}}],"line":119},"12":{"loc":{"start":{"line":138,"column":6},"end":{"line":138,"column":26}},"type":"default-arg","locations":[{"start":{"line":138,"column":20},"end":{"line":138,"column":26}}],"line":138},"13":{"loc":{"start":{"line":141,"column":4},"end":{"line":145,"column":5}},"type":"if","locations":[{"start":{"line":141,"column":4},"end":{"line":145,"column":5}},{"start":{},"end":{}}],"line":141},"14":{"loc":{"start":{"line":141,"column":8},"end":{"line":141,"column":52}},"type":"binary-expr","locations":[{"start":{"line":141,"column":8},"end":{"line":141,"column":23}},{"start":{"line":141,"column":27},"end":{"line":141,"column":36}},{"start":{"line":141,"column":40},"end":{"line":141,"column":52}}],"line":141},"15":{"loc":{"start":{"line":175,"column":4},"end":{"line":179,"column":5}},"type":"if","locations":[{"start":{"line":175,"column":4},"end":{"line":179,"column":5}},{"start":{},"end":{}}],"line":175},"16":{"loc":{"start":{"line":175,"column":8},"end":{"line":175,"column":34}},"type":"binary-expr","locations":[{"start":{"line":175,"column":8},"end":{"line":175,"column":17}},{"start":{"line":175,"column":21},"end":{"line":175,"column":34}}],"line":175},"17":{"loc":{"start":{"line":198,"column":4},"end":{"line":201,"column":5}},"type":"if","locations":[{"start":{"line":198,"column":4},"end":{"line":201,"column":5}},{"start":{},"end":{}}],"line":198},"18":{"loc":{"start":{"line":215,"column":4},"end":{"line":219,"column":5}},"type":"if","locations":[{"start":{"line":215,"column":4},"end":{"line":219,"column":5}},{"start":{},"end":{}}],"line":215},"19":{"loc":{"start":{"line":215,"column":8},"end":{"line":215,"column":34}},"type":"binary-expr","locations":[{"start":{"line":215,"column":8},"end":{"line":215,"column":23}},{"start":{"line":215,"column":27},"end":{"line":215,"column":34}}],"line":215},"20":{"loc":{"start":{"line":229,"column":4},"end":{"line":232,"column":5}},"type":"if","locations":[{"start":{"line":229,"column":4},"end":{"line":232,"column":5}},{"start":{},"end":{}}],"line":229},"21":{"loc":{"start":{"line":246,"column":4},"end":{"line":248,"column":5}},"type":"if","locations":[{"start":{"line":246,"column":4},"end":{"line":248,"column":5}},{"start":{},"end":{}}],"line":246},"22":{"loc":{"start":{"line":256,"column":4},"end":{"line":261,"column":5}},"type":"if","locations":[{"start":{"line":256,"column":4},"end":{"line":261,"column":5}},{"start":{},"end":{}}],"line":256},"23":{"loc":{"start":{"line":263,"column":4},"end":{"line":265,"column":5}},"type":"if","locations":[{"start":{"line":263,"column":4},"end":{"line":265,"column":5}},{"start":{},"end":{}}],"line":263},"24":{"loc":{"start":{"line":263,"column":8},"end":{"line":263,"column":60}},"type":"binary-expr","locations":[{"start":{"line":263,"column":8},"end":{"line":263,"column":26}},{"start":{"line":263,"column":30},"end":{"line":263,"column":60}}],"line":263},"25":{"loc":{"start":{"line":278,"column":4},"end":{"line":281,"column":5}},"type":"if","locations":[{"start":{"line":278,"column":4},"end":{"line":281,"column":5}},{"start":{},"end":{}}],"line":278},"26":{"loc":{"start":{"line":283,"column":40},"end":{"line":283,"column":50}},"type":"binary-expr","locations":[{"start":{"line":283,"column":40},"end":{"line":283,"column":45}},{"start":{"line":283,"column":49},"end":{"line":283,"column":50}}],"line":283}},"s":{"0":1,"1":1,"2":1,"3":3,"4":3,"5":3,"6":0,"7":3,"8":3,"9":0,"10":0,"11":0,"12":0,"13":3,"14":1,"15":2,"16":2,"17":1,"18":1,"19":1,"20":0,"21":0,"22":1,"23":2,"24":2,"25":2,"26":0,"27":2,"28":2,"29":1,"30":1,"31":1,"32":0,"33":0,"34":1,"35":2,"36":2,"37":2,"38":2,"39":0,"40":2,"41":2,"42":1,"43":0,"44":0,"45":1,"46":1,"47":1,"48":1,"49":3,"50":3,"51":3,"52":0,"53":3,"54":3,"55":3,"56":2,"57":1,"58":3,"59":3,"60":1,"61":2,"62":2,"63":0,"64":0,"65":2,"66":0,"67":0,"68":1,"69":2,"70":2,"71":2,"72":0,"73":2,"74":2,"75":1,"76":1,"77":1,"78":0,"79":0,"80":1,"81":3,"82":3,"83":3,"84":0,"85":3,"86":3,"87":1,"88":1,"89":2,"90":1,"91":1,"92":2,"93":1,"94":1,"95":0,"96":0,"97":1,"98":0,"99":0,"100":1},"f":{"0":3,"1":2,"2":2,"3":3,"4":2,"5":3,"6":2},"b":{"0":[0,3],"1":[3,3],"2":[0,3],"3":[0,0],"4":[1,2],"5":[1,1],"6":[0,2],"7":[1,1],"8":[2],"9":[2],"10":[0,2],"11":[0,1],"12":[3],"13":[0,3],"14":[3,3,3],"15":[1,2],"16":[3,2],"17":[0,2],"18":[0,2],"19":[2,2],"20":[1,1],"21":[0,3],"22":[1,2],"23":[1,1],"24":[2,2],"25":[0,1],"26":[1,0]},"_coverageSchema":"1a1c01bbd47fc00a2c39e90264f33305004495a9","hash":"c744a660e6e297862d90c479905a76e21884ca23"}
,"C:\\Users\\raees\\Documents\\SDP 3\\QUANTIX\\Backend\\src\\Controllers\\contract.controller.js": {"path":"C:\\Users\\raees\\Documents\\SDP 3\\QUANTIX\\Backend\\src\\Controllers\\contract.controller.js","statementMap":{"0":{"start":{"line":3,"column":17},"end":{"line":3,"column":46}},"1":{"start":{"line":6,"column":20},"end":{"line":21,"column":1}},"2":{"start":{"line":7,"column":34},"end":{"line":7,"column":44}},"3":{"start":{"line":8,"column":4},"end":{"line":20,"column":5}},"4":{"start":{"line":9,"column":32},"end":{"line":14,"column":26}},"5":{"start":{"line":16,"column":8},"end":{"line":16,"column":31}},"6":{"start":{"line":16,"column":19},"end":{"line":16,"column":31}},"7":{"start":{"line":17,"column":8},"end":{"line":17,"column":35}},"8":{"start":{"line":19,"column":8},"end":{"line":19,"column":53}},"9":{"start":{"line":24,"column":23},"end":{"line":46,"column":1}},"10":{"start":{"line":25,"column":4},"end":{"line":25,"column":66}},"11":{"start":{"line":26,"column":4},"end":{"line":26,"column":43}},"12":{"start":{"line":27,"column":53},"end":{"line":27,"column":61}},"13":{"start":{"line":28,"column":4},"end":{"line":45,"column":5}},"14":{"start":{"line":29,"column":32},"end":{"line":39,"column":21}},"15":{"start":{"line":41,"column":8},"end":{"line":41,"column":31}},"16":{"start":{"line":41,"column":19},"end":{"line":41,"column":31}},"17":{"start":{"line":42,"column":8},"end":{"line":42,"column":35}},"18":{"start":{"line":44,"column":8},"end":{"line":44,"column":53}},"19":{"start":{"line":49,"column":20},"end":{"line":80,"column":1}},"20":{"start":{"line":50,"column":27},"end":{"line":50,"column":37}},"21":{"start":{"line":51,"column":25},"end":{"line":51,"column":33}},"22":{"start":{"line":52,"column":4},"end":{"line":79,"column":5}},"23":{"start":{"line":54,"column":54},"end":{"line":58,"column":21}},"24":{"start":{"line":60,"column":8},"end":{"line":60,"column":41}},"25":{"start":{"line":60,"column":24},"end":{"line":60,"column":41}},"26":{"start":{"line":62,"column":33},"end":{"line":62,"column":74}},"27":{"start":{"line":64,"column":32},"end":{"line":73,"column":21}},"28":{"start":{"line":75,"column":8},"end":{"line":75,"column":31}},"29":{"start":{"line":75,"column":19},"end":{"line":75,"column":31}},"30":{"start":{"line":76,"column":8},"end":{"line":76,"column":35}},"31":{"start":{"line":78,"column":8},"end":{"line":78,"column":82}},"32":{"start":{"line":83,"column":21},"end":{"line":125,"column":1}},"33":{"start":{"line":84,"column":27},"end":{"line":84,"column":37}},"34":{"start":{"line":85,"column":32},"end":{"line":85,"column":40}},"35":{"start":{"line":87,"column":4},"end":{"line":124,"column":5}},"36":{"start":{"line":88,"column":25},"end":{"line":88,"column":27}},"37":{"start":{"line":89,"column":8},"end":{"line":97,"column":9}},"38":{"start":{"line":90,"column":12},"end":{"line":90,"column":53}},"39":{"start":{"line":91,"column":12},"end":{"line":91,"column":68}},"40":{"start":{"line":92,"column":15},"end":{"line":97,"column":9}},"41":{"start":{"line":93,"column":12},"end":{"line":93,"column":52}},"42":{"start":{"line":94,"column":12},"end":{"line":94,"column":67}},"43":{"start":{"line":96,"column":12},"end":{"line":96,"column":78}},"44":{"start":{"line":99,"column":49},"end":{"line":104,"column":21}},"45":{"start":{"line":106,"column":8},"end":{"line":106,"column":31}},"46":{"start":{"line":106,"column":19},"end":{"line":106,"column":31}},"47":{"start":{"line":109,"column":8},"end":{"line":119,"column":9}},"48":{"start":{"line":110,"column":63},"end":{"line":115,"column":25}},"49":{"start":{"line":117,"column":12},"end":{"line":117,"column":45}},"50":{"start":{"line":117,"column":28},"end":{"line":117,"column":45}},"51":{"start":{"line":118,"column":12},"end":{"line":118,"column":55}},"52":{"start":{"line":121,"column":8},"end":{"line":121,"column":46}},"53":{"start":{"line":123,"column":8},"end":{"line":123,"column":83}},"54":{"start":{"line":130,"column":23},"end":{"line":155,"column":1}},"55":{"start":{"line":131,"column":27},"end":{"line":131,"column":37}},"56":{"start":{"line":132,"column":4},"end":{"line":154,"column":5}},"57":{"start":{"line":133,"column":42},"end":{"line":137,"column":21}},"58":{"start":{"line":139,"column":8},"end":{"line":139,"column":31}},"59":{"start":{"line":139,"column":19},"end":{"line":139,"column":31}},"60":{"start":{"line":140,"column":8},"end":{"line":140,"column":85}},"61":{"start":{"line":140,"column":23},"end":{"line":140,"column":85}},"62":{"start":{"line":143,"column":8},"end":{"line":143,"column":70}},"63":{"start":{"line":144,"column":8},"end":{"line":147,"column":10}},"64":{"start":{"line":150,"column":8},"end":{"line":150,"column":47}},"65":{"start":{"line":153,"column":8},"end":{"line":153,"column":85}},"66":{"start":{"line":158,"column":0},"end":{"line":158,"column":92}}},"fnMap":{"0":{"name":"(anonymous_0)","decl":{"start":{"line":6,"column":20},"end":{"line":6,"column":21}},"loc":{"start":{"line":6,"column":40},"end":{"line":21,"column":1}},"line":6},"1":{"name":"(anonymous_1)","decl":{"start":{"line":24,"column":23},"end":{"line":24,"column":24}},"loc":{"start":{"line":24,"column":43},"end":{"line":46,"column":1}},"line":24},"2":{"name":"(anonymous_2)","decl":{"start":{"line":49,"column":20},"end":{"line":49,"column":21}},"loc":{"start":{"line":49,"column":40},"end":{"line":80,"column":1}},"line":49},"3":{"name":"(anonymous_3)","decl":{"start":{"line":83,"column":21},"end":{"line":83,"column":22}},"loc":{"start":{"line":83,"column":41},"end":{"line":125,"column":1}},"line":83},"4":{"name":"(anonymous_4)","decl":{"start":{"line":130,"column":23},"end":{"line":130,"column":24}},"loc":{"start":{"line":130,"column":43},"end":{"line":155,"column":1}},"line":130}},"branchMap":{"0":{"loc":{"start":{"line":16,"column":8},"end":{"line":16,"column":31}},"type":"if","locations":[{"start":{"line":16,"column":8},"end":{"line":16,"column":31}},{"start":{},"end":{}}],"line":16},"1":{"loc":{"start":{"line":35,"column":24},"end":{"line":35,"column":61}},"type":"binary-expr","locations":[{"start":{"line":35,"column":24},"end":{"line":35,"column":30}},{"start":{"line":35,"column":34},"end":{"line":35,"column":61}}],"line":35},"2":{"loc":{"start":{"line":41,"column":8},"end":{"line":41,"column":31}},"type":"if","locations":[{"start":{"line":41,"column":8},"end":{"line":41,"column":31}},{"start":{},"end":{}}],"line":41},"3":{"loc":{"start":{"line":60,"column":8},"end":{"line":60,"column":41}},"type":"if","locations":[{"start":{"line":60,"column":8},"end":{"line":60,"column":41}},{"start":{},"end":{}}],"line":60},"4":{"loc":{"start":{"line":62,"column":38},"end":{"line":62,"column":62}},"type":"binary-expr","locations":[{"start":{"line":62,"column":38},"end":{"line":62,"column":56}},{"start":{"line":62,"column":60},"end":{"line":62,"column":62}}],"line":62},"5":{"loc":{"start":{"line":75,"column":8},"end":{"line":75,"column":31}},"type":"if","locations":[{"start":{"line":75,"column":8},"end":{"line":75,"column":31}},{"start":{},"end":{}}],"line":75},"6":{"loc":{"start":{"line":89,"column":8},"end":{"line":97,"column":9}},"type":"if","locations":[{"start":{"line":89,"column":8},"end":{"line":97,"column":9}},{"start":{"line":92,"column":15},"end":{"line":97,"column":9}}],"line":89},"7":{"loc":{"start":{"line":92,"column":15},"end":{"line":97,"column":9}},"type":"if","locations":[{"start":{"line":92,"column":15},"end":{"line":97,"column":9}},{"start":{"line":95,"column":15},"end":{"line":97,"column":9}}],"line":92},"8":{"loc":{"start":{"line":106,"column":8},"end":{"line":106,"column":31}},"type":"if","locations":[{"start":{"line":106,"column":8},"end":{"line":106,"column":31}},{"start":{},"end":{}}],"line":106},"9":{"loc":{"start":{"line":109,"column":8},"end":{"line":119,"column":9}},"type":"if","locations":[{"start":{"line":109,"column":8},"end":{"line":119,"column":9}},{"start":{},"end":{}}],"line":109},"10":{"loc":{"start":{"line":109,"column":12},"end":{"line":109,"column":81}},"type":"binary-expr","locations":[{"start":{"line":109,"column":12},"end":{"line":109,"column":45}},{"start":{"line":109,"column":49},"end":{"line":109,"column":81}}],"line":109},"11":{"loc":{"start":{"line":117,"column":12},"end":{"line":117,"column":45}},"type":"if","locations":[{"start":{"line":117,"column":12},"end":{"line":117,"column":45}},{"start":{},"end":{}}],"line":117},"12":{"loc":{"start":{"line":139,"column":8},"end":{"line":139,"column":31}},"type":"if","locations":[{"start":{"line":139,"column":8},"end":{"line":139,"column":31}},{"start":{},"end":{}}],"line":139},"13":{"loc":{"start":{"line":140,"column":8},"end":{"line":140,"column":85}},"type":"if","locations":[{"start":{"line":140,"column":8},"end":{"line":140,"column":85}},{"start":{},"end":{}}],"line":140}},"s":{"0":1,"1":1,"2":2,"3":2,"4":2,"5":2,"6":0,"7":2,"8":0,"9":1,"10":1,"11":1,"12":1,"13":1,"14":1,"15":1,"16":0,"17":1,"18":0,"19":1,"20":1,"21":1,"22":1,"23":1,"24":1,"25":0,"26":1,"27":1,"28":1,"29":0,"30":1,"31":0,"32":1,"33":3,"34":3,"35":3,"36":3,"37":3,"38":1,"39":1,"40":2,"41":1,"42":1,"43":1,"44":2,"45":2,"46":0,"47":2,"48":1,"49":1,"50":0,"51":1,"52":1,"53":0,"54":1,"55":2,"56":2,"57":2,"58":2,"59":0,"60":2,"61":1,"62":1,"63":1,"64":1,"65":0,"66":1},"f":{"0":2,"1":1,"2":1,"3":3,"4":2},"b":{"0":[0,2],"1":[1,1],"2":[0,1],"3":[0,1],"4":[1,0],"5":[0,1],"6":[1,2],"7":[1,1],"8":[0,2],"9":[1,1],"10":[2,2],"11":[0,1],"12":[0,2],"13":[1,1]},"_coverageSchema":"1a1c01bbd47fc00a2c39e90264f33305004495a9","hash":"1bc389bd23e08259344341cbd647b0ff5d84a6e9"}
,"C:\\Users\\raees\\Documents\\SDP 3\\QUANTIX\\Backend\\src\\Controllers\\deleteEvent.controller.js": {"path":"C:\\Users\\raees\\Documents\\SDP 3\\QUANTIX\\Backend\\src\\Controllers\\deleteEvent.controller.js","statementMap":{"0":{"start":{"line":1,"column":17},"end":{"line":1,"column":46}},"1":{"start":{"line":3,"column":21},"end":{"line":57,"column":1}},"2":{"start":{"line":4,"column":2},"end":{"line":56,"column":3}},"3":{"start":{"line":5,"column":25},"end":{"line":5,"column":35}},"4":{"start":{"line":7,"column":4},"end":{"line":10,"column":5}},"5":{"start":{"line":8,"column":6},"end":{"line":8,"column":42}},"6":{"start":{"line":9,"column":6},"end":{"line":9,"column":69}},"7":{"start":{"line":13,"column":54},"end":{"line":17,"column":15}},"8":{"start":{"line":19,"column":4},"end":{"line":24,"column":5}},"9":{"start":{"line":20,"column":6},"end":{"line":20,"column":55}},"10":{"start":{"line":21,"column":6},"end":{"line":23,"column":72}},"11":{"start":{"line":26,"column":4},"end":{"line":29,"column":5}},"12":{"start":{"line":27,"column":6},"end":{"line":27,"column":49}},"13":{"start":{"line":28,"column":6},"end":{"line":28,"column":64}},"14":{"start":{"line":32,"column":35},"end":{"line":35,"column":31}},"15":{"start":{"line":37,"column":4},"end":{"line":43,"column":5}},"16":{"start":{"line":38,"column":6},"end":{"line":38,"column":60}},"17":{"start":{"line":39,"column":6},"end":{"line":42,"column":9}},"18":{"start":{"line":45,"column":4},"end":{"line":45,"column":47}},"19":{"start":{"line":46,"column":4},"end":{"line":49,"column":7}},"20":{"start":{"line":51,"column":4},"end":{"line":51,"column":54}},"21":{"start":{"line":52,"column":4},"end":{"line":52,"column":50}},"22":{"start":{"line":53,"column":4},"end":{"line":55,"column":70}},"23":{"start":{"line":59,"column":0},"end":{"line":59,"column":34}}},"fnMap":{"0":{"name":"(anonymous_0)","decl":{"start":{"line":3,"column":21},"end":{"line":3,"column":22}},"loc":{"start":{"line":3,"column":41},"end":{"line":57,"column":1}},"line":3}},"branchMap":{"0":{"loc":{"start":{"line":7,"column":4},"end":{"line":10,"column":5}},"type":"if","locations":[{"start":{"line":7,"column":4},"end":{"line":10,"column":5}},{"start":{},"end":{}}],"line":7},"1":{"loc":{"start":{"line":19,"column":4},"end":{"line":24,"column":5}},"type":"if","locations":[{"start":{"line":19,"column":4},"end":{"line":24,"column":5}},{"start":{},"end":{}}],"line":19},"2":{"loc":{"start":{"line":26,"column":4},"end":{"line":29,"column":5}},"type":"if","locations":[{"start":{"line":26,"column":4},"end":{"line":29,"column":5}},{"start":{},"end":{}}],"line":26},"3":{"loc":{"start":{"line":37,"column":4},"end":{"line":43,"column":5}},"type":"if","locations":[{"start":{"line":37,"column":4},"end":{"line":43,"column":5}},{"start":{},"end":{}}],"line":37}},"s":{"0":1,"1":1,"2":5,"3":5,"4":5,"5":1,"6":1,"7":4,"8":4,"9":1,"10":1,"11":3,"12":1,"13":1,"14":2,"15":2,"16":1,"17":1,"18":1,"19":1,"20":0,"21":0,"22":0,"23":1},"f":{"0":5},"b":{"0":[1,4],"1":[1,3],"2":[1,2],"3":[1,1]},"_coverageSchema":"1a1c01bbd47fc00a2c39e90264f33305004495a9","hash":"9bd5cb67f3072165e462c9a439ddb466a0ee1ef5"}
,"C:\\Users\\raees\\Documents\\SDP 3\\QUANTIX\\Backend\\src\\Controllers\\editEvent.controller.js": {"path":"C:\\Users\\raees\\Documents\\SDP 3\\QUANTIX\\Backend\\src\\Controllers\\editEvent.controller.js","statementMap":{"0":{"start":{"line":1,"column":17},"end":{"line":1,"column":46}},"1":{"start":{"line":3,"column":18},"end":{"line":48,"column":1}},"2":{"start":{"line":4,"column":2},"end":{"line":47,"column":3}},"3":{"start":{"line":5,"column":19},"end":{"line":5,"column":29}},"4":{"start":{"line":6,"column":53},"end":{"line":6,"column":61}},"5":{"start":{"line":8,"column":4},"end":{"line":8,"column":63}},"6":{"start":{"line":10,"column":25},"end":{"line":10,"column":35}},"7":{"start":{"line":13,"column":4},"end":{"line":17,"column":5}},"8":{"start":{"line":14,"column":6},"end":{"line":14,"column":50}},"9":{"start":{"line":15,"column":11},"end":{"line":17,"column":5}},"10":{"start":{"line":16,"column":6},"end":{"line":16,"column":42}},"11":{"start":{"line":19,"column":23},"end":{"line":23,"column":5}},"12":{"start":{"line":25,"column":4},"end":{"line":27,"column":5}},"13":{"start":{"line":26,"column":6},"end":{"line":26,"column":45}},"14":{"start":{"line":29,"column":4},"end":{"line":29,"column":50}},"15":{"start":{"line":31,"column":28},"end":{"line":36,"column":15}},"16":{"start":{"line":38,"column":4},"end":{"line":41,"column":5}},"17":{"start":{"line":39,"column":6},"end":{"line":39,"column":46}},"18":{"start":{"line":40,"column":6},"end":{"line":40,"column":60}},"19":{"start":{"line":43,"column":4},"end":{"line":43,"column":45}},"20":{"start":{"line":45,"column":4},"end":{"line":45,"column":56}},"21":{"start":{"line":46,"column":4},"end":{"line":46,"column":62}},"22":{"start":{"line":50,"column":0},"end":{"line":50,"column":31}}},"fnMap":{"0":{"name":"(anonymous_0)","decl":{"start":{"line":3,"column":18},"end":{"line":3,"column":19}},"loc":{"start":{"line":3,"column":38},"end":{"line":48,"column":1}},"line":3}},"branchMap":{"0":{"loc":{"start":{"line":13,"column":4},"end":{"line":17,"column":5}},"type":"if","locations":[{"start":{"line":13,"column":4},"end":{"line":17,"column":5}},{"start":{"line":15,"column":11},"end":{"line":17,"column":5}}],"line":13},"1":{"loc":{"start":{"line":13,"column":8},"end":{"line":13,"column":26}},"type":"binary-expr","locations":[{"start":{"line":13,"column":8},"end":{"line":13,"column":12}},{"start":{"line":13,"column":16},"end":{"line":13,"column":26}}],"line":13},"2":{"loc":{"start":{"line":15,"column":11},"end":{"line":17,"column":5}},"type":"if","locations":[{"start":{"line":15,"column":11},"end":{"line":17,"column":5}},{"start":{},"end":{}}],"line":15},"3":{"loc":{"start":{"line":15,"column":15},"end":{"line":15,"column":34}},"type":"binary-expr","locations":[{"start":{"line":15,"column":15},"end":{"line":15,"column":19}},{"start":{"line":15,"column":23},"end":{"line":15,"column":34}}],"line":15},"4":{"loc":{"start":{"line":25,"column":4},"end":{"line":27,"column":5}},"type":"if","locations":[{"start":{"line":25,"column":4},"end":{"line":27,"column":5}},{"start":{},"end":{}}],"line":25},"5":{"loc":{"start":{"line":38,"column":4},"end":{"line":41,"column":5}},"type":"if","locations":[{"start":{"line":38,"column":4},"end":{"line":41,"column":5}},{"start":{},"end":{}}],"line":38}},"s":{"0":1,"1":1,"2":5,"3":5,"4":5,"5":5,"6":5,"7":5,"8":1,"9":4,"10":1,"11":5,"12":5,"13":2,"14":5,"15":5,"16":4,"17":1,"18":1,"19":3,"20":1,"21":1,"22":1},"f":{"0":5},"b":{"0":[1,4],"1":[5,2],"2":[1,3],"3":[4,1],"4":[2,3],"5":[1,3]},"_coverageSchema":"1a1c01bbd47fc00a2c39e90264f33305004495a9","hash":"bc86ca7b374f8d8b61fa3b0a92b442b59bb50119"}
,"C:\\Users\\raees\\Documents\\SDP 3\\QUANTIX\\Backend\\src\\Controllers\\exportController.js": {"path":"C:\\Users\\raees\\Documents\\SDP 3\\QUANTIX\\Backend\\src\\Controllers\\exportController.js","statementMap":{"0":{"start":{"line":1,"column":17},"end":{"line":1,"column":46}},"1":{"start":{"line":2,"column":17},"end":{"line":2,"column":36}},"2":{"start":{"line":3,"column":22},"end":{"line":3,"column":46}},"3":{"start":{"line":5,"column":21},"end":{"line":5,"column":60}},"4":{"start":{"line":7,"column":0},"end":{"line":107,"column":2}},"5":{"start":{"line":8,"column":2},"end":{"line":106,"column":3}},"6":{"start":{"line":9,"column":24},"end":{"line":9,"column":34}},"7":{"start":{"line":12,"column":4},"end":{"line":17,"column":5}},"8":{"start":{"line":13,"column":20},"end":{"line":13,"column":67}},"9":{"start":{"line":14,"column":6},"end":{"line":16,"column":7}},"10":{"start":{"line":15,"column":8},"end":{"line":15,"column":75}},"11":{"start":{"line":20,"column":49},"end":{"line":23,"column":30}},"12":{"start":{"line":24,"column":4},"end":{"line":24,"column":39}},"13":{"start":{"line":24,"column":21},"end":{"line":24,"column":39}},"14":{"start":{"line":27,"column":61},"end":{"line":31,"column":31}},"15":{"start":{"line":32,"column":4},"end":{"line":32,"column":43}},"16":{"start":{"line":32,"column":23},"end":{"line":32,"column":43}},"17":{"start":{"line":34,"column":22},"end":{"line":34,"column":60}},"18":{"start":{"line":34,"column":48},"end":{"line":34,"column":59}},"19":{"start":{"line":36,"column":18},"end":{"line":36,"column":20}},"20":{"start":{"line":37,"column":4},"end":{"line":45,"column":5}},"21":{"start":{"line":39,"column":56},"end":{"line":42,"column":35}},"22":{"start":{"line":43,"column":6},"end":{"line":43,"column":43}},"23":{"start":{"line":43,"column":24},"end":{"line":43,"column":43}},"24":{"start":{"line":44,"column":6},"end":{"line":44,"column":27}},"25":{"start":{"line":48,"column":51},"end":{"line":52,"column":15}},"26":{"start":{"line":53,"column":4},"end":{"line":53,"column":37}},"27":{"start":{"line":53,"column":20},"end":{"line":53,"column":37}},"28":{"start":{"line":56,"column":23},"end":{"line":56,"column":54}},"29":{"start":{"line":57,"column":24},"end":{"line":57,"column":56}},"30":{"start":{"line":58,"column":22},"end":{"line":58,"column":56}},"31":{"start":{"line":60,"column":29},"end":{"line":65,"column":6}},"32":{"start":{"line":61,"column":6},"end":{"line":64,"column":9}},"33":{"start":{"line":62,"column":8},"end":{"line":62,"column":36}},"34":{"start":{"line":62,"column":17},"end":{"line":62,"column":36}},"35":{"start":{"line":63,"column":8},"end":{"line":63,"column":24}},"36":{"start":{"line":67,"column":30},"end":{"line":72,"column":6}},"37":{"start":{"line":68,"column":6},"end":{"line":71,"column":9}},"38":{"start":{"line":69,"column":8},"end":{"line":69,"column":36}},"39":{"start":{"line":69,"column":17},"end":{"line":69,"column":36}},"40":{"start":{"line":70,"column":8},"end":{"line":70,"column":24}},"41":{"start":{"line":74,"column":28},"end":{"line":80,"column":6}},"42":{"start":{"line":75,"column":25},"end":{"line":75,"column":53}},"43":{"start":{"line":76,"column":6},"end":{"line":79,"column":9}},"44":{"start":{"line":77,"column":8},"end":{"line":77,"column":36}},"45":{"start":{"line":77,"column":17},"end":{"line":77,"column":36}},"46":{"start":{"line":78,"column":8},"end":{"line":78,"column":24}},"47":{"start":{"line":82,"column":46},"end":{"line":86,"column":6}},"48":{"start":{"line":89,"column":20},"end":{"line":89,"column":59}},"49":{"start":{"line":90,"column":4},"end":{"line":90,"column":53}},"50":{"start":{"line":91,"column":4},"end":{"line":91,"column":93}},"51":{"start":{"line":92,"column":4},"end":{"line":92,"column":22}},"52":{"start":{"line":95,"column":4},"end":{"line":95,"column":63}},"53":{"start":{"line":96,"column":4},"end":{"line":96,"column":65}},"54":{"start":{"line":97,"column":4},"end":{"line":97,"column":54}},"55":{"start":{"line":98,"column":4},"end":{"line":98,"column":61}},"56":{"start":{"line":99,"column":4},"end":{"line":99,"column":63}},"57":{"start":{"line":100,"column":4},"end":{"line":100,"column":52}},"58":{"start":{"line":102,"column":4},"end":{"line":102,"column":29}},"59":{"start":{"line":104,"column":4},"end":{"line":104,"column":56}},"60":{"start":{"line":105,"column":4},"end":{"line":105,"column":57}}},"fnMap":{"0":{"name":"(anonymous_0)","decl":{"start":{"line":7,"column":26},"end":{"line":7,"column":27}},"loc":{"start":{"line":7,"column":46},"end":{"line":107,"column":1}},"line":7},"1":{"name":"(anonymous_1)","decl":{"start":{"line":34,"column":43},"end":{"line":34,"column":44}},"loc":{"start":{"line":34,"column":48},"end":{"line":34,"column":59}},"line":34},"2":{"name":"(anonymous_2)","decl":{"start":{"line":60,"column":41},"end":{"line":60,"column":42}},"loc":{"start":{"line":60,"column":62},"end":{"line":65,"column":5}},"line":60},"3":{"name":"(anonymous_3)","decl":{"start":{"line":61,"column":42},"end":{"line":61,"column":43}},"loc":{"start":{"line":61,"column":59},"end":{"line":64,"column":7}},"line":61},"4":{"name":"(anonymous_4)","decl":{"start":{"line":67,"column":42},"end":{"line":67,"column":43}},"loc":{"start":{"line":67,"column":63},"end":{"line":72,"column":5}},"line":67},"5":{"name":"(anonymous_5)","decl":{"start":{"line":68,"column":43},"end":{"line":68,"column":44}},"loc":{"start":{"line":68,"column":60},"end":{"line":71,"column":7}},"line":68},"6":{"name":"(anonymous_6)","decl":{"start":{"line":74,"column":40},"end":{"line":74,"column":41}},"loc":{"start":{"line":74,"column":61},"end":{"line":80,"column":5}},"line":74},"7":{"name":"(anonymous_7)","decl":{"start":{"line":76,"column":46},"end":{"line":76,"column":47}},"loc":{"start":{"line":76,"column":63},"end":{"line":79,"column":7}},"line":76}},"branchMap":{"0":{"loc":{"start":{"line":5,"column":21},"end":{"line":5,"column":60}},"type":"binary-expr","locations":[{"start":{"line":5,"column":21},"end":{"line":5,"column":52}},{"start":{"line":5,"column":56},"end":{"line":5,"column":60}}],"line":5},"1":{"loc":{"start":{"line":12,"column":4},"end":{"line":17,"column":5}},"type":"if","locations":[{"start":{"line":12,"column":4},"end":{"line":17,"column":5}},{"start":{},"end":{}}],"line":12},"2":{"loc":{"start":{"line":13,"column":20},"end":{"line":13,"column":67}},"type":"binary-expr","locations":[{"start":{"line":13,"column":20},"end":{"line":13,"column":48}},{"start":{"line":13,"column":52},"end":{"line":13,"column":67}}],"line":13},"3":{"loc":{"start":{"line":14,"column":6},"end":{"line":16,"column":7}},"type":"if","locations":[{"start":{"line":14,"column":6},"end":{"line":16,"column":7}},{"start":{},"end":{}}],"line":14},"4":{"loc":{"start":{"line":14,"column":10},"end":{"line":14,"column":42}},"type":"binary-expr","locations":[{"start":{"line":14,"column":10},"end":{"line":14,"column":16}},{"start":{"line":14,"column":20},"end":{"line":14,"column":42}}],"line":14},"5":{"loc":{"start":{"line":24,"column":4},"end":{"line":24,"column":39}},"type":"if","locations":[{"start":{"line":24,"column":4},"end":{"line":24,"column":39}},{"start":{},"end":{}}],"line":24},"6":{"loc":{"start":{"line":32,"column":4},"end":{"line":32,"column":43}},"type":"if","locations":[{"start":{"line":32,"column":4},"end":{"line":32,"column":43}},{"start":{},"end":{}}],"line":32},"7":{"loc":{"start":{"line":37,"column":4},"end":{"line":45,"column":5}},"type":"if","locations":[{"start":{"line":37,"column":4},"end":{"line":45,"column":5}},{"start":{},"end":{}}],"line":37},"8":{"loc":{"start":{"line":43,"column":6},"end":{"line":43,"column":43}},"type":"if","locations":[{"start":{"line":43,"column":6},"end":{"line":43,"column":43}},{"start":{},"end":{}}],"line":43},"9":{"loc":{"start":{"line":53,"column":4},"end":{"line":53,"column":37}},"type":"if","locations":[{"start":{"line":53,"column":4},"end":{"line":53,"column":37}},{"start":{},"end":{}}],"line":53},"10":{"loc":{"start":{"line":62,"column":8},"end":{"line":62,"column":36}},"type":"if","locations":[{"start":{"line":62,"column":8},"end":{"line":62,"column":36}},{"start":{},"end":{}}],"line":62},"11":{"loc":{"start":{"line":69,"column":8},"end":{"line":69,"column":36}},"type":"if","locations":[{"start":{"line":69,"column":8},"end":{"line":69,"column":36}},{"start":{},"end":{}}],"line":69},"12":{"loc":{"start":{"line":75,"column":25},"end":{"line":75,"column":53}},"type":"cond-expr","locations":[{"start":{"line":75,"column":37},"end":{"line":75,"column":48}},{"start":{"line":75,"column":51},"end":{"line":75,"column":53}}],"line":75},"13":{"loc":{"start":{"line":77,"column":8},"end":{"line":77,"column":36}},"type":"if","locations":[{"start":{"line":77,"column":8},"end":{"line":77,"column":36}},{"start":{},"end":{}}],"line":77}},"s":{"0":1,"1":1,"2":1,"3":1,"4":1,"5":6,"6":6,"7":6,"8":0,"9":0,"10":0,"11":6,"12":6,"13":1,"14":5,"15":5,"16":0,"17":5,"18":5,"19":5,"20":5,"21":5,"22":5,"23":0,"24":5,"25":5,"26":5,"27":0,"28":5,"29":5,"30":5,"31":5,"32":5,"33":5,"34":1,"35":4,"36":5,"37":5,"38":5,"39":1,"40":4,"41":5,"42":5,"43":5,"44":5,"45":1,"46":4,"47":5,"48":4,"49":4,"50":4,"51":4,"52":4,"53":4,"54":4,"55":4,"56":4,"57":4,"58":4,"59":2,"60":2},"f":{"0":6,"1":5,"2":5,"3":5,"4":5,"5":5,"6":5,"7":5},"b":{"0":[1,1],"1":[0,6],"2":[0,0],"3":[0,0],"4":[0,0],"5":[1,5],"6":[0,5],"7":[5,0],"8":[0,5],"9":[0,5],"10":[1,4],"11":[1,4],"12":[5,0],"13":[1,4]},"_coverageSchema":"1a1c01bbd47fc00a2c39e90264f33305004495a9","hash":"f8f8d0658bbc1d90c488dc796e56d927ec600432"}
,"C:\\Users\\raees\\Documents\\SDP 3\\QUANTIX\\Backend\\src\\Controllers\\getEvent.controller.js": {"path":"C:\\Users\\raees\\Documents\\SDP 3\\QUANTIX\\Backend\\src\\Controllers\\getEvent.controller.js","statementMap":{"0":{"start":{"line":1,"column":17},"end":{"line":1,"column":46}},"1":{"start":{"line":3,"column":18},"end":{"line":24,"column":1}},"2":{"start":{"line":4,"column":2},"end":{"line":23,"column":3}},"3":{"start":{"line":5,"column":27},"end":{"line":5,"column":36}},"4":{"start":{"line":7,"column":4},"end":{"line":9,"column":5}},"5":{"start":{"line":8,"column":6},"end":{"line":8,"column":71}},"6":{"start":{"line":11,"column":28},"end":{"line":15,"column":47}},"7":{"start":{"line":17,"column":4},"end":{"line":17,"column":27}},"8":{"start":{"line":17,"column":15},"end":{"line":17,"column":27}},"9":{"start":{"line":19,"column":4},"end":{"line":19,"column":31}},"10":{"start":{"line":21,"column":4},"end":{"line":21,"column":57}},"11":{"start":{"line":22,"column":4},"end":{"line":22,"column":62}},"12":{"start":{"line":26,"column":21},"end":{"line":47,"column":1}},"13":{"start":{"line":27,"column":2},"end":{"line":46,"column":3}},"14":{"start":{"line":28,"column":25},"end":{"line":28,"column":35}},"15":{"start":{"line":29,"column":4},"end":{"line":30,"column":69}},"16":{"start":{"line":30,"column":6},"end":{"line":30,"column":69}},"17":{"start":{"line":32,"column":28},"end":{"line":36,"column":15}},"18":{"start":{"line":38,"column":4},"end":{"line":40,"column":5}},"19":{"start":{"line":39,"column":6},"end":{"line":39,"column":64}},"20":{"start":{"line":42,"column":4},"end":{"line":42,"column":31}},"21":{"start":{"line":44,"column":4},"end":{"line":44,"column":62}},"22":{"start":{"line":45,"column":4},"end":{"line":45,"column":61}},"23":{"start":{"line":49,"column":0},"end":{"line":49,"column":45}}},"fnMap":{"0":{"name":"(anonymous_0)","decl":{"start":{"line":3,"column":18},"end":{"line":3,"column":19}},"loc":{"start":{"line":3,"column":38},"end":{"line":24,"column":1}},"line":3},"1":{"name":"(anonymous_1)","decl":{"start":{"line":26,"column":21},"end":{"line":26,"column":22}},"loc":{"start":{"line":26,"column":41},"end":{"line":47,"column":1}},"line":26}},"branchMap":{"0":{"loc":{"start":{"line":7,"column":4},"end":{"line":9,"column":5}},"type":"if","locations":[{"start":{"line":7,"column":4},"end":{"line":9,"column":5}},{"start":{},"end":{}}],"line":7},"1":{"loc":{"start":{"line":17,"column":4},"end":{"line":17,"column":27}},"type":"if","locations":[{"start":{"line":17,"column":4},"end":{"line":17,"column":27}},{"start":{},"end":{}}],"line":17},"2":{"loc":{"start":{"line":29,"column":4},"end":{"line":30,"column":69}},"type":"if","locations":[{"start":{"line":29,"column":4},"end":{"line":30,"column":69}},{"start":{},"end":{}}],"line":29},"3":{"loc":{"start":{"line":38,"column":4},"end":{"line":40,"column":5}},"type":"if","locations":[{"start":{"line":38,"column":4},"end":{"line":40,"column":5}},{"start":{},"end":{}}],"line":38},"4":{"loc":{"start":{"line":38,"column":8},"end":{"line":38,"column":22}},"type":"binary-expr","locations":[{"start":{"line":38,"column":8},"end":{"line":38,"column":13}},{"start":{"line":38,"column":17},"end":{"line":38,"column":22}}],"line":38}},"s":{"0":1,"1":1,"2":3,"3":3,"4":3,"5":1,"6":2,"7":1,"8":0,"9":1,"10":1,"11":1,"12":1,"13":3,"14":3,"15":3,"16":0,"17":3,"18":2,"19":1,"20":1,"21":1,"22":1,"23":1},"f":{"0":3,"1":3},"b":{"0":[1,2],"1":[0,1],"2":[0,3],"3":[1,1],"4":[2,2]},"_coverageSchema":"1a1c01bbd47fc00a2c39e90264f33305004495a9","hash":"5b9c4a258491b5c45b5f696ea17f1270c0436719"}
,"C:\\Users\\raees\\Documents\\SDP 3\\QUANTIX\\Backend\\src\\Controllers\\newEvent.controller.js": {"path":"C:\\Users\\raees\\Documents\\SDP 3\\QUANTIX\\Backend\\src\\Controllers\\newEvent.controller.js","statementMap":{"0":{"start":{"line":1,"column":17},"end":{"line":1,"column":46}},"1":{"start":{"line":3,"column":20},"end":{"line":117,"column":1}},"2":{"start":{"line":4,"column":2},"end":{"line":116,"column":3}},"3":{"start":{"line":14,"column":8},"end":{"line":14,"column":16}},"4":{"start":{"line":16,"column":4},"end":{"line":18,"column":5}},"5":{"start":{"line":17,"column":6},"end":{"line":17,"column":72}},"6":{"start":{"line":21,"column":51},"end":{"line":25,"column":15}},"7":{"start":{"line":27,"column":4},"end":{"line":29,"column":5}},"8":{"start":{"line":28,"column":6},"end":{"line":28,"column":71}},"9":{"start":{"line":32,"column":51},"end":{"line":46,"column":15}},"10":{"start":{"line":48,"column":4},"end":{"line":51,"column":5}},"11":{"start":{"line":49,"column":6},"end":{"line":49,"column":55}},"12":{"start":{"line":50,"column":6},"end":{"line":50,"column":65}},"13":{"start":{"line":54,"column":4},"end":{"line":57,"column":5}},"14":{"start":{"line":55,"column":8},"end":{"line":55,"column":61}},"15":{"start":{"line":56,"column":8},"end":{"line":56,"column":86}},"16":{"start":{"line":59,"column":20},"end":{"line":59,"column":38}},"17":{"start":{"line":63,"column":4},"end":{"line":84,"column":5}},"18":{"start":{"line":66,"column":33},"end":{"line":72,"column":11}},"19":{"start":{"line":66,"column":73},"end":{"line":72,"column":9}},"20":{"start":{"line":75,"column":46},"end":{"line":77,"column":37}},"21":{"start":{"line":79,"column":8},"end":{"line":83,"column":9}},"22":{"start":{"line":80,"column":12},"end":{"line":80,"column":84}},"23":{"start":{"line":92,"column":4},"end":{"line":108,"column":5}},"24":{"start":{"line":93,"column":30},"end":{"line":98,"column":11}},"25":{"start":{"line":93,"column":52},"end":{"line":98,"column":9}},"26":{"start":{"line":100,"column":37},"end":{"line":102,"column":34}},"27":{"start":{"line":104,"column":8},"end":{"line":107,"column":9}},"28":{"start":{"line":105,"column":12},"end":{"line":105,"column":65}},"29":{"start":{"line":111,"column":4},"end":{"line":111,"column":54}},"30":{"start":{"line":114,"column":4},"end":{"line":114,"column":46}},"31":{"start":{"line":115,"column":4},"end":{"line":115,"column":69}},"32":{"start":{"line":119,"column":0},"end":{"line":119,"column":33}}},"fnMap":{"0":{"name":"(anonymous_0)","decl":{"start":{"line":3,"column":20},"end":{"line":3,"column":21}},"loc":{"start":{"line":3,"column":40},"end":{"line":117,"column":1}},"line":3},"1":{"name":"(anonymous_1)","decl":{"start":{"line":66,"column":53},"end":{"line":66,"column":54}},"loc":{"start":{"line":66,"column":73},"end":{"line":72,"column":9}},"line":66},"2":{"name":"(anonymous_2)","decl":{"start":{"line":93,"column":44},"end":{"line":93,"column":45}},"loc":{"start":{"line":93,"column":52},"end":{"line":98,"column":9}},"line":93}},"branchMap":{"0":{"loc":{"start":{"line":11,"column":6},"end":{"line":11,"column":26}},"type":"default-arg","locations":[{"start":{"line":11,"column":24},"end":{"line":11,"column":26}}],"line":11},"1":{"loc":{"start":{"line":12,"column":6},"end":{"line":12,"column":20}},"type":"default-arg","locations":[{"start":{"line":12,"column":18},"end":{"line":12,"column":20}}],"line":12},"2":{"loc":{"start":{"line":16,"column":4},"end":{"line":18,"column":5}},"type":"if","locations":[{"start":{"line":16,"column":4},"end":{"line":18,"column":5}},{"start":{},"end":{}}],"line":16},"3":{"loc":{"start":{"line":16,"column":8},"end":{"line":16,"column":43}},"type":"binary-expr","locations":[{"start":{"line":16,"column":8},"end":{"line":16,"column":13}},{"start":{"line":16,"column":17},"end":{"line":16,"column":28}},{"start":{"line":16,"column":32},"end":{"line":16,"column":43}}],"line":16},"4":{"loc":{"start":{"line":27,"column":4},"end":{"line":29,"column":5}},"type":"if","locations":[{"start":{"line":27,"column":4},"end":{"line":29,"column":5}},{"start":{},"end":{}}],"line":27},"5":{"loc":{"start":{"line":27,"column":8},"end":{"line":27,"column":32}},"type":"binary-expr","locations":[{"start":{"line":27,"column":8},"end":{"line":27,"column":20}},{"start":{"line":27,"column":24},"end":{"line":27,"column":32}}],"line":27},"6":{"loc":{"start":{"line":36,"column":15},"end":{"line":36,"column":28}},"type":"binary-expr","locations":[{"start":{"line":36,"column":15},"end":{"line":36,"column":20}},{"start":{"line":36,"column":24},"end":{"line":36,"column":28}}],"line":36},"7":{"loc":{"start":{"line":38,"column":18},"end":{"line":38,"column":34}},"type":"binary-expr","locations":[{"start":{"line":38,"column":18},"end":{"line":38,"column":26}},{"start":{"line":38,"column":30},"end":{"line":38,"column":34}}],"line":38},"8":{"loc":{"start":{"line":39,"column":15},"end":{"line":39,"column":28}},"type":"binary-expr","locations":[{"start":{"line":39,"column":15},"end":{"line":39,"column":20}},{"start":{"line":39,"column":24},"end":{"line":39,"column":28}}],"line":39},"9":{"loc":{"start":{"line":48,"column":4},"end":{"line":51,"column":5}},"type":"if","locations":[{"start":{"line":48,"column":4},"end":{"line":51,"column":5}},{"start":{},"end":{}}],"line":48},"10":{"loc":{"start":{"line":54,"column":4},"end":{"line":57,"column":5}},"type":"if","locations":[{"start":{"line":54,"column":4},"end":{"line":57,"column":5}},{"start":{},"end":{}}],"line":54},"11":{"loc":{"start":{"line":63,"column":4},"end":{"line":84,"column":5}},"type":"if","locations":[{"start":{"line":63,"column":4},"end":{"line":84,"column":5}},{"start":{},"end":{}}],"line":63},"12":{"loc":{"start":{"line":63,"column":8},"end":{"line":63,"column":53}},"type":"binary-expr","locations":[{"start":{"line":63,"column":8},"end":{"line":63,"column":23}},{"start":{"line":63,"column":27},"end":{"line":63,"column":53}}],"line":63},"13":{"loc":{"start":{"line":79,"column":8},"end":{"line":83,"column":9}},"type":"if","locations":[{"start":{"line":79,"column":8},"end":{"line":83,"column":9}},{"start":{},"end":{}}],"line":79},"14":{"loc":{"start":{"line":92,"column":4},"end":{"line":108,"column":5}},"type":"if","locations":[{"start":{"line":92,"column":4},"end":{"line":108,"column":5}},{"start":{},"end":{}}],"line":92},"15":{"loc":{"start":{"line":92,"column":8},"end":{"line":92,"column":41}},"type":"binary-expr","locations":[{"start":{"line":92,"column":8},"end":{"line":92,"column":17}},{"start":{"line":92,"column":21},"end":{"line":92,"column":41}}],"line":92},"16":{"loc":{"start":{"line":104,"column":8},"end":{"line":107,"column":9}},"type":"if","locations":[{"start":{"line":104,"column":8},"end":{"line":107,"column":9}},{"start":{},"end":{}}],"line":104}},"s":{"0":1,"1":1,"2":4,"3":4,"4":4,"5":1,"6":3,"7":3,"8":1,"9":2,"10":2,"11":1,"12":1,"13":1,"14":0,"15":0,"16":1,"17":1,"18":1,"19":1,"20":1,"21":1,"22":0,"23":1,"24":1,"25":1,"26":1,"27":1,"28":0,"29":1,"30":0,"31":0,"32":1},"f":{"0":4,"1":1,"2":1},"b":{"0":[3],"1":[3],"2":[1,3],"3":[4,3,3],"4":[1,2],"5":[3,3],"6":[2,2],"7":[2,2],"8":[2,2],"9":[1,1],"10":[0,1],"11":[1,0],"12":[1,1],"13":[0,1],"14":[1,0],"15":[1,1],"16":[0,1]},"_coverageSchema":"1a1c01bbd47fc00a2c39e90264f33305004495a9","hash":"20615b61b9fdca6959caa74c1fa7131dbe3c8ce4"}
,"C:\\Users\\raees\\Documents\\SDP 3\\QUANTIX\\Backend\\src\\Controllers\\planner.controller.js": {"path":"C:\\Users\\raees\\Documents\\SDP 3\\QUANTIX\\Backend\\src\\Controllers\\planner.controller.js","statementMap":{"0":{"start":{"line":1,"column":17},"end":{"line":1,"column":46}},"1":{"start":{"line":3,"column":23},"end":{"line":25,"column":1}},"2":{"start":{"line":4,"column":2},"end":{"line":24,"column":3}},"3":{"start":{"line":5,"column":19},"end":{"line":5,"column":29}},"4":{"start":{"line":6,"column":4},"end":{"line":6,"column":78}},"5":{"start":{"line":6,"column":13},"end":{"line":6,"column":78}},"6":{"start":{"line":8,"column":28},"end":{"line":12,"column":15}},"7":{"start":{"line":14,"column":4},"end":{"line":14,"column":27}},"8":{"start":{"line":14,"column":15},"end":{"line":14,"column":27}},"9":{"start":{"line":16,"column":4},"end":{"line":18,"column":5}},"10":{"start":{"line":17,"column":6},"end":{"line":17,"column":66}},"11":{"start":{"line":20,"column":4},"end":{"line":20,"column":31}},"12":{"start":{"line":22,"column":4},"end":{"line":22,"column":58}},"13":{"start":{"line":23,"column":4},"end":{"line":23,"column":63}},"14":{"start":{"line":27,"column":0},"end":{"line":27,"column":36}}},"fnMap":{"0":{"name":"(anonymous_0)","decl":{"start":{"line":3,"column":23},"end":{"line":3,"column":24}},"loc":{"start":{"line":3,"column":43},"end":{"line":25,"column":1}},"line":3}},"branchMap":{"0":{"loc":{"start":{"line":6,"column":4},"end":{"line":6,"column":78}},"type":"if","locations":[{"start":{"line":6,"column":4},"end":{"line":6,"column":78}},{"start":{},"end":{}}],"line":6},"1":{"loc":{"start":{"line":14,"column":4},"end":{"line":14,"column":27}},"type":"if","locations":[{"start":{"line":14,"column":4},"end":{"line":14,"column":27}},{"start":{},"end":{}}],"line":14},"2":{"loc":{"start":{"line":16,"column":4},"end":{"line":18,"column":5}},"type":"if","locations":[{"start":{"line":16,"column":4},"end":{"line":18,"column":5}},{"start":{},"end":{}}],"line":16}},"s":{"0":1,"1":1,"2":4,"3":4,"4":4,"5":1,"6":3,"7":2,"8":0,"9":2,"10":1,"11":1,"12":1,"13":1,"14":1},"f":{"0":4},"b":{"0":[1,3],"1":[0,2],"2":[1,1]},"_coverageSchema":"1a1c01bbd47fc00a2c39e90264f33305004495a9","hash":"e71170addde7e5aa6b6ebebfea0cd8cefe677138"}
,"C:\\Users\\raees\\Documents\\SDP 3\\QUANTIX\\Backend\\src\\Controllers\\schedule.controller.js": {"path":"C:\\Users\\raees\\Documents\\SDP 3\\QUANTIX\\Backend\\src\\Controllers\\schedule.controller.js","statementMap":{"0":{"start":{"line":1,"column":17},"end":{"line":1,"column":46}},"1":{"start":{"line":3,"column":20},"end":{"line":32,"column":1}},"2":{"start":{"line":4,"column":2},"end":{"line":31,"column":3}},"3":{"start":{"line":5,"column":25},"end":{"line":5,"column":35}},"4":{"start":{"line":6,"column":4},"end":{"line":6,"column":82}},"5":{"start":{"line":6,"column":19},"end":{"line":6,"column":82}},"6":{"start":{"line":8,"column":28},"end":{"line":12,"column":45}},"7":{"start":{"line":14,"column":4},"end":{"line":14,"column":69}},"8":{"start":{"line":14,"column":15},"end":{"line":14,"column":69}},"9":{"start":{"line":16,"column":21},"end":{"line":26,"column":7}},"10":{"start":{"line":16,"column":48},"end":{"line":26,"column":5}},"11":{"start":{"line":28,"column":4},"end":{"line":28,"column":39}},"12":{"start":{"line":30,"column":4},"end":{"line":30,"column":64}},"13":{"start":{"line":34,"column":24},"end":{"line":67,"column":1}},"14":{"start":{"line":35,"column":2},"end":{"line":66,"column":3}},"15":{"start":{"line":36,"column":25},"end":{"line":36,"column":35}},"16":{"start":{"line":37,"column":25},"end":{"line":37,"column":33}},"17":{"start":{"line":38,"column":4},"end":{"line":38,"column":82}},"18":{"start":{"line":38,"column":19},"end":{"line":38,"column":82}},"19":{"start":{"line":39,"column":4},"end":{"line":39,"column":102}},"20":{"start":{"line":39,"column":34},"end":{"line":39,"column":102}},"21":{"start":{"line":41,"column":30},"end":{"line":44,"column":31}},"22":{"start":{"line":45,"column":4},"end":{"line":45,"column":71}},"23":{"start":{"line":45,"column":16},"end":{"line":45,"column":71}},"24":{"start":{"line":47,"column":17},"end":{"line":54,"column":7}},"25":{"start":{"line":47,"column":46},"end":{"line":54,"column":5}},"26":{"start":{"line":56,"column":4},"end":{"line":61,"column":5}},"27":{"start":{"line":57,"column":32},"end":{"line":59,"column":21}},"28":{"start":{"line":60,"column":6},"end":{"line":60,"column":73}},"29":{"start":{"line":60,"column":18},"end":{"line":60,"column":73}},"30":{"start":{"line":63,"column":4},"end":{"line":63,"column":44}},"31":{"start":{"line":65,"column":4},"end":{"line":65,"column":65}},"32":{"start":{"line":69,"column":0},"end":{"line":69,"column":50}}},"fnMap":{"0":{"name":"(anonymous_0)","decl":{"start":{"line":3,"column":20},"end":{"line":3,"column":21}},"loc":{"start":{"line":3,"column":40},"end":{"line":32,"column":1}},"line":3},"1":{"name":"(anonymous_1)","decl":{"start":{"line":16,"column":38},"end":{"line":16,"column":39}},"loc":{"start":{"line":16,"column":48},"end":{"line":26,"column":5}},"line":16},"2":{"name":"(anonymous_2)","decl":{"start":{"line":34,"column":24},"end":{"line":34,"column":25}},"loc":{"start":{"line":34,"column":44},"end":{"line":67,"column":1}},"line":34},"3":{"name":"(anonymous_3)","decl":{"start":{"line":47,"column":30},"end":{"line":47,"column":31}},"loc":{"start":{"line":47,"column":46},"end":{"line":54,"column":5}},"line":47}},"branchMap":{"0":{"loc":{"start":{"line":6,"column":4},"end":{"line":6,"column":82}},"type":"if","locations":[{"start":{"line":6,"column":4},"end":{"line":6,"column":82}},{"start":{},"end":{}}],"line":6},"1":{"loc":{"start":{"line":14,"column":4},"end":{"line":14,"column":69}},"type":"if","locations":[{"start":{"line":14,"column":4},"end":{"line":14,"column":69}},{"start":{},"end":{}}],"line":14},"2":{"loc":{"start":{"line":16,"column":22},"end":{"line":16,"column":32}},"type":"binary-expr","locations":[{"start":{"line":16,"column":22},"end":{"line":16,"column":26}},{"start":{"line":16,"column":30},"end":{"line":16,"column":32}}],"line":16},"3":{"loc":{"start":{"line":18,"column":16},"end":{"line":18,"column":31}},"type":"binary-expr","locations":[{"start":{"line":18,"column":16},"end":{"line":18,"column":25}},{"start":{"line":18,"column":29},"end":{"line":18,"column":31}}],"line":18},"4":{"loc":{"start":{"line":19,"column":19},"end":{"line":19,"column":40}},"type":"binary-expr","locations":[{"start":{"line":19,"column":19},"end":{"line":19,"column":34}},{"start":{"line":19,"column":38},"end":{"line":19,"column":40}}],"line":19},"5":{"loc":{"start":{"line":20,"column":12},"end":{"line":22,"column":12}},"type":"cond-expr","locations":[{"start":{"line":21,"column":11},"end":{"line":21,"column":85}},{"start":{"line":22,"column":10},"end":{"line":22,"column":12}}],"line":20},"6":{"loc":{"start":{"line":21,"column":11},"end":{"line":21,"column":85}},"type":"cond-expr","locations":[{"start":{"line":21,"column":48},"end":{"line":21,"column":80}},{"start":{"line":21,"column":83},"end":{"line":21,"column":85}}],"line":21},"7":{"loc":{"start":{"line":38,"column":4},"end":{"line":38,"column":82}},"type":"if","locations":[{"start":{"line":38,"column":4},"end":{"line":38,"column":82}},{"start":{},"end":{}}],"line":38},"8":{"loc":{"start":{"line":39,"column":4},"end":{"line":39,"column":102}},"type":"if","locations":[{"start":{"line":39,"column":4},"end":{"line":39,"column":102}},{"start":{},"end":{}}],"line":39},"9":{"loc":{"start":{"line":45,"column":4},"end":{"line":45,"column":71}},"type":"if","locations":[{"start":{"line":45,"column":4},"end":{"line":45,"column":71}},{"start":{},"end":{}}],"line":45},"10":{"loc":{"start":{"line":49,"column":14},"end":{"line":49,"column":68}},"type":"binary-expr","locations":[{"start":{"line":49,"column":14},"end":{"line":49,"column":27}},{"start":{"line":49,"column":31},"end":{"line":49,"column":41}},{"start":{"line":49,"column":45},"end":{"line":49,"column":54}},{"start":{"line":49,"column":58},"end":{"line":49,"column":68}}],"line":49},"11":{"loc":{"start":{"line":50,"column":19},"end":{"line":50,"column":43}},"type":"binary-expr","locations":[{"start":{"line":50,"column":19},"end":{"line":50,"column":35}},{"start":{"line":50,"column":39},"end":{"line":50,"column":43}}],"line":50},"12":{"loc":{"start":{"line":51,"column":18},"end":{"line":51,"column":41}},"type":"binary-expr","locations":[{"start":{"line":51,"column":18},"end":{"line":51,"column":33}},{"start":{"line":51,"column":37},"end":{"line":51,"column":41}}],"line":51},"13":{"loc":{"start":{"line":52,"column":16},"end":{"line":52,"column":37}},"type":"binary-expr","locations":[{"start":{"line":52,"column":16},"end":{"line":52,"column":29}},{"start":{"line":52,"column":33},"end":{"line":52,"column":37}}],"line":52},"14":{"loc":{"start":{"line":53,"column":16},"end":{"line":53,"column":71}},"type":"cond-expr","locations":[{"start":{"line":53,"column":52},"end":{"line":53,"column":65}},{"start":{"line":53,"column":68},"end":{"line":53,"column":71}}],"line":53},"15":{"loc":{"start":{"line":56,"column":4},"end":{"line":61,"column":5}},"type":"if","locations":[{"start":{"line":56,"column":4},"end":{"line":61,"column":5}},{"start":{},"end":{}}],"line":56},"16":{"loc":{"start":{"line":60,"column":6},"end":{"line":60,"column":73}},"type":"if","locations":[{"start":{"line":60,"column":6},"end":{"line":60,"column":73}},{"start":{},"end":{}}],"line":60}},"s":{"0":1,"1":1,"2":3,"3":3,"4":3,"5":1,"6":2,"7":2,"8":1,"9":1,"10":2,"11":1,"12":0,"13":1,"14":5,"15":5,"16":5,"17":5,"18":0,"19":5,"20":1,"21":4,"22":4,"23":1,"24":3,"25":3,"26":3,"27":2,"28":2,"29":1,"30":2,"31":0,"32":1},"f":{"0":3,"1":2,"2":5,"3":3},"b":{"0":[1,2],"1":[1,1],"2":[1,0],"3":[2,0],"4":[2,0],"5":[2,0],"6":[2,0],"7":[0,5],"8":[1,4],"9":[1,3],"10":[3,0,0,0],"11":[3,3],"12":[3,3],"13":[3,3],"14":[2,1],"15":[2,1],"16":[1,1]},"_coverageSchema":"1a1c01bbd47fc00a2c39e90264f33305004495a9","hash":"5e2ab9fc80fc25aaa01810cc6dabfa555de44e4f"}
,"C:\\Users\\raees\\Documents\\SDP 3\\QUANTIX\\Backend\\src\\Controllers\\unsplash.controller.js": {"path":"C:\\Users\\raees\\Documents\\SDP 3\\QUANTIX\\Backend\\src\\Controllers\\unsplash.controller.js","statementMap":{"0":{"start":{"line":1,"column":14},"end":{"line":1,"column":30}},"1":{"start":{"line":3,"column":26},"end":{"line":3,"column":85}},"2":{"start":{"line":6,"column":2},"end":{"line":50,"column":3}},"3":{"start":{"line":7,"column":4},"end":{"line":11,"column":5}},"4":{"start":{"line":8,"column":6},"end":{"line":10,"column":9}},"5":{"start":{"line":12,"column":18},"end":{"line":12,"column":29}},"6":{"start":{"line":13,"column":17},"end":{"line":13,"column":52}},"7":{"start":{"line":14,"column":20},"end":{"line":14,"column":74}},"8":{"start":{"line":16,"column":4},"end":{"line":18,"column":5}},"9":{"start":{"line":17,"column":6},"end":{"line":17,"column":85}},"10":{"start":{"line":20,"column":21},"end":{"line":26,"column":6}},"11":{"start":{"line":29,"column":20},"end":{"line":36,"column":7}},"12":{"start":{"line":29,"column":62},"end":{"line":36,"column":5}},"13":{"start":{"line":38,"column":4},"end":{"line":38,"column":94}},"14":{"start":{"line":40,"column":19},"end":{"line":40,"column":46}},"15":{"start":{"line":41,"column":21},"end":{"line":41,"column":39}},"16":{"start":{"line":42,"column":20},"end":{"line":42,"column":103}},"17":{"start":{"line":44,"column":4},"end":{"line":48,"column":7}},"18":{"start":{"line":49,"column":4},"end":{"line":49,"column":48}},"19":{"start":{"line":54,"column":2},"end":{"line":72,"column":3}},"20":{"start":{"line":55,"column":24},"end":{"line":55,"column":34}},"21":{"start":{"line":56,"column":4},"end":{"line":58,"column":5}},"22":{"start":{"line":57,"column":6},"end":{"line":57,"column":64}},"23":{"start":{"line":60,"column":21},"end":{"line":65,"column":6}},"24":{"start":{"line":67,"column":4},"end":{"line":67,"column":28}},"25":{"start":{"line":69,"column":19},"end":{"line":69,"column":46}},"26":{"start":{"line":70,"column":20},"end":{"line":70,"column":82}},"27":{"start":{"line":71,"column":4},"end":{"line":71,"column":37}},"28":{"start":{"line":75,"column":0},"end":{"line":75,"column":52}}},"fnMap":{"0":{"name":"searchPhotos","decl":{"start":{"line":5,"column":15},"end":{"line":5,"column":27}},"loc":{"start":{"line":5,"column":38},"end":{"line":51,"column":1}},"line":5},"1":{"name":"(anonymous_1)","decl":{"start":{"line":29,"column":54},"end":{"line":29,"column":55}},"loc":{"start":{"line":29,"column":62},"end":{"line":36,"column":5}},"line":29},"2":{"name":"registerDownload","decl":{"start":{"line":53,"column":15},"end":{"line":53,"column":31}},"loc":{"start":{"line":53,"column":42},"end":{"line":73,"column":1}},"line":53}},"branchMap":{"0":{"loc":{"start":{"line":3,"column":26},"end":{"line":3,"column":85}},"type":"binary-expr","locations":[{"start":{"line":3,"column":26},"end":{"line":3,"column":55}},{"start":{"line":3,"column":59},"end":{"line":3,"column":85}}],"line":3},"1":{"loc":{"start":{"line":7,"column":4},"end":{"line":11,"column":5}},"type":"if","locations":[{"start":{"line":7,"column":4},"end":{"line":11,"column":5}},{"start":{},"end":{}}],"line":7},"2":{"loc":{"start":{"line":13,"column":26},"end":{"line":13,"column":47}},"type":"binary-expr","locations":[{"start":{"line":13,"column":26},"end":{"line":13,"column":40}},{"start":{"line":13,"column":44},"end":{"line":13,"column":47}}],"line":13},"3":{"loc":{"start":{"line":14,"column":38},"end":{"line":14,"column":64}},"type":"binary-expr","locations":[{"start":{"line":14,"column":38},"end":{"line":14,"column":56}},{"start":{"line":14,"column":60},"end":{"line":14,"column":64}}],"line":14},"4":{"loc":{"start":{"line":16,"column":4},"end":{"line":18,"column":5}},"type":"if","locations":[{"start":{"line":16,"column":4},"end":{"line":18,"column":5}},{"start":{},"end":{}}],"line":16},"5":{"loc":{"start":{"line":29,"column":21},"end":{"line":29,"column":48}},"type":"binary-expr","locations":[{"start":{"line":29,"column":21},"end":{"line":29,"column":42}},{"start":{"line":29,"column":46},"end":{"line":29,"column":48}}],"line":29},"6":{"loc":{"start":{"line":34,"column":12},"end":{"line":34,"column":76}},"type":"cond-expr","locations":[{"start":{"line":34,"column":21},"end":{"line":34,"column":69}},{"start":{"line":34,"column":72},"end":{"line":34,"column":76}}],"line":34},"7":{"loc":{"start":{"line":40,"column":19},"end":{"line":40,"column":46}},"type":"binary-expr","locations":[{"start":{"line":40,"column":19},"end":{"line":40,"column":39}},{"start":{"line":40,"column":43},"end":{"line":40,"column":46}}],"line":40},"8":{"loc":{"start":{"line":42,"column":20},"end":{"line":42,"column":103}},"type":"binary-expr","locations":[{"start":{"line":42,"column":20},"end":{"line":42,"column":41}},{"start":{"line":42,"column":45},"end":{"line":42,"column":60}},{"start":{"line":42,"column":64},"end":{"line":42,"column":75}},{"start":{"line":42,"column":79},"end":{"line":42,"column":103}}],"line":42},"9":{"loc":{"start":{"line":56,"column":4},"end":{"line":58,"column":5}},"type":"if","locations":[{"start":{"line":56,"column":4},"end":{"line":58,"column":5}},{"start":{},"end":{}}],"line":56},"10":{"loc":{"start":{"line":69,"column":19},"end":{"line":69,"column":46}},"type":"binary-expr","locations":[{"start":{"line":69,"column":19},"end":{"line":69,"column":39}},{"start":{"line":69,"column":43},"end":{"line":69,"column":46}}],"line":69},"11":{"loc":{"start":{"line":70,"column":20},"end":{"line":70,"column":82}},"type":"binary-expr","locations":[{"start":{"line":70,"column":20},"end":{"line":70,"column":38}},{"start":{"line":70,"column":42},"end":{"line":70,"column":82}}],"line":70}},"s":{"0":1,"1":1,"2":4,"3":4,"4":1,"5":3,"6":3,"7":3,"8":3,"9":1,"10":2,"11":1,"12":1,"13":1,"14":1,"15":1,"16":1,"17":1,"18":1,"19":3,"20":3,"21":3,"22":1,"23":2,"24":1,"25":1,"26":1,"27":1,"28":1},"f":{"0":4,"1":1,"2":3},"b":{"0":[1,1],"1":[1,3],"2":[3,3],"3":[3,3],"4":[1,2],"5":[1,0],"6":[1,0],"7":[1,0],"8":[1,0,0,0],"9":[1,2],"10":[1,0],"11":[1,0]},"_coverageSchema":"1a1c01bbd47fc00a2c39e90264f33305004495a9","hash":"dbe03be809d5b8f66fea97f2e65af16db449440a"}
,"C:\\Users\\raees\\Documents\\SDP 3\\QUANTIX\\Backend\\src\\Controllers\\vendor.controller.js": {"path":"C:\\Users\\raees\\Documents\\SDP 3\\QUANTIX\\Backend\\src\\Controllers\\vendor.controller.js","statementMap":{"0":{"start":{"line":1,"column":17},"end":{"line":1,"column":46}},"1":{"start":{"line":3,"column":22},"end":{"line":25,"column":1}},"2":{"start":{"line":4,"column":2},"end":{"line":24,"column":3}},"3":{"start":{"line":5,"column":19},"end":{"line":5,"column":29}},"4":{"start":{"line":6,"column":4},"end":{"line":6,"column":77}},"5":{"start":{"line":6,"column":13},"end":{"line":6,"column":77}},"6":{"start":{"line":8,"column":28},"end":{"line":12,"column":15}},"7":{"start":{"line":14,"column":4},"end":{"line":14,"column":27}},"8":{"start":{"line":14,"column":15},"end":{"line":14,"column":27}},"9":{"start":{"line":16,"column":4},"end":{"line":18,"column":5}},"10":{"start":{"line":17,"column":6},"end":{"line":17,"column":65}},"11":{"start":{"line":20,"column":4},"end":{"line":20,"column":31}},"12":{"start":{"line":22,"column":4},"end":{"line":22,"column":57}},"13":{"start":{"line":23,"column":4},"end":{"line":23,"column":62}},"14":{"start":{"line":27,"column":22},"end":{"line":41,"column":1}},"15":{"start":{"line":28,"column":2},"end":{"line":40,"column":3}},"16":{"start":{"line":29,"column":28},"end":{"line":32,"column":50}},"17":{"start":{"line":34,"column":4},"end":{"line":34,"column":27}},"18":{"start":{"line":34,"column":15},"end":{"line":34,"column":27}},"19":{"start":{"line":36,"column":4},"end":{"line":36,"column":31}},"20":{"start":{"line":38,"column":4},"end":{"line":38,"column":58}},"21":{"start":{"line":39,"column":4},"end":{"line":39,"column":63}},"22":{"start":{"line":43,"column":0},"end":{"line":43,"column":50}}},"fnMap":{"0":{"name":"(anonymous_0)","decl":{"start":{"line":3,"column":22},"end":{"line":3,"column":23}},"loc":{"start":{"line":3,"column":42},"end":{"line":25,"column":1}},"line":3},"1":{"name":"(anonymous_1)","decl":{"start":{"line":27,"column":22},"end":{"line":27,"column":23}},"loc":{"start":{"line":27,"column":42},"end":{"line":41,"column":1}},"line":27}},"branchMap":{"0":{"loc":{"start":{"line":6,"column":4},"end":{"line":6,"column":77}},"type":"if","locations":[{"start":{"line":6,"column":4},"end":{"line":6,"column":77}},{"start":{},"end":{}}],"line":6},"1":{"loc":{"start":{"line":14,"column":4},"end":{"line":14,"column":27}},"type":"if","locations":[{"start":{"line":14,"column":4},"end":{"line":14,"column":27}},{"start":{},"end":{}}],"line":14},"2":{"loc":{"start":{"line":16,"column":4},"end":{"line":18,"column":5}},"type":"if","locations":[{"start":{"line":16,"column":4},"end":{"line":18,"column":5}},{"start":{},"end":{}}],"line":16},"3":{"loc":{"start":{"line":34,"column":4},"end":{"line":34,"column":27}},"type":"if","locations":[{"start":{"line":34,"column":4},"end":{"line":34,"column":27}},{"start":{},"end":{}}],"line":34}},"s":{"0":1,"1":1,"2":4,"3":4,"4":4,"5":1,"6":3,"7":2,"8":0,"9":2,"10":1,"11":1,"12":1,"13":1,"14":1,"15":2,"16":2,"17":1,"18":0,"19":1,"20":1,"21":1,"22":1},"f":{"0":4,"1":2},"b":{"0":[1,3],"1":[0,2],"2":[1,1],"3":[0,1]},"_coverageSchema":"1a1c01bbd47fc00a2c39e90264f33305004495a9","hash":"add2095136223d58de5339afb5fbeb23fccf5808"}
,"C:\\Users\\raees\\Documents\\SDP 3\\QUANTIX\\Backend\\src\\Controllers\\vendorProfileController.js": {"path":"C:\\Users\\raees\\Documents\\SDP 3\\QUANTIX\\Backend\\src\\Controllers\\vendorProfileController.js","statementMap":{"0":{"start":{"line":1,"column":17},"end":{"line":1,"column":46}},"1":{"start":{"line":7,"column":25},"end":{"line":56,"column":1}},"2":{"start":{"line":8,"column":21},"end":{"line":8,"column":31}},"3":{"start":{"line":10,"column":2},"end":{"line":12,"column":3}},"4":{"start":{"line":11,"column":4},"end":{"line":11,"column":67}},"5":{"start":{"line":14,"column":2},"end":{"line":55,"column":3}},"6":{"start":{"line":16,"column":57},"end":{"line":20,"column":15}},"7":{"start":{"line":22,"column":4},"end":{"line":27,"column":5}},"8":{"start":{"line":23,"column":6},"end":{"line":25,"column":7}},"9":{"start":{"line":24,"column":8},"end":{"line":24,"column":76}},"10":{"start":{"line":26,"column":6},"end":{"line":26,"column":25}},"11":{"start":{"line":30,"column":59},"end":{"line":33,"column":30}},"12":{"start":{"line":35,"column":4},"end":{"line":37,"column":5}},"13":{"start":{"line":36,"column":6},"end":{"line":36,"column":26}},"14":{"start":{"line":41,"column":25},"end":{"line":41,"column":76}},"15":{"start":{"line":41,"column":55},"end":{"line":41,"column":75}},"16":{"start":{"line":43,"column":25},"end":{"line":47,"column":5}},"17":{"start":{"line":50,"column":4},"end":{"line":50,"column":39}},"18":{"start":{"line":53,"column":4},"end":{"line":53,"column":65}},"19":{"start":{"line":54,"column":4},"end":{"line":54,"column":74}},"20":{"start":{"line":58,"column":0},"end":{"line":60,"column":2}}},"fnMap":{"0":{"name":"(anonymous_0)","decl":{"start":{"line":7,"column":25},"end":{"line":7,"column":26}},"loc":{"start":{"line":7,"column":45},"end":{"line":56,"column":1}},"line":7},"1":{"name":"(anonymous_1)","decl":{"start":{"line":41,"column":44},"end":{"line":41,"column":45}},"loc":{"start":{"line":41,"column":55},"end":{"line":41,"column":75}},"line":41}},"branchMap":{"0":{"loc":{"start":{"line":10,"column":2},"end":{"line":12,"column":3}},"type":"if","locations":[{"start":{"line":10,"column":2},"end":{"line":12,"column":3}},{"start":{},"end":{}}],"line":10},"1":{"loc":{"start":{"line":22,"column":4},"end":{"line":27,"column":5}},"type":"if","locations":[{"start":{"line":22,"column":4},"end":{"line":27,"column":5}},{"start":{},"end":{}}],"line":22},"2":{"loc":{"start":{"line":23,"column":6},"end":{"line":25,"column":7}},"type":"if","locations":[{"start":{"line":23,"column":6},"end":{"line":25,"column":7}},{"start":{},"end":{}}],"line":23},"3":{"loc":{"start":{"line":35,"column":4},"end":{"line":37,"column":5}},"type":"if","locations":[{"start":{"line":35,"column":4},"end":{"line":37,"column":5}},{"start":{},"end":{}}],"line":35}},"s":{"0":1,"1":1,"2":5,"3":5,"4":1,"5":4,"6":4,"7":3,"8":1,"9":1,"10":0,"11":2,"12":2,"13":0,"14":2,"15":2,"16":2,"17":2,"18":1,"19":1,"20":1},"f":{"0":5,"1":2},"b":{"0":[1,4],"1":[1,2],"2":[1,0],"3":[0,2]},"_coverageSchema":"1a1c01bbd47fc00a2c39e90264f33305004495a9","hash":"ed64c3a28fb7122b01712837eecfcde4143fdf3f"}
,"C:\\Users\\raees\\Documents\\SDP 3\\QUANTIX\\Backend\\src\\Controllers\\vendorRequest.controller.js": {"path":"C:\\Users\\raees\\Documents\\SDP 3\\QUANTIX\\Backend\\src\\Controllers\\vendorRequest.controller.js","statementMap":{"0":{"start":{"line":1,"column":17},"end":{"line":1,"column":46}},"1":{"start":{"line":3,"column":28},"end":{"line":48,"column":1}},"2":{"start":{"line":4,"column":2},"end":{"line":47,"column":3}},"3":{"start":{"line":6,"column":69},"end":{"line":6,"column":77}},"4":{"start":{"line":9,"column":4},"end":{"line":14,"column":5}},"5":{"start":{"line":10,"column":6},"end":{"line":13,"column":9}},"6":{"start":{"line":16,"column":4},"end":{"line":21,"column":7}},"7":{"start":{"line":23,"column":28},"end":{"line":36,"column":15}},"8":{"start":{"line":38,"column":4},"end":{"line":41,"column":5}},"9":{"start":{"line":39,"column":6},"end":{"line":39,"column":53}},"10":{"start":{"line":40,"column":6},"end":{"line":40,"column":60}},"11":{"start":{"line":43,"column":4},"end":{"line":43,"column":59}},"12":{"start":{"line":45,"column":4},"end":{"line":45,"column":65}},"13":{"start":{"line":46,"column":4},"end":{"line":46,"column":71}},"14":{"start":{"line":50,"column":35},"end":{"line":93,"column":1}},"15":{"start":{"line":51,"column":2},"end":{"line":92,"column":3}},"16":{"start":{"line":52,"column":26},"end":{"line":52,"column":36}},"17":{"start":{"line":53,"column":4},"end":{"line":54,"column":70}},"18":{"start":{"line":54,"column":6},"end":{"line":54,"column":70}},"19":{"start":{"line":56,"column":28},"end":{"line":77,"column":33}},"20":{"start":{"line":79,"column":4},"end":{"line":82,"column":5}},"21":{"start":{"line":80,"column":6},"end":{"line":80,"column":46}},"22":{"start":{"line":81,"column":6},"end":{"line":81,"column":60}},"23":{"start":{"line":84,"column":4},"end":{"line":86,"column":5}},"24":{"start":{"line":85,"column":6},"end":{"line":85,"column":38}},"25":{"start":{"line":88,"column":4},"end":{"line":88,"column":37}},"26":{"start":{"line":90,"column":4},"end":{"line":90,"column":71}},"27":{"start":{"line":91,"column":4},"end":{"line":91,"column":70}},"28":{"start":{"line":95,"column":34},"end":{"line":138,"column":1}},"29":{"start":{"line":96,"column":2},"end":{"line":137,"column":3}},"30":{"start":{"line":97,"column":25},"end":{"line":97,"column":35}},"31":{"start":{"line":98,"column":4},"end":{"line":99,"column":69}},"32":{"start":{"line":99,"column":6},"end":{"line":99,"column":69}},"33":{"start":{"line":101,"column":4},"end":{"line":101,"column":65}},"34":{"start":{"line":103,"column":28},"end":{"line":121,"column":31}},"35":{"start":{"line":123,"column":4},"end":{"line":126,"column":5}},"36":{"start":{"line":124,"column":6},"end":{"line":124,"column":46}},"37":{"start":{"line":125,"column":6},"end":{"line":125,"column":60}},"38":{"start":{"line":128,"column":4},"end":{"line":128,"column":48}},"39":{"start":{"line":130,"column":4},"end":{"line":132,"column":5}},"40":{"start":{"line":131,"column":6},"end":{"line":131,"column":38}},"41":{"start":{"line":133,"column":4},"end":{"line":133,"column":37}},"42":{"start":{"line":135,"column":4},"end":{"line":135,"column":71}},"43":{"start":{"line":136,"column":4},"end":{"line":136,"column":70}},"44":{"start":{"line":143,"column":28},"end":{"line":188,"column":1}},"45":{"start":{"line":144,"column":2},"end":{"line":187,"column":3}},"46":{"start":{"line":145,"column":19},"end":{"line":145,"column":29}},"47":{"start":{"line":148,"column":52},"end":{"line":148,"column":60}},"48":{"start":{"line":150,"column":23},"end":{"line":150,"column":25}},"49":{"start":{"line":154,"column":4},"end":{"line":156,"column":5}},"50":{"start":{"line":155,"column":6},"end":{"line":155,"column":33}},"51":{"start":{"line":157,"column":4},"end":{"line":159,"column":5}},"52":{"start":{"line":158,"column":6},"end":{"line":158,"column":47}},"53":{"start":{"line":160,"column":4},"end":{"line":162,"column":5}},"54":{"start":{"line":161,"column":6},"end":{"line":161,"column":45}},"55":{"start":{"line":165,"column":4},"end":{"line":169,"column":5}},"56":{"start":{"line":
[...]
tions":[{"start":{"line":6,"column":4},"end":{"line":6,"column":27}},{"start":{"line":6,"column":31},"end":{"line":6,"column":62}}],"line":6},"2":{"loc":{"start":{"line":22,"column":4},"end":{"line":26,"column":5}},"type":"if","locations":[{"start":{"line":22,"column":4},"end":{"line":26,"column":5}},{"start":{},"end":{}}],"line":22},"3":{"loc":{"start":{"line":22,"column":8},"end":{"line":22,"column":66}},"type":"binary-expr","locations":[{"start":{"line":22,"column":8},"end":{"line":22,"column":31}},{"start":{"line":22,"column":35},"end":{"line":22,"column":66}}],"line":22},"4":{"loc":{"start":{"line":32,"column":4},"end":{"line":36,"column":5}},"type":"if","locations":[{"start":{"line":32,"column":4},"end":{"line":36,"column":5}},{"start":{},"end":{}}],"line":32},"5":{"loc":{"start":{"line":32,"column":8},"end":{"line":32,"column":47}},"type":"binary-expr","locations":[{"start":{"line":32,"column":8},"end":{"line":32,"column":19}},{"start":{"line":32,"column":23},"end":{"line":32,"column":33}},{"start":{"line":32,"column":37},"end":{"line":32,"column":47}}],"line":32},"6":{"loc":{"start":{"line":40,"column":4},"end":{"line":44,"column":5}},"type":"if","locations":[{"start":{"line":40,"column":4},"end":{"line":44,"column":5}},{"start":{},"end":{}}],"line":40},"7":{"loc":{"start":{"line":40,"column":8},"end":{"line":40,"column":30}},"type":"binary-expr","locations":[{"start":{"line":40,"column":8},"end":{"line":40,"column":17}},{"start":{"line":40,"column":21},"end":{"line":40,"column":30}}],"line":40},"8":{"loc":{"start":{"line":41,"column":23},"end":{"line":41,"column":84}},"type":"cond-expr","locations":[{"start":{"line":41,"column":35},"end":{"line":41,"column":79}},{"start":{"line":41,"column":82},"end":{"line":41,"column":84}}],"line":41},"9":{"loc":{"start":{"line":42,"column":23},"end":{"line":42,"column":84}},"type":"cond-expr","locations":[{"start":{"line":42,"column":35},"end":{"line":42,"column":79}},{"start":{"line":42,"column":82},"end":{"line":42,"column":84}}],"line":42},"10":{"loc":{"start":{"line":46,"column":24},"end":{"line":46,"column":100}},"type":"cond-expr","locations":[{"start":{"line":46,"column":38},"end":{"line":46,"column":95}},{"start":{"line":46,"column":98},"end":{"line":46,"column":100}}],"line":46},"11":{"loc":{"start":{"line":47,"column":22},"end":{"line":47,"column":124}},"type":"cond-expr","locations":[{"start":{"line":47,"column":34},"end":{"line":47,"column":119}},{"start":{"line":47,"column":122},"end":{"line":47,"column":124}}],"line":47},"12":{"loc":{"start":{"line":66,"column":25},"end":{"line":66,"column":69}},"type":"binary-expr","locations":[{"start":{"line":66,"column":25},"end":{"line":66,"column":36}},{"start":{"line":66,"column":40},"end":{"line":66,"column":69}}],"line":66}},"s":{"0":1,"1":1,"2":1,"3":1,"4":1,"5":1,"6":3,"7":3,"8":0,"9":3,"10":3,"11":1,"12":2,"13":2,"14":0,"15":0,"16":0,"17":2,"18":2,"19":2,"20":2,"21":1,"22":1,"23":1},"f":{"0":3},"b":{"0":[1,0],"1":[1,0],"2":[0,3],"3":[3,3],"4":[1,2],"5":[3,3,3],"6":[0,2],"7":[2,2],"8":[0,0],"9":[0,0],"10":[0,2],"11":[0,2],"12":[2,2]},"_coverageSchema":"1a1c01bbd47fc00a2c39e90264f33305004495a9","hash":"68fa15738377a4fb8b2924c39111d6a156f9874e"}
,"C:\\Users\\raees\\Documents\\SDP 3\\QUANTIX\\Backend\\src\\Routes\\export.routes.js": {"path":"C:\\Users\\raees\\Documents\\SDP 3\\QUANTIX\\Backend\\src\\Routes\\export.routes.js","statementMap":{"0":{"start":{"line":3,"column":16},"end":{"line":3,"column":34}},"1":{"start":{"line":4,"column":15},"end":{"line":4,"column":31}},"2":{"start":{"line":5,"column":28},"end":{"line":5,"column":70}},"3":{"start":{"line":8,"column":0},"end":{"line":8,"column":48}},"4":{"start":{"line":10,"column":0},"end":{"line":10,"column":24}}},"fnMap":{},"branchMap":{},"s":{"0":1,"1":1,"2":1,"3":1,"4":1},"f":{},"b":{},"_coverageSchema":"1a1c01bbd47fc00a2c39e90264f33305004495a9","hash":"099871db76f8174b56352e3b652c52e5dd578876"}
,"C:\\Users\\raees\\Documents\\SDP 3\\QUANTIX\\Backend\\src\\Routes\\getEvent.routes.js": {"path":"C:\\Users\\raees\\Documents\\SDP 3\\QUANTIX\\Backend\\src\\Routes\\getEvent.routes.js","statementMap":{"0":{"start":{"line":1,"column":16},"end":{"line":1,"column":34}},"1":{"start":{"line":2,"column":22},"end":{"line":2,"column":67}},"2":{"start":{"line":3,"column":25},"end":{"line":3,"column":70}},"3":{"start":{"line":5,"column":15},"end":{"line":5,"column":31}},"4":{"start":{"line":7,"column":0},"end":{"line":7,"column":27}},"5":{"start":{"line":8,"column":0},"end":{"line":8,"column":42}},"6":{"start":{"line":10,"column":0},"end":{"line":10,"column":24}}},"fnMap":{},"branchMap":{},"s":{"0":1,"1":1,"2":1,"3":1,"4":1,"5":1,"6":1},"f":{},"b":{},"_coverageSchema":"1a1c01bbd47fc00a2c39e90264f33305004495a9","hash":"2f5fb3993090b1393e84c12bd60e8f5040bb5028"}
,"C:\\Users\\raees\\Documents\\SDP 3\\QUANTIX\\Backend\\src\\Routes\\guests.routes.js": {"path":"C:\\Users\\raees\\Documents\\SDP 3\\QUANTIX\\Backend\\src\\Routes\\guests.routes.js","statementMap":{"0":{"start":{"line":2,"column":16},"end":{"line":2,"column":34}},"1":{"start":{"line":3,"column":25},"end":{"line":3,"column":57}},"2":{"start":{"line":4,"column":15},"end":{"line":4,"column":32}},"3":{"start":{"line":6,"column":0},"end":{"line":6,"column":16}},"4":{"start":{"line":8,"column":15},"end":{"line":8,"column":31}},"5":{"start":{"line":10,"column":17},"end":{"line":13,"column":1}},"6":{"start":{"line":16,"column":0},"end":{"line":19,"column":3}},"7":{"start":{"line":18,"column":4},"end":{"line":18,"column":11}},"8":{"start":{"line":22,"column":0},"end":{"line":36,"column":3}},"9":{"start":{"line":23,"column":24},"end":{"line":23,"column":34}},"10":{"start":{"line":24,"column":4},"end":{"line":35,"column":5}},"11":{"start":{"line":25,"column":32},"end":{"line":28,"column":36}},"12":{"start":{"line":30,"column":8},"end":{"line":30,"column":31}},"13":{"start":{"line":30,"column":19},"end":{"line":30,"column":31}},"14":{"start":{"line":31,"column":8},"end":{"line":31,"column":35}},"15":{"start":{"line":33,"column":8},"end":{"line":33,"column":53}},"16":{"start":{"line":34,"column":8},"end":{"line":34,"column":69}},"17":{"start":{"line":39,"column":0},"end":{"line":61,"column":3}},"18":{"start":{"line":40,"column":24},"end":{"line":40,"column":34}},"19":{"start":{"line":41,"column":68},"end":{"line":41,"column":76}},"20":{"start":{"line":44,"column":4},"end":{"line":46,"column":5}},"21":{"start":{"line":45,"column":8},"end":{"line":45,"column":79}},"22":{"start":{"line":48,"column":4},"end":{"line":60,"column":5}},"23":{"start":{"line":49,"column":32},"end":{"line":53,"column":14}},"24":{"start":{"line":55,"column":8},"end":{"line":55,"column":31}},"25":{"start":{"line":55,"column":19},"end":{"line":55,"column":31}},"26":{"start":{"line":56,"column":8},"end":{"line":56,"column":35}},"27":{"start":{"line":58,"column":8},"end":{"line":58,"column":54}},"28":{"start":{"line":59,"column":8},"end":{"line":59,"column":63}},"29":{"start":{"line":64,"column":0},"end":{"line":85,"column":3}},"30":{"start":{"line":65,"column":33},"end":{"line":65,"column":43}},"31":{"start":{"line":66,"column":20},"end":{"line":66,"column":28}},"32":{"start":{"line":68,"column":4},"end":{"line":84,"column":5}},"33":{"start":{"line":69,"column":32},"end":{"line":73,"column":36}},"34":{"start":{"line":75,"column":8},"end":{"line":75,"column":31}},"35":{"start":{"line":75,"column":19},"end":{"line":75,"column":31}},"36":{"start":{"line":76,"column":8},"end":{"line":78,"column":9}},"37":{"start":{"line":77,"column":12},"end":{"line":77,"column":70}},"38":{"start":{"line":80,"column":8},"end":{"line":80,"column":35}},"39":{"start":{"line":82,"column":8},"end":{"line":82,"column":52}},"40":{"start":{"line":83,"column":8},"end":{"line":83,"column":66}},"41":{"start":{"line":88,"column":0},"end":{"line":104,"column":3}},"42":{"start":{"line":89,"column":33},"end":{"line":89,"column":43}},"43":{"start":{"line":91,"column":4},"end":{"line":103,"column":5}},"44":{"start":{"line":92,"column":26},"end":{"line":96,"column":36}},"45":{"start":{"line":98,"column":8},"end":{"line":98,"column":31}},"46":{"start":{"line":98,"column":19},"end":{"line":98,"column":31}},"47":{"start":{"line":99,"column":8},"end":{"line":99,"column":31}},"48":{"start":{"line":101,"column":8},"end":{"line":101,"column":52}},"49":{"start":{"line":102,"column":8},"end":{"line":102,"column":66}},"50":{"start":{"line":106,"column":0},"end":{"line":106,"column":24}}},"fnMap":{"0":{"name":"(anonymous_0)","decl":{"start":{"line":16,"column":11},"end":{"line":16,"column":12}},"loc":{"start":{"line":16,"column":31},"end":{"line":19,"column":1}},"line":16},"1":{"name":"(anonymous_1)","decl":{"start":{"line":22,"column":24},"end":{"line":22,"column":25}},"loc":{"start":{"line":22,"column":44},"end":{"line":36,"column":1}},"line":22},"2":{"name":"(anonymous_2)","decl":{"start":{"line":39,"column":25},"end":{"line":39,"column":26}},"loc":{"start":{"line":39,"column":45},"end":{"line":61,"column":1}},"line":39},"3":{"name":"(anonymous_3)","decl":{"start":{"line":64,"column":33},"end":{"line":64,"column":34}},"loc":{"start":{"line":64,"column":53},"end":{"line":85,"column":1}},"line":64},"4":{"name":"(anonymous_4)","decl":{"start":{"line":88,"column":36},"end":{"line":88,"column":37}},"loc":{"start":{"line":88,"column":56},"end":{"line":104,"column":1}},"line":88}},"branchMap":{"0":{"loc":{"start":{"line":30,"column":8},"end":{"line":30,"column":31}},"type":"if","locations":[{"start":{"line":30,"column":8},"end":{"line":30,"column":31}},{"start":{},"end":{}}],"line":30},"1":{"loc":{"start":{"line":44,"column":4},"end":{"line":46,"column":5}},"type":"if","locations":[{"start":{"line":44,"column":4},"end":{"line":46,"column":5}},{"start":{},"end":{}}],"line":44},"2":{"loc":{"start":{"line":44,"column":8},"end":{"line":44,"column":23}},"type":"binary-expr","locations":[{"start":{"line":44,"column":8},"end":{"line":44,"column":13}},{"start":{"line":44,"column":17},"end":{"line":44,"column":23}}],"line":44},"3":{"loc":{"start":{"line":55,"column":8},"end":{"line":55,"column":31}},"type":"if","locations":[{"start":{"line":55,"column":8},"end":{"line":55,"column":31}},{"start":{},"end":{}}],"line":55},"4":{"loc":{"start":{"line":75,"column":8},"end":{"line":75,"column":31}},"type":"if","locations":[{"start":{"line":75,"column":8},"end":{"line":75,"column":31}},{"start":{},"end":{}}],"line":75},"5":{"loc":{"start":{"line":76,"column":8},"end":{"line":78,"column":9}},"type":"if","locations":[{"start":{"line":76,"column":8},"end":{"line":78,"column":9}},{"start":{},"end":{}}],"line":76},"6":{"loc":{"start":{"line":76,"column":12},"end":{"line":76,"column":38}},"type":"binary-expr","locations":[{"start":{"line":76,"column":12},"end":{"line":76,"column":17}},{"start":{"line":76,"column":21},"end":{"line":76,"column":38}}],"line":76},"7":{"loc":{"start":{"line":98,"column":8},"end":{"line":98,"column":31}},"type":"if","locations":[{"start":{"line":98,"column":8},"end":{"line":98,"column":31}},{"start":{},"end":{}}],"line":98}},"s":{"0":1,"1":1,"2":1,"3":1,"4":1,"5":1,"6":1,"7":10,"8":1,"9":2,"10":2,"11":2,"12":1,"13":0,"14":1,"15":1,"16":1,"17":1,"18":3,"19":3,"20":3,"21":1,"22":2,"23":2,"24":1,"25":0,"26":1,"27":1,"28":1,"29":1,"30":3,"31":3,"32":3,"33":3,"34":2,"35":0,"36":2,"37":1,"38":1,"39":1,"40":1,"41":1,"42":2,"43":2,"44":2,"45":1,"46":0,"47":1,"48":1,"49":1,"50":1},"f":{"0":10,"1":2,"2":3,"3":3,"4":2},"b":{"0":[0,1],"1":[1,2],"2":[3,3],"3":[0,1],"4":[0,2],"5":[1,1],"6":[2,2],"7":[0,1]},"_coverageSchema":"1a1c01bbd47fc00a2c39e90264f33305004495a9","hash":"8e0c90ec7008425c0a5dba3654c23b3a1b3087e3"}
,"C:\\Users\\raees\\Documents\\SDP 3\\QUANTIX\\Backend\\src\\Routes\\newEvent.routes.js": {"path":"C:\\Users\\raees\\Documents\\SDP 3\\QUANTIX\\Backend\\src\\Routes\\newEvent.routes.js","statementMap":{"0":{"start":{"line":1,"column":16},"end":{"line":1,"column":34}},"1":{"start":{"line":2,"column":24},"end":{"line":2,"column":69}},"2":{"start":{"line":4,"column":15},"end":{"line":4,"column":31}},"3":{"start":{"line":6,"column":0},"end":{"line":6,"column":30}},"4":{"start":{"line":8,"column":0},"end":{"line":8,"column":24}}},"fnMap":{},"branchMap":{},"s":{"0":1,"1":1,"2":1,"3":1,"4":1},"f":{},"b":{},"_coverageSchema":"1a1c01bbd47fc00a2c39e90264f33305004495a9","hash":"80838d93a9a46d09070f4c7bf02839f785881452"}
,"C:\\Users\\raees\\Documents\\SDP 3\\QUANTIX\\Backend\\src\\Routes\\planner.routes.js": {"path":"C:\\Users\\raees\\Documents\\SDP 3\\QUANTIX\\Backend\\src\\Routes\\planner.routes.js","statementMap":{"0":{"start":{"line":1,"column":16},"end":{"line":1,"column":34}},"1":{"start":{"line":2,"column":27},"end":{"line":2,"column":71}},"2":{"start":{"line":4,"column":15},"end":{"line":4,"column":31}},"3":{"start":{"line":6,"column":0},"end":{"line":6,"column":35}},"4":{"start":{"line":8,"column":0},"end":{"line":8,"column":24}}},"fnMap":{},"branchMap":{},"s":{"0":1,"1":1,"2":1,"3":1,"4":1},"f":{},"b":{},"_coverageSchema":"1a1c01bbd47fc00a2c39e90264f33305004495a9","hash":"4445acdeb4e4fe11177e504b55ec4ef9a80fc559"}
,"C:\\Users\\raees\\Documents\\SDP 3\\QUANTIX\\Backend\\src\\Routes\\schedule.routes.js": {"path":"C:\\Users\\raees\\Documents\\SDP 3\\QUANTIX\\Backend\\src\\Routes\\schedule.routes.js","statementMap":{"0":{"start":{"line":1,"column":16},"end":{"line":1,"column":34}},"1":{"start":{"line":2,"column":41},"end":{"line":2,"column":86}},"2":{"start":{"line":4,"column":15},"end":{"line":4,"column":31}},"3":{"start":{"line":7,"column":0},"end":{"line":7,"column":47}},"4":{"start":{"line":10,"column":0},"end":{"line":10,"column":51}},"5":{"start":{"line":12,"column":0},"end":{"line":12,"column":24}}},"fnMap":{},"branchMap":{},"s":{"0":1,"1":1,"2":1,"3":1,"4":1,"5":1},"f":{},"b":{},"_coverageSchema":"1a1c01bbd47fc00a2c39e90264f33305004495a9","hash":"31aec466e45fb4587247df294fedc9b1ef397dd3"}
,"C:\\Users\\raees\\Documents\\SDP 3\\QUANTIX\\Backend\\src\\Routes\\simple-email.routes.js": {"path":"C:\\Users\\raees\\Documents\\SDP 3\\QUANTIX\\Backend\\src\\Routes\\simple-email.routes.js","statementMap":{"0":{"start":{"line":1,"column":16},"end":{"line":1,"column":34}},"1":{"start":{"line":2,"column":19},"end":{"line":2,"column":40}},"2":{"start":{"line":3,"column":15},"end":{"line":3,"column":31}},"3":{"start":{"line":6,"column":0},"end":{"line":53,"column":3}},"4":{"start":{"line":7,"column":2},"end":{"line":52,"column":3}},"5":{"start":{"line":8,"column":49},"end":{"line":8,"column":57}},"6":{"start":{"line":10,"column":4},"end":{"line":12,"column":5}},"7":{"start":{"line":11,"column":6},"end":{"line":11,"column":73}},"8":{"start":{"line":15,"column":24},"end":{"line":23,"column":6}},"9":{"start":{"line":25,"column":24},"end":{"line":41,"column":5}},"10":{"start":{"line":43,"column":4},"end":{"line":43,"column":44}},"11":{"start":{"line":44,"column":4},"end":{"line":44,"column":71}},"12":{"start":{"line":47,"column":4},"end":{"line":47,"column":50}},"13":{"start":{"line":48,"column":4},"end":{"line":51,"column":7}},"14":{"start":{"line":55,"column":0},"end":{"line":55,"column":24}}},"fnMap":{"0":{"name":"(anonymous_0)","decl":{"start":{"line":6,"column":28},"end":{"line":6,"column":29}},"loc":{"start":{"line":6,"column":48},"end":{"line":53,"column":1}},"line":6}},"branchMap":{"0":{"loc":{"start":{"line":10,"column":4},"end":{"line":12,"column":5}},"type":"if","locations":[{"start":{"line":10,"column":4},"end":{"line":12,"column":5}},{"start":{},"end":{}}],"line":10},"1":{"loc":{"start":{"line":16,"column":12},"end":{"line":16,"column":53}},"type":"binary-expr","locations":[{"start":{"line":16,"column":12},"end":{"line":16,"column":33}},{"start":{"line":16,"column":37},"end":{"line":16,"column":53}}],"line":16},"2":{"loc":{"start":{"line":17,"column":12},"end":{"line":17,"column":40}},"type":"binary-expr","locations":[{"start":{"line":17,"column":12},"end":{"line":17,"column":33}},{"start":{"line":17,"column":37},"end":{"line":17,"column":40}}],"line":17},"3":{"loc":{"start":{"line":32,"column":21},"end":{"line":32,"column":41}},"type":"binary-expr","locations":[{"start":{"line":32,"column":21},"end":{"line":32,"column":30}},{"start":{"line":32,"column":34},"end":{"line":32,"column":41}}],"line":32},"4":{"loc":{"start":{"line":33,"column":70},"end":{"line":33,"column":103}},"type":"binary-expr","locations":[{"start":{"line":33,"column":70},"end":{"line":33,"column":79}},{"start":{"line":33,"column":83},"end":{"line":33,"column":103}}],"line":33}},"s":{"0":1,"1":1,"2":1,"3":1,"4":3,"5":3,"6":3,"7":1,"8":2,"9":2,"10":2,"11":1,"12":1,"13":1,"14":1},"f":{"0":3},"b":{"0":[1,2],"1":[2,2],"2":[2,2],"3":[2,1],"4":[2,0]},"_coverageSchema":"1a1c01bbd47fc00a2c39e90264f33305004495a9","hash":"095300772b8ba778fffcba4c6e83b6f79b67e3e0"}
,"C:\\Users\\raees\\Documents\\SDP 3\\QUANTIX\\Backend\\src\\Routes\\unsplash.routes.js": {"path":"C:\\Users\\raees\\Documents\\SDP 3\\QUANTIX\\Backend\\src\\Routes\\unsplash.routes.js","statementMap":{"0":{"start":{"line":1,"column":16},"end":{"line":1,"column":34}},"1":{"start":{"line":2,"column":43},"end":{"line":2,"column":88}},"2":{"start":{"line":4,"column":15},"end":{"line":4,"column":31}},"3":{"start":{"line":6,"column":0},"end":{"line":6,"column":36}},"4":{"start":{"line":7,"column":0},"end":{"line":7,"column":58}},"5":{"start":{"line":9,"column":0},"end":{"line":9,"column":24}}},"fnMap":{},"branchMap":{},"s":{"0":1,"1":1,"2":1,"3":1,"4":1,"5":1},"f":{},"b":{},"_coverageSchema":"1a1c01bbd47fc00a2c39e90264f33305004495a9","hash":"3799323b52008fc7a1529f945471f0708224dd09"}
,"C:\\Users\\raees\\Documents\\SDP 3\\QUANTIX\\Backend\\src\\Routes\\vendor.routes.js": {"path":"C:\\Users\\raees\\Documents\\SDP 3\\QUANTIX\\Backend\\src\\Routes\\vendor.routes.js","statementMap":{"0":{"start":{"line":1,"column":16},"end":{"line":1,"column":34}},"1":{"start":{"line":5,"column":4},"end":{"line":5,"column":47}},"2":{"start":{"line":7,"column":15},"end":{"line":7,"column":31}},"3":{"start":{"line":9,"column":0},"end":{"line":9,"column":31}},"4":{"start":{"line":10,"column":0},"end":{"line":10,"column":34}},"5":{"start":{"line":12,"column":0},"end":{"line":12,"column":24}}},"fnMap":{},"branchMap":{},"s":{"0":1,"1":1,"2":1,"3":1,"4":1,"5":1},"f":{},"b":{},"_coverageSchema":"1a1c01bbd47fc00a2c39e90264f33305004495a9","hash":"d3ea26e92621e437c564fe80f420805088658b2e"}
,"C:\\Users\\raees\\Documents\\SDP 3\\QUANTIX\\Backend\\src\\Routes\\vendorProfile.routes.js": {"path":"C:\\Users\\raees\\Documents\\SDP 3\\QUANTIX\\Backend\\src\\Routes\\vendorProfile.routes.js","statementMap":{"0":{"start":{"line":1,"column":16},"end":{"line":1,"column":34}},"1":{"start":{"line":2,"column":15},"end":{"line":2,"column":31}},"2":{"start":{"line":3,"column":29},"end":{"line":3,"column":78}},"3":{"start":{"line":7,"column":0},"end":{"line":7,"column":56}},"4":{"start":{"line":9,"column":0},"end":{"line":9,"column":24}}},"fnMap":{},"branchMap":{},"s":{"0":1,"1":1,"2":1,"3":1,"4":1},"f":{},"b":{},"_coverageSchema":"1a1c01bbd47fc00a2c39e90264f33305004495a9","hash":"8ea957c8a3c54ada7076947fc7fcc2f006ccc6a2"}
,"C:\\Users\\raees\\Documents\\SDP 3\\QUANTIX\\Backend\\src\\Routes\\vendorRequest.routes.js": {"path":"C:\\Users\\raees\\Documents\\SDP 3\\QUANTIX\\Backend\\src\\Routes\\vendorRequest.routes.js","statementMap":{"0":{"start":{"line":1,"column":16},"end":{"line":1,"column":34}},"1":{"start":{"line":7,"column":4},"end":{"line":7,"column":54}},"2":{"start":{"line":9,"column":15},"end":{"line":9,"column":31}},"3":{"start":{"line":11,"column":0},"end":{"line":11,"column":38}},"4":{"start":{"line":13,"column":0},"end":{"line":13,"column":58}},"5":{"start":{"line":15,"column":0},"end":{"line":15,"column":54}},"6":{"start":{"line":17,"column":0},"end":{"line":17,"column":40}},"7":{"start":{"line":19,"column":0},"end":{"line":19,"column":24}}},"fnMap":{},"branchMap":{},"s":{"0":1,"1":1,"2":1,"3":1,"4":1,"5":1,"6":1,"7":1},"f":{},"b":{},"_coverageSchema":"1a1c01bbd47fc00a2c39e90264f33305004495a9","hash":"9643b4c4e6956aa2fdd4c7019174aad13b57987a"}
}
