{"C:\\Users\\raees\\Documents\\SDP Take 2\\QUANTIX\\Backend\\src\\Controllers\\chat.controller.js": {"path":"C:\\Users\\raees\\Documents\\SDP Take 2\\QUANTIX\\Backend\\src\\Controllers\\chat.controller.js","statementMap":{"0":{"start":{"line":1,"column":17},"end":{"line":1,"column":46}},"1":{"start":{"line":4,"column":32},"end":{"line":49,"column":1}},"2":{"start":{"line":5,"column":2},"end":{"line":48,"column":3}},"3":{"start":{"line":6,"column":45},"end":{"line":6,"column":53}},"4":{"start":{"line":8,"column":4},"end":{"line":12,"column":5}},"5":{"start":{"line":9,"column":6},"end":{"line":11,"column":66}},"6":{"start":{"line":15,"column":61},"end":{"line":22,"column":15}},"7":{"start":{"line":24,"column":4},"end":{"line":26,"column":5}},"8":{"start":{"line":25,"column":6},"end":{"line":25,"column":56}},"9":{"start":{"line":29,"column":58},"end":{"line":37,"column":15}},"10":{"start":{"line":39,"column":4},"end":{"line":42,"column":5}},"11":{"start":{"line":40,"column":6},"end":{"line":40,"column":65}},"12":{"start":{"line":41,"column":6},"end":{"line":41,"column":78}},"13":{"start":{"line":44,"column":4},"end":{"line":44,"column":42}},"14":{"start":{"line":46,"column":4},"end":{"line":46,"column":62}},"15":{"start":{"line":47,"column":4},"end":{"line":47,"column":61}},"16":{"start":{"line":52,"column":29},"end":{"line":85,"column":1}},"17":{"start":{"line":53,"column":2},"end":{"line":84,"column":3}},"18":{"start":{"line":54,"column":23},"end":{"line":54,"column":33}},"19":{"start":{"line":56,"column":4},"end":{"line":58,"column":5}},"20":{"start":{"line":57,"column":6},"end":{"line":57,"column":68}},"21":{"start":{"line":61,"column":43},"end":{"line":73,"column":53}},"22":{"start":{"line":75,"column":4},"end":{"line":78,"column":5}},"23":{"start":{"line":76,"column":6},"end":{"line":76,"column":60}},"24":{"start":{"line":77,"column":6},"end":{"line":77,"column":78}},"25":{"start":{"line":80,"column":4},"end":{"line":80,"column":40}},"26":{"start":{"line":82,"column":4},"end":{"line":82,"column":59}},"27":{"start":{"line":83,"column":4},"end":{"line":83,"column":61}},"28":{"start":{"line":88,"column":32},"end":{"line":122,"column":1}},"29":{"start":{"line":89,"column":2},"end":{"line":121,"column":3}},"30":{"start":{"line":90,"column":31},"end":{"line":90,"column":41}},"31":{"start":{"line":91,"column":37},"end":{"line":91,"column":46}},"32":{"start":{"line":93,"column":4},"end":{"line":95,"column":5}},"33":{"start":{"line":94,"column":6},"end":{"line":94,"column":76}},"34":{"start":{"line":97,"column":19},"end":{"line":97,"column":37}},"35":{"start":{"line":100,"column":38},"end":{"line":110,"column":40}},"36":{"start":{"line":112,"column":4},"end":{"line":115,"column":5}},"37":{"start":{"line":113,"column":6},"end":{"line":113,"column":55}},"38":{"start":{"line":114,"column":6},"end":{"line":114,"column":73}},"39":{"start":{"line":117,"column":4},"end":{"line":117,"column":35}},"40":{"start":{"line":119,"column":4},"end":{"line":119,"column":62}},"41":{"start":{"line":120,"column":4},"end":{"line":120,"column":61}},"42":{"start":{"line":125,"column":20},"end":{"line":181,"column":1}},"43":{"start":{"line":126,"column":2},"end":{"line":180,"column":3}},"44":{"start":{"line":132,"column":8},"end":{"line":132,"column":16}},"45":{"start":{"line":134,"column":4},"end":{"line":138,"column":5}},"46":{"start":{"line":135,"column":6},"end":{"line":137,"column":9}},"47":{"start":{"line":141,"column":53},"end":{"line":146,"column":15}},"48":{"start":{"line":148,"column":4},"end":{"line":152,"column":5}},"49":{"start":{"line":149,"column":6},"end":{"line":151,"column":67}},"50":{"start":{"line":155,"column":51},"end":{"line":169,"column":15}},"51":{"start":{"line":171,"column":4},"end":{"line":174,"column":5}},"52":{"start":{"line":172,"column":6},"end":{"line":172,"column":60}},"53":{"start":{"line":173,"column":6},"end":{"line":173,"column":71}},"54":{"start":{"line":176,"column":4},"end":{"line":176,"column":34}},"55":{"start":{"line":178,"column":4},"end":{"line":178,"column":50}},"56":{"start":{"line":179,"column":4},"end":{"line":179,"column":61}},"57":{"start":{"line":184,"column":27},"end":{"line":212,"column":1}},"58":{"start":{"line":185,"column":2},"end":{"line":211,"column":3}},"59":{"start":{"line":186,"column":39},"end":{"line":186,"column":47}},"60":{"start":{"line":188,"column":4},"end":{"line":192,"column":5}},"61":{"start":{"line":189,"column":6},"end":{"line":191,"column":69}},"62":{"start":{"line":195,"column":22},"end":{"line":200,"column":27}},"63":{"start":{"line":202,"column":4},"end":{"line":205,"column":5}},"64":{"start":{"line":203,"column":6},"end":{"line":203,"column":62}},"65":{"start":{"line":204,"column":6},"end":{"line":204,"column":80}},"66":{"start":{"line":207,"column":4},"end":{"line":207,"column":44}},"67":{"start":{"line":209,"column":4},"end":{"line":209,"column":57}},"68":{"start":{"line":210,"column":4},"end":{"line":210,"column":61}},"69":{"start":{"line":215,"column":23},"end":{"line":263,"column":1}},"70":{"start":{"line":216,"column":2},"end":{"line":262,"column":3}},"71":{"start":{"line":217,"column":23},"end":{"line":217,"column":33}},"72":{"start":{"line":219,"column":4},"end":{"line":221,"column":5}},"73":{"start":{"line":220,"column":6},"end":{"line":220,"column":68}},"74":{"start":{"line":224,"column":58},"end":{"line":228,"column":28}},"75":{"start":{"line":230,"column":4},"end":{"line":235,"column":5}},"76":{"start":{"line":231,"column":6},"end":{"line":231,"column":69}},"77":{"start":{"line":232,"column":6},"end":{"line":234,"column":63}},"78":{"start":{"line":237,"column":4},"end":{"line":239,"column":5}},"79":{"start":{"line":238,"column":6},"end":{"line":238,"column":54}},"80":{"start":{"line":241,"column":28},"end":{"line":243,"column":5}},"81":{"start":{"line":242,"column":16},"end":{"line":242,"column":36}},"82":{"start":{"line":246,"column":29},"end":{"line":251,"column":27}},"83":{"start":{"line":253,"column":4},"end":{"line":256,"column":5}},"84":{"start":{"line":254,"column":6},"end":{"line":254,"column":59}},"85":{"start":{"line":255,"column":6},"end":{"line":255,"column":77}},"86":{"start":{"line":258,"column":4},"end":{"line":258,"column":54}},"87":{"start":{"line":260,"column":4},"end":{"line":260,"column":53}},"88":{"start":{"line":261,"column":4},"end":{"line":261,"column":61}},"89":{"start":{"line":265,"column":0},"end":{"line":272,"column":2}}},"fnMap":{"0":{"name":"(anonymous_0)","decl":{"start":{"line":4,"column":32},"end":{"line":4,"column":33}},"loc":{"start":{"line":4,"column":52},"end":{"line":49,"column":1}},"line":4},"1":{"name":"(anonymous_1)","decl":{"start":{"line":52,"column":29},"end":{"line":52,"column":30}},"loc":{"start":{"line":52,"column":49},"end":{"line":85,"column":1}},"line":52},"2":{"name":"(anonymous_2)","decl":{"start":{"line":88,"column":32},"end":{"line":88,"column":33}},"loc":{"start":{"line":88,"column":52},"end":{"line":122,"column":1}},"line":88},"3":{"name":"(anonymous_3)","decl":{"start":{"line":125,"column":20},"end":{"line":125,"column":21}},"loc":{"start":{"line":125,"column":40},"end":{"line":181,"column":1}},"line":125},"4":{"name":"(anonymous_4)","decl":{"start":{"line":184,"column":27},"end":{"line":184,"column":28}},"loc":{"start":{"line":184,"column":47},"end":{"line":212,"column":1}},"line":184},"5":{"name":"(anonymous_5)","decl":{"start":{"line":215,"column":23},"end":{"line":215,"column":24}},"loc":{"start":{"line":215,"column":43},"end":{"line":263,"column":1}},"line":215},"6":{"name":"(anonymous_6)","decl":{"start":{"line":242,"column":6},"end":{"line":242,"column":7}},"loc":{"start":{"line":242,"column":16},"end":{"line":242,"column":36}},"line":242}},"branchMap":{"0":{"loc":{"start":{"line":8,"column":4},"end":{"line":12,"column":5}},"type":"if","locations":[{"start":{"line":8,"column":4},"end":{"line":12,"column":5}},{"start":{},"end":{}}],"line":8},"1":{"loc":{"start":{"line":8,"column":8},"end":{"line":8,"column":31}},"type":"binary-expr","locations":[{"start":{"line":8,"column":8},"end":{"line":8,"column":18}},{"start":{"line":8,"column":22},"end":{"line":8,"column":31}}],"line":8},"2":{"loc":{"start":{"line":20,"column":22},"end":{"line":20,"column":37}},"type":"binary-expr","locations":[{"start":{"line":20,"column":22},"end":{"line":20,"column":29}},{"start":{"line":20,"column":33},"end":{"line":20,"column":37}}],"line":20},"3":{"loc":{"start":{"line":24,"column":4},"end":{"line":26,"column":5}},"type":"if","locations":[{"start":{"line":24,"column":4},"end":{"line":26,"column":5}},{"start":{},"end":{}}],"line":24},"4":{"loc":{"start":{"line":34,"column":18},"end":{"line":34,"column":33}},"type":"binary-expr","locations":[{"start":{"line":34,"column":18},"end":{"line":34,"column":25}},{"start":{"line":34,"column":29},"end":{"line":34,"column":33}}],"line":34},"5":{"loc":{"start":{"line":39,"column":4},"end":{"line":42,"column":5}},"type":"if","locations":[{"start":{"line":39,"column":4},"end":{"line":42,"column":5}},{"start":{},"end":{}}],"line":39},"6":{"loc":{"start":{"line":56,"column":4},"end":{"line":58,"column":5}},"type":"if","locations":[{"start":{"line":56,"column":4},"end":{"line":58,"column":5}},{"start":{},"end":{}}],"line":56},"7":{"loc":{"start":{"line":75,"column":4},"end":{"line":78,"column":5}},"type":"if","locations":[{"start":{"line":75,"column":4},"end":{"line":78,"column":5}},{"start":{},"end":{}}],"line":75},"8":{"loc":{"start":{"line":91,"column":12},"end":{"line":91,"column":20}},"type":"default-arg","locations":[{"start":{"line":91,"column":19},"end":{"line":91,"column":20}}],"line":91},"9":{"loc":{"start":{"line":91,"column":22},"end":{"line":91,"column":32}},"type":"default-arg","locations":[{"start":{"line":91,"column":30},"end":{"line":91,"column":32}}],"line":91},"10":{"loc":{"start":{"line":93,"column":4},"end":{"line":95,"column":5}},"type":"if","locations":[{"start":{"line":93,"column":4},"end":{"line":95,"column":5}},{"start":{},"end":{}}],"line":93},"11":{"loc":{"start":{"line":112,"column":4},"end":{"line":115,"column":5}},"type":"if","locations":[{"start":{"line":112,"column":4},"end":{"line":115,"column":5}},{"start":{},"end":{}}],"line":112},"12":{"loc":{"start":{"line":131,"column":6},"end":{"line":131,"column":26}},"type":"default-arg","locations":[{"start":{"line":131,"column":20},"end":{"line":131,"column":26}}],"line":131},"13":{"loc":{"start":{"line":134,"column":4},"end":{"line":138,"column":5}},"type":"if","locations":[{"start":{"line":134,"column":4},"end":{"line":138,"column":5}},{"start":{},"end":{}}],"line":134},"14":{"loc":{"start":{"line":134,"column":8},"end":{"line":134,"column":52}},"type":"binary-expr","locations":[{"start":{"line":134,"column":8},"end":{"line":134,"column":23}},{"start":{"line":134,"column":27},"end":{"line":134,"column":36}},{"start":{"line":134,"column":40},"end":{"line":134,"column":52}}],"line":134},"15":{"loc":{"start":{"line":148,"column":4},"end":{"line":152,"column":5}},"type":"if","locations":[{"start":{"line":148,"column":4},"end":{"line":152,"column":5}},{"start":{},"end":{}}],"line":148},"16":{"loc":{"start":{"line":148,"column":8},"end":{"line":148,"column":34}},"type":"binary-expr","locations":[{"start":{"line":148,"column":8},"end":{"line":148,"column":17}},{"start":{"line":148,"column":21},"end":{"line":148,"column":34}}],"line":148},"17":{"loc":{"start":{"line":171,"column":4},"end":{"line":174,"column":5}},"type":"if","locations":[{"start":{"line":171,"column":4},"end":{"line":174,"column":5}},{"start":{},"end":{}}],"line":171},"18":{"loc":{"start":{"line":188,"column":4},"end":{"line":192,"column":5}},"type":"if","locations":[{"start":{"line":188,"column":4},"end":{"line":192,"column":5}},{"start":{},"end":{}}],"line":188},"19":{"loc":{"start":{"line":188,"column":8},"end":{"line":188,"column":34}},"type":"binary-expr","locations":[{"start":{"line":188,"column":8},"end":{"line":188,"column":23}},{"start":{"line":188,"column":27},"end":{"line":188,"column":34}}],"line":188},"20":{"loc":{"start":{"line":202,"column":4},"end":{"line":205,"column":5}},"type":"if","locations":[{"start":{"line":202,"column":4},"end":{"line":205,"column":5}},{"start":{},"end":{}}],"line":202},"21":{"loc":{"start":{"line":219,"column":4},"end":{"line":221,"column":5}},"type":"if","locations":[{"start":{"line":219,"column":4},"end":{"line":221,"column":5}},{"start":{},"end":{}}],"line":219},"22":{"loc":{"start":{"line":230,"column":4},"end":{"line":235,"column":5}},"type":"if","locations":[{"start":{"line":230,"column":4},"end":{"line":235,"column":5}},{"start":{},"end":{}}],"line":230},"23":{"loc":{"start":{"line":237,"column":4},"end":{"line":239,"column":5}},"type":"if","locations":[{"start":{"line":237,"column":4},"end":{"line":239,"column":5}},{"start":{},"end":{}}],"line":237},"24":{"loc":{"start":{"line":237,"column":8},"end":{"line":237,"column":60}},"type":"binary-expr","locations":[{"start":{"line":237,"column":8},"end":{"line":237,"column":26}},{"start":{"line":237,"column":30},"end":{"line":237,"column":60}}],"line":237},"25":{"loc":{"start":{"line":253,"column":4},"end":{"line":256,"column":5}},"type":"if","locations":[{"start":{"line":253,"column":4},"end":{"line":256,"column":5}},{"start":{},"end":{}}],"line":253},"26":{"loc":{"start":{"line":258,"column":40},"end":{"line":258,"column":50}},"type":"binary-expr","locations":[{"start":{"line":258,"column":40},"end":{"line":258,"column":45}},{"start":{"line":258,"column":49},"end":{"line":258,"column":50}}],"line":258}},"s":{"0":1,"1":1,"2":3,"3":3,"4":3,"5":1,"6":2,"7":2,"8":1,"9":1,"10":1,"11":0,"12":0,"13":1,"14":0,"15":0,"16":1,"17":1,"18":1,"19":1,"20":0,"21":1,"22":1,"23":0,"24":0,"25":1,"26":0,"27":0,"28":1,"29":1,"30":1,"31":1,"32":1,"33":0,"34":1,"35":1,"36":1,"37":0,"38":0,"39":1,"40":0,"41":0,"42":1,"43":2,"44":2,"45":2,"46":0,"47":2,"48":2,"49":1,"50":1,"51":1,"52":0,"53":0,"54":1,"55":0,"56":0,"57":1,"58":1,"59":1,"60":1,"61":0,"62":1,"63":1,"64":0,"65":0,"66":1,"67":0,"68":0,"69":1,"70":2,"71":2,"72":2,"73":0,"74":2,"75":2,"76":0,"77":0,"78":2,"79":1,"80":1,"81":2,"82":1,"83":1,"84":0,"85":0,"86":1,"87":0,"88":0,"89":1},"f":{"0":3,"1":1,"2":1,"3":2,"4":1,"5":2,"6":2},"b":{"0":[1,2],"1":[3,3],"2":[2,2],"3":[1,1],"4":[1,1],"5":[0,1],"6":[0,1],"7":[0,1],"8":[1],"9":[1],"10":[0,1],"11":[0,1],"12":[2],"13":[0,2],"14":[2,2,2],"15":[1,1],"16":[2,1],"17":[0,1],"18":[0,1],"19":[1,1],"20":[0,1],"21":[0,2],"22":[0,2],"23":[1,1],"24":[2,2],"25":[0,1],"26":[1,0]},"_coverageSchema":"1a1c01bbd47fc00a2c39e90264f33305004495a9","hash":"a5a8032c6f03b95134a7936ddf346c258fc51005"}
,"C:\\Users\\raees\\Documents\\SDP Take 2\\QUANTIX\\Backend\\src\\Controllers\\editEvent.controller.js": {"path":"C:\\Users\\raees\\Documents\\SDP Take 2\\QUANTIX\\Backend\\src\\Controllers\\editEvent.controller.js","statementMap":{"0":{"start":{"line":1,"column":17},"end":{"line":1,"column":46}},"1":{"start":{"line":3,"column":18},"end":{"line":48,"column":1}},"2":{"start":{"line":4,"column":2},"end":{"line":47,"column":3}},"3":{"start":{"line":5,"column":19},"end":{"line":5,"column":29}},"4":{"start":{"line":6,"column":53},"end":{"line":6,"column":61}},"5":{"start":{"line":8,"column":4},"end":{"line":8,"column":63}},"6":{"start":{"line":10,"column":25},"end":{"line":10,"column":35}},"7":{"start":{"line":13,"column":4},"end":{"line":17,"column":5}},"8":{"start":{"line":14,"column":6},"end":{"line":14,"column":50}},"9":{"start":{"line":15,"column":11},"end":{"line":17,"column":5}},"10":{"start":{"line":16,"column":6},"end":{"line":16,"column":42}},"11":{"start":{"line":19,"column":23},"end":{"line":23,"column":5}},"12":{"start":{"line":25,"column":4},"end":{"line":27,"column":5}},"13":{"start":{"line":26,"column":6},"end":{"line":26,"column":45}},"14":{"start":{"line":29,"column":4},"end":{"line":29,"column":50}},"15":{"start":{"line":31,"column":28},"end":{"line":36,"column":15}},"16":{"start":{"line":38,"column":4},"end":{"line":41,"column":5}},"17":{"start":{"line":39,"column":6},"end":{"line":39,"column":46}},"18":{"start":{"line":40,"column":6},"end":{"line":40,"column":60}},"19":{"start":{"line":43,"column":4},"end":{"line":43,"column":45}},"20":{"start":{"line":45,"column":4},"end":{"line":45,"column":56}},"21":{"start":{"line":46,"column":4},"end":{"line":46,"column":62}},"22":{"start":{"line":50,"column":0},"end":{"line":50,"column":31}}},"fnMap":{"0":{"name":"(anonymous_0)","decl":{"start":{"line":3,"column":18},"end":{"line":3,"column":19}},"loc":{"start":{"line":3,"column":38},"end":{"line":48,"column":1}},"line":3}},"branchMap":{"0":{"loc":{"start":{"line":13,"column":4},"end":{"line":17,"column":5}},"type":"if","locations":[{"start":{"line":13,"column":4},"end":{"line":17,"column":5}},{"start":{"line":15,"column":11},"end":{"line":17,"column":5}}],"line":13},"1":{"loc":{"start":{"line":13,"column":8},"end":{"line":13,"column":26}},"type":"binary-expr","locations":[{"start":{"line":13,"column":8},"end":{"line":13,"column":12}},{"start":{"line":13,"column":16},"end":{"line":13,"column":26}}],"line":13},"2":{"loc":{"start":{"line":15,"column":11},"end":{"line":17,"column":5}},"type":"if","locations":[{"start":{"line":15,"column":11},"end":{"line":17,"column":5}},{"start":{},"end":{}}],"line":15},"3":{"loc":{"start":{"line":15,"column":15},"end":{"line":15,"column":34}},"type":"binary-expr","locations":[{"start":{"line":15,"column":15},"end":{"line":15,"column":19}},{"start":{"line":15,"column":23},"end":{"line":15,"column":34}}],"line":15},"4":{"loc":{"start":{"line":25,"column":4},"end":{"line":27,"column":5}},"type":"if","locations":[{"start":{"line":25,"column":4},"end":{"line":27,"column":5}},{"start":{},"end":{}}],"line":25},"5":{"loc":{"start":{"line":38,"column":4},"end":{"line":41,"column":5}},"type":"if","locations":[{"start":{"line":38,"column":4},"end":{"line":41,"column":5}},{"start":{},"end":{}}],"line":38}},"s":{"0":1,"1":1,"2":5,"3":5,"4":5,"5":5,"6":5,"7":5,"8":1,"9":4,"10":1,"11":5,"12":5,"13":2,"14":5,"15":5,"16":4,"17":1,"18":1,"19":3,"20":1,"21":1,"22":1},"f":{"0":5},"b":{"0":[1,4],"1":[5,2],"2":[1,3],"3":[4,1],"4":[2,3],"5":[1,3]},"_coverageSchema":"1a1c01bbd47fc00a2c39e90264f33305004495a9","hash":"0c20db18fc1b70389d4686778b57f78626b67f0b"}
,"C:\\Users\\raees\\Documents\\SDP Take 2\\QUANTIX\\Backend\\src\\Controllers\\exportController.js": {"path":"C:\\Users\\raees\\Documents\\SDP Take 2\\QUANTIX\\Backend\\src\\Controllers\\exportController.js","statementMap":{"0":{"start":{"line":1,"column":17},"end":{"line":1,"column":46}},"1":{"start":{"line":2,"column":17},"end":{"line":2,"column":36}},"2":{"start":{"line":3,"column":22},"end":{"line":3,"column":46}},"3":{"start":{"line":5,"column":0},"end":{"line":81,"column":2}},"4":{"start":{"line":6,"column":4},"end":{"line":80,"column":5}},"5":{"start":{"line":7,"column":28},"end":{"line":7,"column":38}},"6":{"start":{"line":10,"column":53},"end":{"line":13,"column":36}},"7":{"start":{"line":14,"column":8},"end":{"line":14,"column":43}},"8":{"start":{"line":14,"column":25},"end":{"line":14,"column":43}},"9":{"start":{"line":24,"column":55},"end":{"line":28,"column":21}},"10":{"start":{"line":29,"column":8},"end":{"line":29,"column":41}},"11":{"start":{"line":29,"column":24},"end":{"line":29,"column":41}},"12":{"start":{"line":32,"column":27},"end":{"line":32,"column":58}},"13":{"start":{"line":34,"column":26},"end":{"line":34,"column":60}},"14":{"start":{"line":36,"column":33},"end":{"line":41,"column":10}},"15":{"start":{"line":37,"column":12},"end":{"line":40,"column":15}},"16":{"start":{"line":38,"column":16},"end":{"line":38,"column":44}},"17":{"start":{"line":38,"column":25},"end":{"line":38,"column":44}},"18":{"start":{"line":39,"column":16},"end":{"line":39,"column":32}},"19":{"start":{"line":50,"column":32},"end":{"line":56,"column":10}},"20":{"start":{"line":51,"column":31},"end":{"line":51,"column":59}},"21":{"start":{"line":52,"column":12},"end":{"line":55,"column":15}},"22":{"start":{"line":53,"column":16},"end":{"line":53,"column":44}},"23":{"start":{"line":53,"column":25},"end":{"line":53,"column":44}},"24":{"start":{"line":54,"column":16},"end":{"line":54,"column":32}},"25":{"start":{"line":58,"column":26},"end":{"line":58,"column":48}},"26":{"start":{"line":60,"column":25},"end":{"line":60,"column":46}},"27":{"start":{"line":63,"column":24},"end":{"line":63,"column":63}},"28":{"start":{"line":64,"column":8},"end":{"line":64,"column":57}},"29":{"start":{"line":65,"column":8},"end":{"line":65,"column":97}},"30":{"start":{"line":66,"column":8},"end":{"line":66,"column":26}},"31":{"start":{"line":69,"column":8},"end":{"line":69,"column":60}},"32":{"start":{"line":71,"column":8},"end":{"line":71,"column":58}},"33":{"start":{"line":72,"column":8},"end":{"line":72,"column":58}},"34":{"start":{"line":74,"column":8},"end":{"line":74,"column":56}},"35":{"start":{"line":76,"column":8},"end":{"line":76,"column":33}},"36":{"start":{"line":78,"column":8},"end":{"line":78,"column":60}},"37":{"start":{"line":79,"column":8},"end":{"line":79,"column":61}}},"fnMap":{"0":{"name":"(anonymous_0)","decl":{"start":{"line":5,"column":26},"end":{"line":5,"column":27}},"loc":{"start":{"line":5,"column":46},"end":{"line":81,"column":1}},"line":5},"1":{"name":"(anonymous_1)","decl":{"start":{"line":36,"column":45},"end":{"line":36,"column":46}},"loc":{"start":{"line":36,"column":66},"end":{"line":41,"column":9}},"line":36},"2":{"name":"(anonymous_2)","decl":{"start":{"line":37,"column":48},"end":{"line":37,"column":49}},"loc":{"start":{"line":37,"column":65},"end":{"line":40,"column":13}},"line":37},"3":{"name":"(anonymous_3)","decl":{"start":{"line":50,"column":44},"end":{"line":50,"column":45}},"loc":{"start":{"line":50,"column":65},"end":{"line":56,"column":9}},"line":50},"4":{"name":"(anonymous_4)","decl":{"start":{"line":52,"column":52},"end":{"line":52,"column":53}},"loc":{"start":{"line":52,"column":69},"end":{"line":55,"column":13}},"line":52}},"branchMap":{"0":{"loc":{"start":{"line":14,"column":8},"end":{"line":14,"column":43}},"type":"if","locations":[{"start":{"line":14,"column":8},"end":{"line":14,"column":43}},{"start":{},"end":{}}],"line":14},"1":{"loc":{"start":{"line":29,"column":8},"end":{"line":29,"column":41}},"type":"if","locations":[{"start":{"line":29,"column":8},"end":{"line":29,"column":41}},{"start":{},"end":{}}],"line":29},"2":{"loc":{"start":{"line":38,"column":16},"end":{"line":38,"column":44}},"type":"if","locations":[{"start":{"line":38,"column":16},"end":{"line":38,"column":44}},{"start":{},"end":{}}],"line":38},"3":{"loc":{"start":{"line":51,"column":31},"end":{"line":51,"column":59}},"type":"cond-expr","locations":[{"start":{"line":51,"column":43},"end":{"line":51,"column":54}},{"start":{"line":51,"column":57},"end":{"line":51,"column":59}}],"line":51},"4":{"loc":{"start":{"line":53,"column":16},"end":{"line":53,"column":44}},"type":"if","locations":[{"start":{"line":53,"column":16},"end":{"line":53,"column":44}},{"start":{},"end":{}}],"line":53}},"s":{"0":1,"1":1,"2":1,"3":1,"4":3,"5":3,"6":3,"7":2,"8":0,"9":2,"10":2,"11":1,"12":1,"13":1,"14":1,"15":1,"16":1,"17":0,"18":1,"19":1,"20":1,"21":1,"22":1,"23":0,"24":1,"25":1,"26":1,"27":1,"28":1,"29":1,"30":1,"31":1,"32":1,"33":1,"34":1,"35":1,"36":2,"37":2},"f":{"0":3,"1":1,"2":1,"3":1,"4":1},"b":{"0":[0,2],"1":[1,1],"2":[0,1],"3":[1,0],"4":[0,1]},"_coverageSchema":"1a1c01bbd47fc00a2c39e90264f33305004495a9","hash":"fd1e8b48f96740c71aff930cbf9341411a342139"}
,"C:\\Users\\raees\\Documents\\SDP Take 2\\QUANTIX\\Backend\\src\\Controllers\\getEvent.controller.js": {"path":"C:\\Users\\raees\\Documents\\SDP Take 2\\QUANTIX\\Backend\\src\\Controllers\\getEvent.controller.js","statementMap":{"0":{"start":{"line":1,"column":17},"end":{"line":1,"column":46}},"1":{"start":{"line":3,"column":18},"end":{"line":24,"column":1}},"2":{"start":{"line":4,"column":2},"end":{"line":23,"column":3}},"3":{"start":{"line":5,"column":27},"end":{"line":5,"column":36}},"4":{"start":{"line":7,"column":4},"end":{"line":9,"column":5}},"5":{"start":{"line":8,"column":6},"end":{"line":8,"column":71}},"6":{"start":{"line":11,"column":28},"end":{"line":15,"column":47}},"7":{"start":{"line":17,"column":4},"end":{"line":17,"column":27}},"8":{"start":{"line":17,"column":15},"end":{"line":17,"column":27}},"9":{"start":{"line":19,"column":4},"end":{"line":19,"column":31}},"10":{"start":{"line":21,"column":4},"end":{"line":21,"column":57}},"11":{"start":{"line":22,"column":4},"end":{"line":22,"column":62}},"12":{"start":{"line":26,"column":21},"end":{"line":47,"column":1}},"13":{"start":{"line":27,"column":2},"end":{"line":46,"column":3}},"14":{"start":{"line":28,"column":25},"end":{"line":28,"column":35}},"15":{"start":{"line":29,"column":4},"end":{"line":30,"column":69}},"16":{"start":{"line":30,"column":6},"end":{"line":30,"column":69}},"17":{"start":{"line":32,"column":28},"end":{"line":36,"column":15}},"18":{"start":{"line":38,"column":4},"end":{"line":40,"column":5}},"19":{"start":{"line":39,"column":6},"end":{"line":39,"column":64}},"20":{"start":{"line":42,"column":4},"end":{"line":42,"column":31}},"21":{"start":{"line":44,"column":4},"end":{"line":44,"column":62}},"22":{"start":{"line":45,"column":4},"end":{"line":45,"column":61}},"23":{"start":{"line":49,"column":0},"end":{"line":49,"column":45}}},"fnMap":{"0":{"name":"(anonymous_0)","decl":{"start":{"line":3,"column":18},"end":{"line":3,"column":19}},"loc":{"start":{"line":3,"column":38},"end":{"line":24,"column":1}},"line":3},"1":{"name":"(anonymous_1)","decl":{"start":{"line":26,"column":21},"end":{"line":26,"column":22}},"loc":{"start":{"line":26,"column":41},"end":{"line":47,"column":1}},"line":26}},"branchMap":{"0":{"loc":{"start":{"line":7,"column":4},"end":{"line":9,"column":5}},"type":"if","locations":[{"start":{"line":7,"column":4},"end":{"line":9,"column":5}},{"start":{},"end":{}}],"line":7},"1":{"loc":{"start":{"line":17,"column":4},"end":{"line":17,"column":27}},"type":"if","locations":[{"start":{"line":17,"column":4},"end":{"line":17,"column":27}},{"start":{},"end":{}}],"line":17},"2":{"loc":{"start":{"line":29,"column":4},"end":{"line":30,"column":69}},"type":"if","locations":[{"start":{"line":29,"column":4},"end":{"line":30,"column":69}},{"start":{},"end":{}}],"line":29},"3":{"loc":{"start":{"line":38,"column":4},"end":{"line":40,"column":5}},"type":"if","locations":[{"start":{"line":38,"column":4},"end":{"line":40,"column":5}},{"start":{},"end":{}}],"line":38},"4":{"loc":{"start":{"line":38,"column":8},"end":{"line":38,"column":22}},"type":"binary-expr","locations":[{"start":{"line":38,"column":8},"end":{"line":38,"column":13}},{"start":{"line":38,"column":17},"end":{"line":38,"column":22}}],"line":38}},"s":{"0":1,"1":1,"2":3,"3":3,"4":3,"5":1,"6":2,"7":1,"8":0,"9":1,"10":1,"11":1,"12":1,"13":3,"14":3,"15":3,"16":0,"17":3,"18":2,"19":1,"20":1,"21":1,"22":1,"23":1},"f":{"0":3,"1":3},"b":{"0":[1,2],"1":[0,1],"2":[0,3],"3":[1,1],"4":[2,2]},"_coverageSchema":"1a1c01bbd47fc00a2c39e90264f33305004495a9","hash":"e9663d1ed845785f9646f64c917a9ac213393770"}
,"C:\\Users\\raees\\Documents\\SDP Take 2\\QUANTIX\\Backend\\src\\Controllers\\newEvent.controller.js": {"path":"C:\\Users\\raees\\Documents\\SDP Take 2\\QUANTIX\\Backend\\src\\Controllers\\newEvent.controller.js","statementMap":{"0":{"start":{"line":1,"column":17},"end":{"line":1,"column":46}},"1":{"start":{"line":3,"column":20},"end":{"line":82,"column":1}},"2":{"start":{"line":4,"column":2},"end":{"line":81,"column":3}},"3":{"start":{"line":14,"column":8},"end":{"line":14,"column":16}},"4":{"start":{"line":16,"column":4},"end":{"line":18,"column":5}},"5":{"start":{"line":17,"column":6},"end":{"line":17,"column":72}},"6":{"start":{"line":21,"column":51},"end":{"line":25,"column":15}},"7":{"start":{"line":27,"column":4},"end":{"line":29,"column":5}},"8":{"start":{"line":28,"column":6},"end":{"line":28,"column":71}},"9":{"start":{"line":32,"column":51},"end":{"line":42,"column":15}},"10":{"start":{"line":44,"column":4},"end":{"line":47,"column":5}},"11":{"start":{"line":45,"column":6},"end":{"line":45,"column":55}},"12":{"start":{"line":46,"column":6},"end":{"line":46,"column":65}},"13":{"start":{"line":49,"column":20},"end":{"line":49,"column":41}},"14":{"start":{"line":52,"column":4},"end":{"line":63,"column":5}},"15":{"start":{"line":53,"column":37},"end":{"line":60,"column":10}},"16":{"start":{"line":61,"column":6},"end":{"line":62,"column":67}},"17":{"start":{"line":62,"column":8},"end":{"line":62,"column":67}},"18":{"start":{"line":66,"column":4},"end":{"line":75,"column":5}},"19":{"start":{"line":67,"column":60},"end":{"line":67,"column":63}},"20":{"start":{"line":68,"column":35},"end":{"line":73,"column":8}},"21":{"start":{"line":74,"column":6},"end":{"line":74,"column":68}},"22":{"start":{"line":74,"column":21},"end":{"line":74,"column":68}},"23":{"start":{"line":77,"column":4},"end":{"line":77,"column":57}},"24":{"start":{"line":79,"column":4},"end":{"line":79,"column":46}},"25":{"start":{"line":80,"column":4},"end":{"line":80,"column":69}},"26":{"start":{"line":84,"column":0},"end":{"line":84,"column":33}}},"fnMap":{"0":{"name":"(anonymous_0)","decl":{"start":{"line":3,"column":20},"end":{"line":3,"column":21}},"loc":{"start":{"line":3,"column":40},"end":{"line":82,"column":1}},"line":3}},"branchMap":{"0":{"loc":{"start":{"line":11,"column":6},"end":{"line":11,"column":26}},"type":"default-arg","locations":[{"start":{"line":11,"column":24},"end":{"line":11,"column":26}}],"line":11},"1":{"loc":{"start":{"line":12,"column":6},"end":{"line":12,"column":20}},"type":"default-arg","locations":[{"start":{"line":12,"column":18},"end":{"line":12,"column":20}}],"line":12},"2":{"loc":{"start":{"line":16,"column":4},"end":{"line":18,"column":5}},"type":"if","locations":[{"start":{"line":16,"column":4},"end":{"line":18,"column":5}},{"start":{},"end":{}}],"line":16},"3":{"loc":{"start":{"line":16,"column":8},"end":{"line":16,"column":43}},"type":"binary-expr","locations":[{"start":{"line":16,"column":8},"end":{"line":16,"column":13}},{"start":{"line":16,"column":17},"end":{"line":16,"column":28}},{"start":{"line":16,"column":32},"end":{"line":16,"column":43}}],"line":16},"4":{"loc":{"start":{"line":27,"column":4},"end":{"line":29,"column":5}},"type":"if","locations":[{"start":{"line":27,"column":4},"end":{"line":29,"column":5}},{"start":{},"end":{}}],"line":27},"5":{"loc":{"start":{"line":27,"column":8},"end":{"line":27,"column":32}},"type":"binary-expr","locations":[{"start":{"line":27,"column":8},"end":{"line":27,"column":20}},{"start":{"line":27,"column":24},"end":{"line":27,"column":32}}],"line":27},"6":{"loc":{"start":{"line":36,"column":15},"end":{"line":36,"column":28}},"type":"binary-expr","locations":[{"start":{"line":36,"column":15},"end":{"line":36,"column":20}},{"start":{"line":36,"column":24},"end":{"line":36,"column":28}}],"line":36},"7":{"loc":{"start":{"line":38,"column":18},"end":{"line":38,"column":34}},"type":"binary-expr","locations":[{"start":{"line":38,"column":18},"end":{"line":38,"column":26}},{"start":{"line":38,"column":30},"end":{"line":38,"column":34}}],"line":38},"8":{"loc":{"start":{"line":39,"column":15},"end":{"line":39,"column":28}},"type":"binary-expr","locations":[{"start":{"line":39,"column":15},"end":{"line":39,"column":20}},{"start":{"line":39,"column":24},"end":{"line":39,"column":28}}],"line":39},"9":{"loc":{"start":{"line":44,"column":4},"end":{"line":47,"column":5}},"type":"if","locations":[{"start":{"line":44,"column":4},"end":{"line":47,"column":5}},{"start":{},"end":{}}],"line":44},"10":{"loc":{"start":{"line":61,"column":6},"end":{"line":62,"column":67}},"type":"if","locations":[{"start":{"line":61,"column":6},"end":{"line":62,"column":67}},{"start":{},"end":{}}],"line":61},"11":{"loc":{"start":{"line":74,"column":6},"end":{"line":74,"column":68}},"type":"if","locations":[{"start":{"line":74,"column":6},"end":{"line":74,"column":68}},{"start":{},"end":{}}],"line":74}},"s":{"0":1,"1":1,"2":4,"3":4,"4":4,"5":1,"6":3,"7":3,"8":1,"9":2,"10":2,"11":1,"12":1,"13":1,"14":1,"15":1,"16":1,"17":0,"18":1,"19":1,"20":1,"21":1,"22":0,"23":1,"24":0,"25":0,"26":1},"f":{"0":4},"b":{"0":[3],"1":[3],"2":[1,3],"3":[4,3,3],"4":[1,2],"5":[3,3],"6":[2,2],"7":[2,2],"8":[2,2],"9":[1,1],"10":[0,1],"11":[0,1]},"_coverageSchema":"1a1c01bbd47fc00a2c39e90264f33305004495a9","hash":"df29c77a139d7048d22addf59cd030af8c9122c8"}
,"C:\\Users\\raees\\Documents\\SDP Take 2\\QUANTIX\\Backend\\src\\Controllers\\planner.controller.js": {"path":"C:\\Users\\raees\\Documents\\SDP Take 2\\QUANTIX\\Backend\\src\\Controllers\\planner.controller.js","statementMap":{"0":{"start":{"line":1,"column":17},"end":{"line":1,"column":46}},"1":{"start":{"line":3,"column":23},"end":{"line":25,"column":1}},"2":{"start":{"line":4,"column":2},"end":{"line":24,"column":3}},"3":{"start":{"line":5,"column":19},"end":{"line":5,"column":29}},"4":{"start":{"line":6,"column":4},"end":{"line":6,"column":78}},"5":{"start":{"line":6,"column":13},"end":{"line":6,"column":78}},"6":{"start":{"line":8,"column":28},"end":{"line":12,"column":15}},"7":{"start":{"line":14,"column":4},"end":{"line":14,"column":27}},"8":{"start":{"line":14,"column":15},"end":{"line":14,"column":27}},"9":{"start":{"line":16,"column":4},"end":{"line":18,"column":5}},"10":{"start":{"line":17,"column":6},"end":{"line":17,"column":66}},"11":{"start":{"line":20,"column":4},"end":{"line":20,"column":31}},"12":{"start":{"line":22,"column":4},"end":{"line":22,"column":58}},"13":{"start":{"line":23,"column":4},"end":{"line":23,"column":63}},"14":{"start":{"line":27,"column":0},"end":{"line":27,"column":36}}},"fnMap":{"0":{"name":"(anonymous_0)","decl":{"start":{"line":3,"column":23},"end":{"line":3,"column":24}},"loc":{"start":{"line":3,"column":43},"end":{"line":25,"column":1}},"line":3}},"branchMap":{"0":{"loc":{"start":{"line":6,"column":4},"end":{"line":6,"column":78}},"type":"if","locations":[{"start":{"line":6,"column":4},"end":{"line":6,"column":78}},{"start":{},"end":{}}],"line":6},"1":{"loc":{"start":{"line":14,"column":4},"end":{"line":14,"column":27}},"type":"if","locations":[{"start":{"line":14,"column":4},"end":{"line":14,"column":27}},{"start":{},"end":{}}],"line":14},"2":{"loc":{"start":{"line":16,"column":4},"end":{"line":18,"column":5}},"type":"if","locations":[{"start":{"line":16,"column":4},"end":{"line":18,"column":5}},{"start":{},"end":{}}],"line":16}},"s":{"0":1,"1":1,"2":4,"3":4,"4":4,"5":1,"6":3,"7":2,"8":0,"9":2,"10":1,"11":1,"12":1,"13":1,"14":1},"f":{"0":4},"b":{"0":[1,3],"1":[0,2],"2":[1,1]},"_coverageSchema":"1a1c01bbd47fc00a2c39e90264f33305004495a9","hash":"51266e479f134374a0d383a849c60c1a9d4caaff"}
,"C:\\Users\\raees\\Documents\\SDP Take 2\\QUANTIX\\Backend\\src\\Controllers\\vendor.controller.js": {"path":"C:\\Users\\raees\\Documents\\SDP Take 2\\QUANTIX\\Backend\\src\\Controllers\\vendor.controller.js","statementMap":{"0":{"start":{"line":1,"column":17},"end":{"line":1,"column":46}},"1":{"start":{"line":3,"column":22},"end":{"line":25,"column":1}},"2":{"start":{"line":4,"column":2},"end":{"line":24,"column":3}},"3":{"start":{"line":5,"column":19},"end":{"line":5,"column":29}},"4":{"start":{"line":6,"column":4},"end":{"line":6,"column":77}},"5":{"start":{"line":6,"column":13},"end":{"line":6,"column":77}},"6":{"start":{"line":8,"column":28},"end":{"line":12,"column":15}},"7":{"start":{"line":14,"column":4},"end":{"line":14,"column":27}},"8":{"start":{"line":14,"column":15},"end":{"line":14,"column":27}},"9":{"start":{"line":16,"column":4},"end":{"line":18,"column":5}},"10":{"start":{"line":17,"column":6},"end":{"line":17,"column":65}},"11":{"start":{"line":20,"column":4},"end":{"line":20,"column":31}},"12":{"start":{"line":22,"column":4},"end":{"line":22,"column":57}},"13":{"start":{"line":23,"column":4},"end":{"line":23,"column":62}},"14":{"start":{"line":27,"column":22},"end":{"line":41,"column":1}},"15":{"start":{"line":28,"column":2},"end":{"line":40,"column":3}},"16":{"start":{"line":29,"column":28},"end":{"line":32,"column":50}},"17":{"start":{"line":34,"column":4},"end":{"line":34,"column":27}},"18":{"start":{"line":34,"column":15},"end":{"line":34,"column":27}},"19":{"start":{"line":36,"column":4},"end":{"line":36,"column":31}},"20":{"start":{"line":38,"column":4},"end":{"line":38,"column":58}},"21":{"start":{"line":39,"column":4},"end":{"line":39,"column":63}},"22":{"start":{"line":43,"column":0},"end":{"line":43,"column":50}}},"fnMap":{"0":{"name":"(anonymous_0)","decl":{"start":{"line":3,"column":22},"end":{"line":3,"column":23}},"loc":{"start":{"line":3,"column":42},"end":{"line":25,"column":1}},"line":3},"1":{"name":"(anonymous_1)","decl":{"start":{"line":27,"column":22},"end":{"line":27,"column":23}},"loc":{"start":{"line":27,"column":42},"end":{"line":41,"column":1}},"line":27}},"branchMap":{"0":{"loc":{"start":{"line":6,"column":4},"end":{"line":6,"column":77}},"type":"if","locations":[{"start":{"line":6,"column":4},"end":{"line":6,"column":77}},{"start":{},"end":{}}],"line":6},"1":{"loc":{"start":{"line":14,"column":4},"end":{"line":14,"column":27}},"type":"if","locations":[{"start":{"line":14,"column":4},"end":{"line":14,"column":27}},{"start":{},"end":{}}],"line":14},"2":{"loc":{"start":{"line":16,"column":4},"end":{"line":18,"column":5}},"type":"if","locations":[{"start":{"line":16,"column":4},"end":{"line":18,"column":5}},{"start":{},"end":{}}],"line":16},"3":{"loc":{"start":{"line":34,"column":4},"end":{"line":34,"column":27}},"type":"if","locations":[{"start":{"line":34,"column":4},"end":{"line":34,"column":27}},{"start":{},"end":{}}],"line":34}},"s":{"0":1,"1":1,"2":4,"3":4,"4":4,"5":1,"6":3,"7":2,"8":0,"9":2,"10":1,"11":1,"12":1,"13":1,"14":1,"15":2,"16":2,"17":1,"18":0,"19":1,"20":1,"21":1,"22":1},"f":{"0":4,"1":2},"b":{"0":[1,3],"1":[0,2],"2":[1,1],"3":[0,1]},"_coverageSchema":"1a1c01bbd47fc00a2c39e90264f33305004495a9","hash":"6aa2dfb2fd2570f611a8718966635db2f6d41b0c"}
,"C:\\Users\\raees\\Documents\\SDP Take 2\\QUANTIX\\Backend\\src\\Controllers\\vendorProfileController.js": {"path":"C:\\Users\\raees\\Documents\\SDP Take 2\\QUANTIX\\Backend\\src\\Controllers\\vendorProfileController.js","statementMap":{"0":{"start":{"line":1,"column":17},"end":{"line":1,"column":46}},"1":{"start":{"line":7,"column":25},"end":{"line":56,"column":1}},"2":{"start":{"line":8,"column":21},"end":{"line":8,"column":31}},"3":{"start":{"line":10,"column":2},"end":{"line":12,"column":3}},"4":{"start":{"line":11,"column":4},"end":{"line":11,"column":67}},"5":{"start":{"line":14,"column":2},"end":{"line":55,"column":3}},"6":{"start":{"line":16,"column":57},"end":{"line":20,"column":15}},"7":{"start":{"line":22,"column":4},"end":{"line":27,"column":5}},"8":{"start":{"line":23,"column":6},"end":{"line":25,"column":7}},"9":{"start":{"line":24,"column":8},"end":{"line":24,"column":76}},"10":{"start":{"line":26,"column":6},"end":{"line":26,"column":25}},"11":{"start":{"line":30,"column":59},"end":{"line":33,"column":30}},"12":{"start":{"line":35,"column":4},"end":{"line":37,"column":5}},"13":{"start":{"line":36,"column":6},"end":{"line":36,"column":26}},"14":{"start":{"line":41,"column":25},"end":{"line":41,"column":76}},"15":{"start":{"line":41,"column":55},"end":{"line":41,"column":75}},"16":{"start":{"line":43,"column":25},"end":{"line":47,"column":5}},"17":{"start":{"line":50,"column":4},"end":{"line":50,"column":39}},"18":{"start":{"line":53,"column":4},"end":{"line":53,"column":65}},"19":{"start":{"line":54,"column":4},"end":{"line":54,"column":74}},"20":{"start":{"line":58,"column":0},"end":{"line":60,"column":2}}},"fnMap":{"0":{"name":"(anonymous_0)","decl":{"start":{"line":7,"column":25},"end":{"line":7,"column":26}},"loc":{"start":{"line":7,"column":45},"end":{"line":56,"column":1}},"line":7},"1":{"name":"(anonymous_1)","decl":{"start":{"line":41,"column":44},"end":{"line":41,"column":45}},"loc":{"start":{"line":41,"column":55},"end":{"line":41,"column":75}},"line":41}},"branchMap":{"0":{"loc":{"start":{"line":10,"column":2},"end":{"line":12,"column":3}},"type":"if","locations":[{"start":{"line":10,"column":2},"end":{"line":12,"column":3}},{"start":{},"end":{}}],"line":10},"1":{"loc":{"start":{"line":22,"column":4},"end":{"line":27,"column":5}},"type":"if","locations":[{"start":{"line":22,"column":4},"end":{"line":27,"column":5}},{"start":{},"end":{}}],"line":22},"2":{"loc":{"start":{"line":23,"column":6},"end":{"line":25,"column":7}},"type":"if","locations":[{"start":{"line":23,"column":6},"end":{"line":25,"column":7}},{"start":{},"end":{}}],"line":23},"3":{"loc":{"start":{"line":35,"column":4},"end":{"line":37,"column":5}},"type":"if","locations":[{"start":{"line":35,"column":4},"end":{"line":37,"column":5}},{"start":{},"end":{}}],"line":35}},"s":{"0":1,"1":1,"2":5,"3":5,"4":1,"5":4,"6":4,"7":3,"8":1,"9":1,"10":0,"11":2,"12":2,"13":0,"14":2,"15":2,"16":2,"17":2,"18":1,"19":1,"20":1},"f":{"0":5,"1":2},"b":{"0":[1,4],"1":[1,2],"2":[1,0],"3":[0,2]},"_coverageSchema":"1a1c01bbd47fc00a2c39e90264f33305004495a9","hash":"241b527e25dbd80f4857494b0856d5ce05d02522"}
,"C:\\Users\\raees\\Documents\\SDP Take 2\\QUANTIX\\Backend\\src\\Controllers\\vendorRequest.controller.js": {"path":"C:\\Users\\raees\\Documents\\SDP Take 2\\QUANTIX\\Backend\\src\\Controllers\\vendorRequest.controller.js","statementMap":{"0":{"start":{"line":1,"column":17},"end":{"line":1,"column":46}},"1":{"start":{"line":3,"column":28},"end":{"line":35,"column":1}},"2":{"start":{"line":4,"column":2},"end":{"line":34,"column":3}},"3":{"start":{"line":5,"column":50},"end":{"line":5,"column":58}},"4":{"start":{"line":7,"column":4},"end":{"line":11,"column":5}},"5":{"start":{"line":8,"column":6},"end":{"line":10,"column":9}},"6":{"start":{"line":13,"column":4},"end":{"line":17,"column":7}},"7":{"start":{"line":19,"column":28},"end":{"line":23,"column":15}},"8":{"start":{"line":25,"column":4},"end":{"line":28,"column":5}},"9":{"start":{"line":26,"column":6},"end":{"line":26,"column":53}},"10":{"start":{"line":27,"column":6},"end":{"line":27,"column":60}},"11":{"start":{"line":30,"column":4},"end":{"line":30,"column":59}},"12":{"start":{"line":32,"column":4},"end":{"line":32,"column":65}},"13":{"start":{"line":33,"column":4},"end":{"line":33,"column":71}},"14":{"start":{"line":37,"column":35},"end":{"line":77,"column":1}},"15":{"start":{"line":38,"column":2},"end":{"line":76,"column":3}},"16":{"start":{"line":39,"column":26},"end":{"line":39,"column":36}},"17":{"start":{"line":40,"column":4},"end":{"line":41,"column":70}},"18":{"start":{"line":41,"column":6},"end":{"line":41,"column":70}},"19":{"start":{"line":43,"column":28},"end":{"line":61,"column":33}},"20":{"start":{"line":63,"column":4},"end":{"line":66,"column":5}},"21":{"start":{"line":64,"column":6},"end":{"line":64,"column":46}},"22":{"start":{"line":65,"column":6},"end":{"line":65,"column":60}},"23":{"start":{"line":68,"column":4},"end":{"line":70,"column":5}},"24":{"start":{"line":69,"column":6},"end":{"line":69,"column":38}},"25":{"start":{"line":72,"column":4},"end":{"line":72,"column":37}},"26":{"start":{"line":74,"column":4},"end":{"line":74,"column":71}},"27":{"start":{"line":75,"column":4},"end":{"line":75,"column":70}},"28":{"start":{"line":79,"column":34},"end":{"line":119,"column":1}},"29":{"start":{"line":80,"column":2},"end":{"line":118,"column":3}},"30":{"start":{"line":81,"column":25},"end":{"line":81,"column":35}},"31":{"start":{"line":82,"column":4},"end":{"line":83,"column":69}},"32":{"start":{"line":83,"column":6},"end":{"line":83,"column":69}},"33":{"start":{"line":85,"column":4},"end":{"line":85,"column":65}},"34":{"start":{"line":87,"column":28},"end":{"line":102,"column":31}},"35":{"start":{"line":104,"column":4},"end":{"line":107,"column":5}},"36":{"start":{"line":105,"column":6},"end":{"line":105,"column":46}},"37":{"start":{"line":106,"column":6},"end":{"line":106,"column":60}},"38":{"start":{"line":109,"column":4},"end":{"line":109,"column":48}},"39":{"start":{"line":111,"column":4},"end":{"line":113,"column":5}},"40":{"start":{"line":112,"column":6},"end":{"line":112,"column":38}},"41":{"start":{"line":114,"column":4},"end":{"line":114,"column":37}},"42":{"start":{"line":116,"column":4},"end":{"line":116,"column":71}},"43":{"start":{"line":117,"column":4},"end":{"line":117,"column":70}},"44":{"start":{"line":121,"column":28},"end":{"line":139,"column":1}},"45":{"start":{"line":122,"column":2},"end":{"line":138,"column":3}},"46":{"start":{"line":123,"column":19},"end":{"line":123,"column":29}},"47":{"start":{"line":124,"column":44},"end":{"line":124,"column":52}},"48":{"start":{"line":126,"column":28},"end":{"line":131,"column":15}},"49":{"start":{"line":133,"column":4},"end":{"line":133,"column":27}},"50":{"start":{"line":133,"column":15},"end":{"line":133,"column":27}},"51":{"start":{"line":134,"column":4},"end":{"line":134,"column":47}},"52":{"start":{"line":136,"column":4},"end":{"line":136,"column":65}},"53":{"start":{"line":137,"column":4},"end":{"line":137,"column":71}},"54":{"start":{"line":141,"column":0},"end":{"line":146,"column":2}}},"fnMap":{"0":{"name":"(anonymous_0)","decl":{"start":{"line":3,"column":28},"end":{"line":3,"column":29}},"loc":{"start":{"line":3,"column":48},"end":{"line":35,"column":1}},"line":3},"1":{"name":"(anonymous_1)","decl":{"start":{"line":37,"column":35},"end":{"line":37,"column":36}},"loc":{"start":{"line":37,"column":55},"end":{"line":77,"column":1}},"line":37},"2":{"name":"(anonymous_2)","decl":{"start":{"line":79,"column":34},"end":{"line":79,"column":35}},"loc":{"start":{"line":79,"column":54},"end":{"line":119,"column":1}},"line":79},"3":{"name":"(anonymous_3)","decl":{"start":{"line":121,"column":28},"end":{"line":121,"column":29}},"loc":{"start":{"line":121,"column":48},"end":{"line":139,"column":1}},"line":121}},"branchMap":{"0":{"loc":{"start":{"line":7,"column":4},"end":{"line":11,"column":5}},"type":"if","locations":[{"start":{"line":7,"column":4},"end":{"line":11,"column":5}},{"start":{},"end":{}}],"line":7},"1":{"loc":{"start":{"line":7,"column":8},"end":{"line":7,"column":48}},"type":"binary-expr","locations":[{"start":{"line":7,"column":8},"end":{"line":7,"column":17}},{"start":{"line":7,"column":21},"end":{"line":7,"column":31}},{"start":{"line":7,"column":35},"end":{"line":7,"column":48}}],"line":7},"2":{"loc":{"start":{"line":25,"column":4},"end":{"line":28,"column":5}},"type":"if","locations":[{"start":{"line":25,"column":4},"end":{"line":28,"column":5}},{"start":{},"end":{}}],"line":25},"3":{"loc":{"start":{"line":40,"column":4},"end":{"line":41,"column":70}},"type":"if","locations":[{"start":{"line":40,"column":4},"end":{"line":41,"column":70}},{"start":{},"end":{}}],"line":40},"4":{"loc":{"start":{"line":63,"column":4},"end":{"line":66,"column":5}},"type":"if","locations":[{"start":{"line":63,"column":4},"end":{"line":66,"column":5}},{"start":{},"end":{}}],"line":63},"5":{"loc":{"start":{"line":68,"column":4},"end":{"line":70,"column":5}},"type":"if","locations":[{"start":{"line":68,"column":4},"end":{"line":70,"column":5}},{"start":{},"end":{}}],"line":68},"6":{"loc":{"start":{"line":68,"column":8},"end":{"line":68,"column":34}},"type":"binary-expr","locations":[{"start":{"line":68,"column":8},"end":{"line":68,"column":13}},{"start":{"line":68,"column":17},"end":{"line":68,"column":34}}],"line":68},"7":{"loc":{"start":{"line":72,"column":25},"end":{"line":72,"column":35}},"type":"binary-expr","locations":[{"start":{"line":72,"column":25},"end":{"line":72,"column":29}},{"start":{"line":72,"column":33},"end":{"line":72,"column":35}}],"line":72},"8":{"loc":{"start":{"line":82,"column":4},"end":{"line":83,"column":69}},"type":"if","locations":[{"start":{"line":82,"column":4},"end":{"line":83,"column":69}},{"start":{},"end":{}}],"line":82},"9":{"loc":{"start":{"line":104,"column":4},"end":{"line":107,"column":5}},"type":"if","locations":[{"start":{"line":104,"column":4},"end":{"line":107,"column":5}},{"start":{},"end":{}}],"line":104},"10":{"loc":{"start":{"line":111,"column":4},"end":{"line":113,"column":5}},"type":"if","locations":[{"start":{"line":111,"column":4},"end":{"line":113,"column":5}},{"start":{},"end":{}}],"line":111},"11":{"loc":{"start":{"line":111,"column":8},"end":{"line":111,"column":34}},"type":"binary-expr","locations":[{"start":{"line":111,"column":8},"end":{"line":111,"column":13}},{"start":{"line":111,"column":17},"end":{"line":111,"column":34}}],"line":111},"12":{"loc":{"start":{"line":114,"column":25},"end":{"line":114,"column":35}},"type":"binary-expr","locations":[{"start":{"line":114,"column":25},"end":{"line":114,"column":29}},{"start":{"line":114,"column":33},"end":{"line":114,"column":35}}],"line":114},"13":{"loc":{"start":{"line":133,"column":4},"end":{"line":133,"column":27}},"type":"if","locations":[{"start":{"line":133,"column":4},"end":{"line":133,"column":27}},{"start":{},"end":{}}],"line":133}},"s":{"0":1,"1":1,"2":3,"3":3,"4":3,"5":1,"6":2,"7":2,"8":2,"9":1,"10":1,"11":1,"12":0,"13":0,"14":1,"15":3,"16":3,"17":3,"18":0,"19":3,"20":3,"21":1,"22":1,"23":2,"24":1,"25":1,"26":0,"27":0,"28":1,"29":2,"30":2,"31":2,"32":0,"33":2,"34":2,"35":2,"36":1,"37":1,"38":1,"39":1,"40":0,"41":1,"42":0,"43":0,"44":1,"45":2,"46":2,"47":2,"48":2,"49":1,"50":0,"51":1,"52":1,"53":1,"54":1},"f":{"0":3,"1":3,"2":2,"3":2},"b":{"0":[1,2],"1":[3,3,2],"2":[1,1],"3":[0,3],"4":[1,2],"5":[1,1],"6":[2,2],"7":[1,0],"8":[0,2],"9":[1,1],"10":[0,1],"11":[1,1],"12":[1,0],"13":[0,1]},"_coverageSchema":"1a1c01bbd47fc00a2c39e90264f33305004495a9","hash":"a18c282d540c3250917164a05062241f55f90bc3"}
,"C:\\Users\\raees\\Documents\\SDP Take 2\\QUANTIX\\Backend\\src\\Routes\\chat.routes.js": {"path":"C:\\Users\\raees\\Documents\\SDP Take 2\\QUANTIX\\Backend\\src\\Routes\\chat.routes.js","statementMap":{"0":{"start":{"line":1,"column":16},"end":{"line":1,"column":34}},"1":{"start":{"line":9,"column":4},"end":{"line":9,"column":45}},"2":{"start":{"line":11,"column":15},"end":{"line":11,"column":31}},"3":{"start":{"line":14,"column":0},"end":{"line":14,"column":55}},"4":{"start":{"line":17,"column":0},"end":{"line":17,"column":59}},"5":{"start":{"line":20,"column":0},"end":{"line":20,"column":79}},"6":{"start":{"line":23,"column":0},"end":{"line":23,"column":38}},"7":{"start":{"line":26,"column":0},"end":{"line":26,"column":50}},"8":{"start":{"line":29,"column":0},"end":{"line":29,"column":46}},"9":{"start":{"line":31,"column":0},"end":{"line":31,"column":24}}},"fnMap":{},"branchMap":{},"s":{"0":1,"1":1,"2":1,"3":1,"4":1,"5":1,"6":1,"7":1,"8":1,"9":1},"f":{},"b":{},"_coverageSchema":"1a1c01bbd47fc00a2c39e90264f33305004495a9","hash":"d6810ca1f5873b5cf74c012a6d4ff14b7aab84e7"}
,"C:\\Users\\raees\\Documents\\SDP Take 2\\QUANTIX\\Backend\\src\\Routes\\editEvent.routes.js": {"path":"C:\\Users\\raees\\Documents\\SDP Take 2\\QUANTIX\\Backend\\src\\Routes\\editEvent.routes.js","statementMap":{"0":{"start":{"line":1,"column":16},"end":{"line":1,"column":34}},"1":{"start":{"line":2,"column":22},"end":{"line":2,"column":68}},"2":{"start":{"line":4,"column":15},"end":{"line":4,"column":31}},"3":{"start":{"line":6,"column":0},"end":{"line":6,"column":30}},"4":{"start":{"line":8,"column":0},"end":{"line":8,"column":24}}},"fnMap":{},"branchMap":{},"s":{"0":1,"1":1,"2":1,"3":1,"4":1},"f":{},"b":{},"_coverageSchema":"1a1c01bbd47fc00a2c39e90264f33305004495a9","hash":"7e7c33c2f4d380ee2d9e915c9408b37a54abf750"}
,"C:\\Users\\raees\\Documents\\SDP Take 2\\QUANTIX\\Backend\\src\\Routes\\email.routes.js": {"path":"C:\\Users\\raees\\Documents\\SDP Take 2\\QUANTIX\\Backend\\src\\Routes\\email.routes.js","statementMap":{"0":{"start":{"line":1,"column":16},"end":{"line":1,"column":34}},"1":{"start":{"line":2,"column":19},"end":{"line":2,"column":40}},"2":{"start":{"line":3,"column":15},"end":{"line":3,"column":31}},"3":{"start":{"line":6,"column":21},"end":{"line":14,"column":3}},"4":{"start":{"line":15,"column":16},"end":{"line":15,"column":37}},"5":{"start":{"line":16,"column":2},"end":{"line":16,"column":106}},"6":{"start":{"line":19,"column":0},"end":{"line":95,"column":3}},"7":{"start":{"line":20,"column":2},"end":{"line":94,"column":3}},"8":{"start":{"line":24,"column":55},"end":{"line":24,"column":66}},"9":{"start":{"line":25,"column":4},"end":{"line":29,"column":5}},"10":{"start":{"line":26,"column":6},"end":{"line":26,"column":93}},"11":{"start":{"line":28,"column":6},"end":{"line":28,"column":105}},"12":{"start":{"line":38,"column":8},"end":{"line":38,"column":16}},"13":{"start":{"line":41,"column":4},"end":{"line":43,"column":5}},"14":{"start":{"line":42,"column":6},"end":{"line":42,"column":92}},"15":{"start":{"line":46,"column":25},"end":{"line":49,"column":5}},"16":{"start":{"line":52,"column":4},"end":{"line":55,"column":7}},"17":{"start":{"line":58,"column":18},"end":{"line":58,"column":69}},"18":{"start":{"line":61,"column":25},"end":{"line":61,"column":58}},"19":{"start":{"line":62,"column":22},"end":{"line":70,"column":5}},"20":{"start":{"line":73,"column":23},"end":{"line":73,"column":76}},"21":{"start":{"line":74,"column":4},"end":{"line":77,"column":7}},"22":{"start":{"line":80,"column":4},"end":{"line":80,"column":71}},"23":{"start":{"line":83,"column":4},"end":{"line":83,"column":58}},"24":{"start":{"line":87,"column":4},"end":{"line":89,"column":5}},"25":{"start":{"line":88,"column":8},"end":{"line":88,"column":117}},"26":{"start":{"line":91,"column":4},"end":{"line":93,"column":7}},"27":{"start":{"line":97,"column":0},"end":{"line":97,"column":24}}},"fnMap":{"0":{"name":"createMail","decl":{"start":{"line":5,"column":9},"end":{"line":5,"column":19}},"loc":{"start":{"line":5,"column":48},"end":{"line":17,"column":1}},"line":5},"1":{"name":"(anonymous_1)","decl":{"start":{"line":19,"column":28},"end":{"line":19,"column":29}},"loc":{"start":{"line":19,"column":48},"end":{"line":95,"column":1}},"line":19}},"branchMap":{"0":{"loc":{"start":{"line":25,"column":4},"end":{"line":29,"column":5}},"type":"if","locations":[{"start":{"line":25,"column":4},"end":{"line":29,"column":5}},{"start":{},"end":{}}],"line":25},"1":{"loc":{"start":{"line":25,"column":8},"end":{"line":25,"column":50}},"type":"binary-expr","locations":[{"start":{"line":25,"column":8},"end":{"line":25,"column":25}},{"start":{"line":25,"column":29},"end":{"line":25,"column":50}}],"line":25},"2":{"loc":{"start":{"line":41,"column":4},"end":{"line":43,"column":5}},"type":"if","locations":[{"start":{"line":41,"column":4},"end":{"line":43,"column":5}},{"start":{},"end":{}}],"line":41},"3":{"loc":{"start":{"line":41,"column":8},"end":{"line":41,"column":64}},"type":"binary-expr","locations":[{"start":{"line":41,"column":8},"end":{"line":41,"column":19}},{"start":{"line":41,"column":23},"end":{"line":41,"column":41}},{"start":{"line":41,"column":45},"end":{"line":41,"column":64}}],"line":41},"4":{"loc":{"start":{"line":65,"column":19},"end":{"line":65,"column":39}},"type":"binary-expr","locations":[{"start":{"line":65,"column":19},"end":{"line":65,"column":28}},{"start":{"line":65,"column":32},"end":{"line":65,"column":39}}],"line":65},"5":{"loc":{"start":{"line":66,"column":68},"end":{"line":66,"column":101}},"type":"binary-expr","locations":[{"start":{"line":66,"column":68},"end":{"line":66,"column":77}},{"start":{"line":66,"column":81},"end":{"line":66,"column":101}}],"line":66},"6":{"loc":{"start":{"line":87,"column":4},"end":{"line":89,"column":5}},"type":"if","locations":[{"start":{"line":87,"column":4},"end":{"line":89,"column":5}},{"start":{},"end":{}}],"line":87},"7":{"loc":{"start":{"line":87,"column":8},"end":{"line":87,"column":79}},"type":"binary-expr","locations":[{"start":{"line":87,"column":8},"end":{"line":87,"column":26}},{"start":{"line":87,"column":31},"end":{"line":87,"column":45}},{"start":{"line":87,"column":49},"end":{"line":87,"column":78}}],"line":87}},"s":{"0":1,"1":1,"2":1,"3":2,"4":2,"5":2,"6":1,"7":4,"8":4,"9":4,"10":1,"11":1,"12":3,"13":3,"14":1,"15":2,"16":2,"17":2,"18":2,"19":2,"20":2,"21":2,"22":1,"23":1,"24":1,"25":1,"26":0,"27":1},"f":{"0":2,"1":4},"b":{"0":[1,3],"1":[4,3],"2":[1,2],"3":[3,3,2],"4":[2,1],"5":[2,1],"6":[1,0],"7":[1,0,0]},"_coverageSchema":"1a1c01bbd47fc00a2c39e90264f33305004495a9","hash":"62350b4e0bdf2bd65eb552ec8782d08edd9c9ddc"}
,"C:\\Users\\raees\\Documents\\SDP Take 2\\QUANTIX\\Backend\\src\\Routes\\export.routes.js": {"path":"C:\\Users\\raees\\Documents\\SDP Take 2\\QUANTIX\\Backend\\src\\Routes\\export.routes.js","statementMap":{"0":{"start":{"line":1,"column":16},"end":{"line":1,"column":34}},"1":{"start":{"line":2,"column":15},"end":{"line":2,"column":31}},"2":{"start":{"line":3,"column":25},"end":{"line":3,"column":67}},"3":{"start":{"line":5,"column":0},"end":{"line":5,"column":65}},"4":{"start":{"line":7,"column":0},"end":{"line":7,"column":24}}},"fnMap":{},"branchMap":{},"s":{"0":1,"1":1,"2":1,"3":1,"4":1},"f":{},"b":{},"_coverageSchema":"1a1c01bbd47fc00a2c39e90264f33305004495a9","hash":"eb325dd298363dfca8b09489322c3f0ffa4e34b6"}
,"C:\\Users\\raees\\Documents\\SDP Take 2\\QUANTIX\\Backend\\src\\Routes\\getEvent.routes.js": {"path":"C:\\Users\\raees\\Documents\\SDP Take 2\\QUANTIX\\Backend\\src\\Routes\\getEvent.routes.js","statementMap":{"0":{"start":{"line":1,"column":16},"end":{"line":1,"column":34}},"1":{"start":{"line":2,"column":22},"end":{"line":2,"column":67}},"2":{"start":{"line":3,"column":25},"end":{"line":3,"column":70}},"3":{"start":{"line":5,"column":15},"end":{"line":5,"column":31}},"4":{"start":{"line":7,"column":0},"end":{"line":7,"column":27}},"5":{"start":{"line":8,"column":0},"end":{"line":8,"column":42}},"6":{"start":{"line":10,"column":0},"end":{"line":10,"column":24}}},"fnMap":{},"branchMap":{},"s":{"0":1,"1":1,"2":1,"3":1,"4":1,"5":1,"6":1},"f":{},"b":{},"_coverageSchema":"1a1c01bbd47fc00a2c39e90264f33305004495a9","hash":"cbfd9447f3f0f529c47aa5601fa42e0df100ec7a"}
,"C:\\Users\\raees\\Documents\\SDP Take 2\\QUANTIX\\Backend\\src\\Routes\\guests.routes.js": {"path":"C:\\Users\\raees\\Documents\\SDP Take 2\\QUANTIX\\Backend\\src\\Routes\\guests.routes.js","statementMap":{"0":{"start":{"line":2,"column":16},"end":{"line":2,"column":34}},"1":{"start":{"line":3,"column":25},"end":{"line":3,"column":57}},"2":{"start":{"line":4,"column":15},"end":{"line":4,"column":32}},"3":{"start":{"line":6,"column":0},"end":{"line":6,"column":16}},"4":{"start":{"line":8,"column":15},"end":{"line":8,"column":31}},"5":{"start":{"line":10,"column":17},"end":{"line":13,"column":1}},"6":{"start":{"line":16,"column":0},"end":{"line":19,"column":3}},"7":{"start":{"line":18,"column":4},"end":{"line":18,"column":11}},"8":{"start":{"line":22,"column":0},"end":{"line":36,"column":3}},"9":{"start":{"line":23,"column":24},"end":{"line":23,"column":34}},"10":{"start":{"line":24,"column":4},"end":{"line":35,"column":5}},"11":{"start":{"line":25,"column":32},"end":{"line":28,"column":36}},"12":{"start":{"line":30,"column":8},"end":{"line":30,"column":31}},"13":{"start":{"line":30,"column":19},"end":{"line":30,"column":31}},"14":{"start":{"line":31,"column":8},"end":{"line":31,"column":35}},"15":{"start":{"line":33,"column":8},"end":{"line":33,"column":53}},"16":{"start":{"line":34,"column":8},"end":{"line":34,"column":69}},"17":{"start":{"line":39,"column":0},"end":{"line":61,"column":3}},"18":{"start":{"line":40,"column":24},"end":{"line":40,"column":34}},"19":{"start":{"line":41,"column":68},"end":{"line":41,"column":76}},"20":{"start":{"line":44,"column":4},"end":{"line":46,"column":5}},"21":{"start":{"line":45,"column":8},"end":{"line":45,"column":79}},"22":{"start":{"line":48,"column":4},"end":{"line":60,"column":5}},"23":{"start":{"line":49,"column":32},"end":{"line":53,"column":14}},"24":{"start":{"line":55,"column":8},"end":{"line":55,"column":31}},"25":{"start":{"line":55,"column":19},"end":{"line":55,"column":31}},"26":{"start":{"line":56,"column":8},"end":{"line":56,"column":35}},"27":{"start":{"line":58,"column":8},"end":{"line":58,"column":54}},"28":{"start":{"line":59,"column":8},"end":{"line":59,"column":63}},"29":{"start":{"line":64,"column":0},"end":{"line":85,"column":3}},"30":{"start":{"line":65,"column":33},"end":{"line":65,"column":43}},"31":{"start":{"line":66,"column":20},"end":{"line":66,"column":28}},"32":{"start":{"line":68,"column":4},"end":{"line":84,"column":5}},"33":{"start":{"line":69,"column":32},"end":{"line":73,"column":36}},"34":{"start":{"line":75,"column":8},"end":{"line":75,"column":31}},"35":{"start":{"line":75,"column":19},"end":{"line":75,"column":31}},"36":{"start":{"line":76,"column":8},"end":{"line":78,"column":9}},"37":{"start":{"line":77,"column":12},"end":{"line":77,"column":70}},"38":{"start":{"line":80,"column":8},"end":{"line":80,"column":35}},"39":{"start":{"line":82,"column":8},"end":{"line":82,"column":52}},"40":{"start":{"line":83,"column":8},"end":{"line":83,"column":66}},"41":{"start":{"line":88,"column":0},"end":{"line":104,"column":3}},"42":{"start":{"line":89,"column":33},"end":{"line":89,"column":43}},"43":{"start":{"line":91,"column":4},"end":{"line":103,"column":5}},"44":{"start":{"line":92,"column":26},"end":{"line":96,"column":36}},"45":{"start":{"line":98,"column":8},"end":{"line":98,"column":31}},"46":{"start":{"line":98,"column":19},"end":{"line":98,"column":31}},"47":{"start":{"line":99,"column":8},"end":{"line":99,"column":31}},"48":{"start":{"line":101,"column":8},"end":{"line":101,"column":52}},"49":{"start":{"line":102,"column":8},"end":{"line":102,"column":66}},"50":{"start":{"line":106,"column":0},"end":{"line":106,"column":24}}},"fnMap":{"0":{"name":"(anonymous_0)","decl":{"start":{"line":16,"column":11},"end":{"line":16,"column":12}},"loc":{"start":{"line":16,"column":31},"end":{"line":19,"column":1}},"line":16},"1":{"name":"(anonymous_1)","decl":{"start":{"line":22,"column":24},"end":{"line":22,"column":25}},"loc":{"start":{"line":22,"column":44},"end":{"line":36,"column":1}},"line":22},"2":{"name":"(anonymous_2)","decl":{"start":{"line":39,"column":25},"end":{"line":39,"column":26}},"loc":{"start":{"line":39,"column":45},"end":{"line":61,"column":1}},"line":39},"3":{"name":"(anonymous_3)","decl":{"start":{"line":64,"column":33},"end":{"line":64,"column":34}},"loc":{"start":{"line":64,"column":53},"end":{"line":85,"column":1}},"line":64},"4":{"name":"(anonymous_4)","decl":{"start":{"line":88,"column":36},"end":{"line":88,"column":37}},"loc":{"start":{"line":88,"column":56},"end":{"line":104,"column":1}},"line":88}},"branchMap":{"0":{"loc":{"start":{"line":30,"column":8},"end":{"line":30,"column":31}},"type":"if","locations":[{"start":{"line":30,"column":8},"end":{"line":30,"column":31}},{"start":{},"end":{}}],"line":30},"1":{"loc":{"start":{"line":44,"column":4},"end":{"line":46,"column":5}},"type":"if","locations":[{"start":{"line":44,"column":4},"end":{"line":46,"column":5}},{"start":{},"end":{}}],"line":44},"2":{"loc":{"start":{"line":44,"column":8},"end":{"line":44,"column":23}},"type":"binary-expr","locations":[{"start":{"line":44,"column":8},"end":{"line":44,"column":13}},{"start":{"line":44,"column":17},"end":{"line":44,"column":23}}],"line":44},"3":{"loc":{"start":{"line":55,"column":8},"end":{"line":55,"column":31}},"type":"if","locations":[{"start":{"line":55,"column":8},"end":{"line":55,"column":31}},{"start":{},"end":{}}],"line":55},"4":{"loc":{"start":{"line":75,"column":8},"end":{"line":75,"column":31}},"type":"if","locations":[{"start":{"line":75,"column":8},"end":{"line":75,"column":31}},{"start":{},"end":{}}],"line":75},"5":{"loc":{"start":{"line":76,"column":8},"end":{"line":78,"column":9}},"type":"if","locations":[{"start":{"line":76,"column":8},"end":{"line":78,"column":9}},{"start":{},"end":{}}],"line":76},"6":{"loc":{"start":{"line":76,"column":12},"end":{"line":76,"column":38}},"type":"binary-expr","locations":[{"start":{"line":76,"column":12},"end":{"line":76,"column":17}},{"start":{"line":76,"column":21},"end":{"line":76,"column":38}}],"line":76},"7":{"loc":{"start":{"line":98,"column":8},"end":{"line":98,"column":31}},"type":"if","locations":[{"start":{"line":98,"column":8},"end":{"line":98,"column":31}},{"start":{},"end":{}}],"line":98}},"s":{"0":1,"1":1,"2":1,"3":1,"4":1,"5":1,"6":1,"7":10,"8":1,"9":2,"10":2,"11":2,"12":1,"13":0,"14":1,"15":1,"16":1,"17":1,"18":3,"19":3,"20":3,"21":1,"22":2,"23":2,"24":1,"25":0,"26":1,"27":1,"28":1,"29":1,"30":3,"31":3,"32":3,"33":3,"34":2,"35":0,"36":2,"37":1,"38":1,"39":1,"40":1,"41":1,"42":2,"43":2,"44":2,"45":1,"46":0,"47":1,"48":1,"49":1,"50":1},"f":{"0":10,"1":2,"2":3,"3":3,"4":2},"b":{"0":[0,1],"1":[1,2],"2":[3,3],"3":[0,1],"4":[0,2],"5":[1,1],"6":[2,2],"7":[0,1]},"_coverageSchema":"1a1c01bbd47fc00a2c39e90264f33305004495a9","hash":"208920fbfec9220cb39866aa4d490d199a9a2e03"}
,"C:\\Users\\raees\\Documents\\SDP Take 2\\QUANTIX\\Backend\\src\\Routes\\newEvent.routes.js": {"path":"C:\\Users\\raees\\Documents\\SDP Take 2\\QUANTIX\\Backend\\src\\Routes\\newEvent.routes.js","statementMap":{"0":{"start":{"line":1,"column":16},"end":{"line":1,"column":34}},"1":{"start":{"line":2,"column":24},"end":{"line":2,"column":69}},"2":{"start":{"line":4,"column":15},"end":{"line":4,"column":31}},"3":{"start":{"line":6,"column":0},"end":{"line":6,"column":30}},"4":{"start":{"line":8,"column":0},"end":{"line":8,"column":24}}},"fnMap":{},"branchMap":{},"s":{"0":1,"1":1,"2":1,"3":1,"4":1},"f":{},"b":{},"_coverageSchema":"1a1c01bbd47fc00a2c39e90264f33305004495a9","hash":"be4ca10e49cc011e7d4ffa45cb6e38b113280c9b"}
,"C:\\Users\\raees\\Documents\\SDP Take 2\\QUANTIX\\Backend\\src\\Routes\\planner.routes.js": {"path":"C:\\Users\\raees\\Documents\\SDP Take 2\\QUANTIX\\Backend\\src\\Routes\\planner.routes.js","statementMap":{"0":{"start":{"line":1,"column":16},"end":{"line":1,"column":34}},"1":{"start":{"line":2,"column":27},"end":{"line":2,"column":71}},"2":{"start":{"line":4,"column":15},"end":{"line":4,"column":31}},"3":{"start":{"line":6,"column":0},"end":{"line":6,"column":35}},"4":{"start":{"line":8,"column":0},"end":{"line":8,"column":24}}},"fnMap":{},"branchMap":{},"s":{"0":1,"1":1,"2":1,"3":1,"4":1},"f":{},"b":{},"_coverageSchema":"1a1c01bbd47fc00a2c39e90264f33305004495a9","hash":"331120b9222589dc1850d1f4f38dded4f844880b"}
,"C:\\Users\\raees\\Documents\\SDP Take 2\\QUANTIX\\Backend\\src\\Routes\\simple-email.routes.js": {"path":"C:\\Users\\raees\\Documents\\SDP Take 2\\QUANTIX\\Backend\\src\\Routes\\simple-email.routes.js","statementMap":{"0":{"start":{"line":1,"column":16},"end":{"line":1,"column":34}},"1":{"start":{"line":2,"column":19},"end":{"line":2,"column":40}},"2":{"start":{"line":3,"column":15},"end":{"line":3,"column":31}},"3":{"start":{"line":6,"column":0},"end":{"line":53,"column":3}},"4":{"start":{"line":7,"column":2},"end":{"line":52,"column":3}},"5":{"start":{"line":8,"column":49},"end":{"line":8,"column":57}},"6":{"start":{"line":10,"column":4},"end":{"line":12,"column":5}},"7":{"start":{"line":11,"column":6},"end":{"line":11,"column":73}},"8":{"start":{"line":15,"column":24},"end":{"line":23,"column":6}},"9":{"start":{"line":25,"column":24},"end":{"line":41,"column":5}},"10":{"start":{"line":43,"column":4},"end":{"line":43,"column":44}},"11":{"start":{"line":44,"column":4},"end":{"line":44,"column":71}},"12":{"start":{"line":47,"column":4},"end":{"line":47,"column":50}},"13":{"start":{"line":48,"column":4},"end":{"line":51,"column":7}},"14":{"start":{"line":55,"column":0},"end":{"line":55,"column":24}}},"fnMap":{"0":{"name":"(anonymous_0)","decl":{"start":{"line":6,"column":28},"end":{"line":6,"column":29}},"loc":{"start":{"line":6,"column":48},"end":{"line":53,"column":1}},"line":6}},"branchMap":{"0":{"loc":{"start":{"line":10,"column":4},"end":{"line":12,"column":5}},"type":"if","locations":[{"start":{"line":10,"column":4},"end":{"line":12,"column":5}},{"start":{},"end":{}}],"line":10},"1":{"loc":{"start":{"line":16,"column":12},"end":{"line":16,"column":53}},"type":"binary-expr","locations":[{"start":{"line":16,"column":12},"end":{"line":16,"column":33}},{"start":{"line":16,"column":37},"end":{"line":16,"column":53}}],"line":16},"2":{"loc":{"start":{"line":17,"column":12},"end":{"line":17,"column":40}},"type":"binary-expr","locations":[{"start":{"line":17,"column":12},"end":{"line":17,"column":33}},{"start":{"line":17,"column":37},"end":{"line":17,"column":40}}],"line":17},"3":{"loc":{"start":{"line":32,"column":21},"end":{"line":32,"column":41}},"type":"binary-expr","locations":[{"start":{"line":32,"column":21},"end":{"line":32,"column":30}},{"start":{"line":32,"column":34},"end":{"line":32,"column":41}}],"line":32},"4":{"loc":{"start":{"line":33,"column":70},"end":{"line":33,"column":103}},"type":"binary-expr","locations":[{"start":{"line":33,"column":70},"end":{"line":33,"column":79}},{"start":{"line":33,"column":83},"end":{"line":33,"column":103}}],"line":33}},"s":{"0":1,"1":1,"2":1,"3":1,"4":3,"5":3,"6":3,"7":1,"8":2,"9":2,"10":2,"11":1,"12":1,"13":1,"14":1},"f":{"0":3},"b":{"0":[1,2],"1":[2,2],"2":[2,2],"3":[2,1],"4":[2,0]},"_coverageSchema":"1a1c01bbd47fc00a2c39e90264f33305004495a9","hash":"c92e87cd64385c74d2ea0516fd240a09a85c60e0"}
,"C:\\Users\\raees\\Documents\\SDP Take 2\\QUANTIX\\Backend\\src\\Routes\\vendor.routes.js": {"path":"C:\\Users\\raees\\Documents\\SDP Take 2\\QUANTIX\\Backend\\src\\Routes\\vendor.routes.js","statementMap":{"0":{"start":{"line":1,"column":16},"end":{"line":1,"column":34}},"1":{"start":{"line":5,"column":4},"end":{"line":5,"column":47}},"2":{"start":{"line":7,"column":15},"end":{"line":7,"column":31}},"3":{"start":{"line":9,"column":0},"end":{"line":9,"column":31}},"4":{"start":{"line":10,"column":0},"end":{"line":10,"column":34}},"5":{"start":{"line":12,"column":0},"end":{"line":12,"column":24}}},"fnMap":{},"branchMap":{},"s":{"0":1,"1":1,"2":1,"3":1,"4":1,"5":1},"f":{},"b":{},"_coverageSchema":"1a1c01bbd47fc00a2c39e90264f33305004495a9","hash":"18e205d7736d102a6916033fd48045dc27fa9f3f"}
,"C:\\Users\\raees\\Documents\\SDP Take 2\\QUANTIX\\Backend\\src\\Routes\\vendorProfile.routes.js": {"path":"C:\\Users\\raees\\Documents\\SDP Take 2\\QUANTIX\\Backend\\src\\Routes\\vendorProfile.routes.js","statementMap":{"0":{"start":{"line":1,"column":16},"end":{"line":1,"column":34}},"1":{"start":{"line":2,"column":15},"end":{"line":2,"column":31}},"2":{"start":{"line":3,"column":29},"end":{"line":3,"column":78}},"3":{"start":{"line":7,"column":0},"end":{"line":7,"column":56}},"4":{"start":{"line":9,"column":0},"end":{"line":9,"column":24}}},"fnMap":{},"branchMap":{},"s":{"0":1,"1":1,"2":1,"3":1,"4":1},"f":{},"b":{},"_coverageSchema":"1a1c01bbd47fc00a2c39e90264f33305004495a9","hash":"bf460fce80e9fcb9b578120dfd710d236a9eb5bf"}
,"C:\\Users\\raees\\Documents\\SDP Take 2\\QUANTIX\\Backend\\src\\Routes\\vendorRequest.routes.js": {"path":"C:\\Users\\raees\\Documents\\SDP Take 2\\QUANTIX\\Backend\\src\\Routes\\vendorRequest.routes.js","statementMap":{"0":{"start":{"line":1,"column":16},"end":{"line":1,"column":34}},"1":{"start":{"line":7,"column":4},"end":{"line":7,"column":54}},"2":{"start":{"line":9,"column":15},"end":{"line":9,"column":31}},"3":{"start":{"line":11,"column":0},"end":{"line":11,"column":38}},"4":{"start":{"line":13,"column":0},"end":{"line":13,"column":58}},"5":{"start":{"line":15,"column":0},"end":{"line":15,"column":54}},"6":{"start":{"line":17,"column":0},"end":{"line":17,"column":40}},"7":{"start":{"line":19,"column":0},"end":{"line":19,"column":24}}},"fnMap":{},"branchMap":{},"s":{"0":1,"1":1,"2":1,"3":1,"4":1,"5":1,"6":1,"7":1},"f":{},"b":{},"_coverageSchema":"1a1c01bbd47fc00a2c39e90264f33305004495a9","hash":"9e444ccbbfe45a6a4036b8807447dfdbcc426190"}
}
