TN:
SF:src\Controllers\chat.controller.js
FN:4,(anonymous_0)
FN:52,(anonymous_1)
FN:88,(anonymous_2)
FN:125,(anonymous_3)
FN:184,(anonymous_4)
FN:215,(anonymous_5)
FN:242,(anonymous_6)
FNF:7
FNH:7
FNDA:3,(anonymous_0)
FNDA:1,(anonymous_1)
FNDA:1,(anonymous_2)
FNDA:2,(anonymous_3)
FNDA:1,(anonymous_4)
FNDA:2,(anonymous_5)
FNDA:2,(anonymous_6)
DA:1,1
DA:4,1
DA:5,3
DA:6,3
DA:8,3
DA:9,1
DA:15,2
DA:24,2
DA:25,1
DA:29,1
DA:39,1
DA:40,0
DA:41,0
DA:44,1
DA:46,0
DA:47,0
DA:52,1
DA:53,1
DA:54,1
DA:56,1
DA:57,0
DA:61,1
DA:75,1
DA:76,0
DA:77,0
DA:80,1
DA:82,0
DA:83,0
DA:88,1
DA:89,1
DA:90,1
DA:91,1
DA:93,1
DA:94,0
DA:97,1
DA:100,1
DA:112,1
DA:113,0
DA:114,0
DA:117,1
DA:119,0
DA:120,0
DA:125,1
DA:126,2
DA:132,2
DA:134,2
DA:135,0
DA:141,2
DA:148,2
DA:149,1
DA:155,1
DA:171,1
DA:172,0
DA:173,0
DA:176,1
DA:178,0
DA:179,0
DA:184,1
DA:185,1
DA:186,1
DA:188,1
DA:189,0
DA:195,1
DA:202,1
DA:203,0
DA:204,0
DA:207,1
DA:209,0
DA:210,0
DA:215,1
DA:216,2
DA:217,2
DA:219,2
DA:220,0
DA:224,2
DA:230,2
DA:231,0
DA:232,0
DA:237,2
DA:238,1
DA:241,1
DA:242,2
DA:246,1
DA:253,1
DA:254,0
DA:255,0
DA:258,1
DA:260,0
DA:261,0
DA:265,1
LF:90
LH:59
BRDA:8,0,0,1
BRDA:8,0,1,2
BRDA:8,1,0,3
BRDA:8,1,1,3
BRDA:20,2,0,2
BRDA:20,2,1,2
BRDA:24,3,0,1
BRDA:24,3,1,1
BRDA:34,4,0,1
BRDA:34,4,1,1
BRDA:39,5,0,0
BRDA:39,5,1,1
BRDA:56,6,0,0
BRDA:56,6,1,1
BRDA:75,7,0,0
BRDA:75,7,1,1
BRDA:91,8,0,1
BRDA:91,9,0,1
BRDA:93,10,0,0
BRDA:93,10,1,1
BRDA:112,11,0,0
BRDA:112,11,1,1
BRDA:131,12,0,2
BRDA:134,13,0,0
BRDA:134,13,1,2
BRDA:134,14,0,2
BRDA:134,14,1,2
BRDA:134,14,2,2
BRDA:148,15,0,1
BRDA:148,15,1,1
BRDA:148,16,0,2
BRDA:148,16,1,1
BRDA:171,17,0,0
BRDA:171,17,1,1
BRDA:188,18,0,0
BRDA:188,18,1,1
BRDA:188,19,0,1
BRDA:188,19,1,1
BRDA:202,20,0,0
BRDA:202,20,1,1
BRDA:219,21,0,0
BRDA:219,21,1,2
BRDA:230,22,0,0
BRDA:230,22,1,2
BRDA:237,23,0,1
BRDA:237,23,1,1
BRDA:237,24,0,2
BRDA:237,24,1,2
BRDA:253,25,0,0
BRDA:253,25,1,1
BRDA:258,26,0,1
BRDA:258,26,1,0
BRF:52
BRH:39
end_of_record
TN:
SF:src\Controllers\editEvent.controller.js
FN:3,(anonymous_0)
FNF:1
FNH:1
FNDA:5,(anonymous_0)
DA:1,1
DA:3,1
DA:4,5
DA:5,5
DA:6,5
DA:8,5
DA:10,5
DA:13,5
DA:14,1
DA:15,4
DA:16,1
DA:19,5
DA:25,5
DA:26,2
DA:29,5
DA:31,5
DA:38,4
DA:39,1
DA:40,1
DA:43,3
DA:45,1
DA:46,1
DA:50,1
LF:23
LH:23
BRDA:13,0,0,1
BRDA:13,0,1,4
BRDA:13,1,0,5
BRDA:13,1,1,2
BRDA:15,2,0,1
BRDA:15,2,1,3
BRDA:15,3,0,4
BRDA:15,3,1,1
BRDA:25,4,0,2
BRDA:25,4,1,3
BRDA:38,5,0,1
BRDA:38,5,1,3
BRF:12
BRH:12
end_of_record
TN:
SF:src\Controllers\exportController.js
FN:5,(anonymous_0)
FN:36,(anonymous_1)
FN:37,(anonymous_2)
FN:50,(anonymous_3)
FN:52,(anonymous_4)
FNF:5
FNH:5
FNDA:3,(anonymous_0)
FNDA:1,(anonymous_1)
FNDA:1,(anonymous_2)
FNDA:1,(anonymous_3)
FNDA:1,(anonymous_4)
DA:1,1
DA:2,1
DA:3,1
DA:5,1
DA:6,3
DA:7,3
DA:10,3
DA:14,2
DA:24,2
DA:29,2
DA:32,1
DA:34,1
DA:36,1
DA:37,1
DA:38,1
DA:39,1
DA:50,1
DA:51,1
DA:52,1
DA:53,1
DA:54,1
DA:58,1
DA:60,1
DA:63,1
DA:64,1
DA:65,1
DA:66,1
DA:69,1
DA:71,1
DA:72,1
DA:74,1
DA:76,1
DA:78,2
DA:79,2
LF:34
LH:34
BRDA:14,0,0,0
BRDA:14,0,1,2
BRDA:29,1,0,1
BRDA:29,1,1,1
BRDA:38,2,0,0
BRDA:38,2,1,1
BRDA:51,3,0,1
BRDA:51,3,1,0
BRDA:53,4,0,0
BRDA:53,4,1,1
BRF:10
BRH:6
end_of_record
TN:
SF:src\Controllers\getEvent.controller.js
FN:3,(anonymous_0)
FN:26,(anonymous_1)
FNF:2
FNH:2
FNDA:3,(anonymous_0)
FNDA:3,(anonymous_1)
DA:1,1
DA:3,1
DA:4,3
DA:5,3
DA:7,3
DA:8,1
DA:11,2
DA:17,1
DA:19,1
DA:21,1
DA:22,1
DA:26,1
DA:27,3
DA:28,3
DA:29,3
DA:30,0
DA:32,3
DA:38,2
DA:39,1
DA:42,1
DA:44,1
DA:45,1
DA:49,1
LF:23
LH:22
BRDA:7,0,0,1
BRDA:7,0,1,2
BRDA:17,1,0,0
BRDA:17,1,1,1
BRDA:29,2,0,0
BRDA:29,2,1,3
BRDA:38,3,0,1
BRDA:38,3,1,1
BRDA:38,4,0,2
BRDA:38,4,1,2
BRF:10
BRH:8
end_of_record
TN:
SF:src\Controllers\newEvent.controller.js
FN:3,(anonymous_0)
FNF:1
FNH:1
FNDA:4,(anonymous_0)
DA:1,1
DA:3,1
DA:4,4
DA:14,4
DA:16,4
DA:17,1
DA:21,3
DA:27,3
DA:28,1
DA:32,2
DA:44,2
DA:45,1
DA:46,1
DA:49,1
DA:52,1
DA:53,1
DA:61,1
DA:62,0
DA:66,1
DA:67,1
DA:68,1
DA:74,1
DA:77,1
DA:79,0
DA:80,0
DA:84,1
LF:26
LH:23
BRDA:11,0,0,3
BRDA:12,1,0,3
BRDA:16,2,0,1
BRDA:16,2,1,3
BRDA:16,3,0,4
BRDA:16,3,1,3
BRDA:16,3,2,3
BRDA:27,4,0,1
BRDA:27,4,1,2
BRDA:27,5,0,3
BRDA:27,5,1,3
BRDA:36,6,0,2
BRDA:36,6,1,2
BRDA:38,7,0,2
BRDA:38,7,1,2
BRDA:39,8,0,2
BRDA:39,8,1,2
BRDA:44,9,0,1
BRDA:44,9,1,1
BRDA:61,10,0,0
BRDA:61,10,1,1
BRDA:74,11,0,0
BRDA:74,11,1,1
BRF:23
BRH:21
end_of_record
TN:
SF:src\Controllers\planner.controller.js
FN:3,(anonymous_0)
FNF:1
FNH:1
FNDA:4,(anonymous_0)
DA:1,1
DA:3,1
DA:4,4
DA:5,4
DA:6,4
DA:8,3
DA:14,2
DA:16,2
DA:17,1
DA:20,1
DA:22,1
DA:23,1
DA:27,1
LF:13
LH:13
BRDA:6,0,0,1
BRDA:6,0,1,3
BRDA:14,1,0,0
BRDA:14,1,1,2
BRDA:16,2,0,1
BRDA:16,2,1,1
BRF:6
BRH:5
end_of_record
TN:
SF:src\Controllers\vendor.controller.js
FN:3,(anonymous_0)
FN:27,(anonymous_1)
FNF:2
FNH:2
FNDA:4,(anonymous_0)
FNDA:2,(anonymous_1)
DA:1,1
DA:3,1
DA:4,4
DA:5,4
DA:6,4
DA:8,3
DA:14,2
DA:16,2
DA:17,1
DA:20,1
DA:22,1
DA:23,1
DA:27,1
DA:28,2
DA:29,2
DA:34,1
DA:36,1
DA:38,1
DA:39,1
DA:43,1
LF:20
LH:20
BRDA:6,0,0,1
BRDA:6,0,1,3
BRDA:14,1,0,0
BRDA:14,1,1,2
BRDA:16,2,0,1
BRDA:16,2,1,1
BRDA:34,3,0,0
BRDA:34,3,1,1
BRF:8
BRH:6
end_of_record
TN:
SF:src\Controllers\vendorProfileController.js
FN:7,(anonymous_0)
FN:41,(anonymous_1)
FNF:2
FNH:2
FNDA:5,(anonymous_0)
FNDA:2,(anonymous_1)
DA:1,1
DA:7,1
DA:8,5
DA:10,5
DA:11,1
DA:14,4
DA:16,4
DA:22,3
DA:23,1
DA:24,1
DA:26,0
DA:30,2
DA:35,2
DA:36,0
DA:41,2
DA:43,2
DA:50,2
DA:53,1
DA:54,1
DA:58,1
LF:20
LH:18
BRDA:10,0,0,1
BRDA:10,0,1,4
BRDA:22,1,0,1
BRDA:22,1,1,2
BRDA:23,2,0,1
BRDA:23,2,1,0
BRDA:35,3,0,0
BRDA:35,3,1,2
BRF:8
BRH:6
end_of_record
TN:
SF:src\Controllers\vendorRequest.controller.js
FN:3,(anonymous_0)
FN:37,(anonymous_1)
FN:79,(anonymous_2)
FN:121,(anonymous_3)
FNF:4
FNH:4
FNDA:3,(anonymous_0)
FNDA:3,(anonymous_1)
FNDA:2,(anonymous_2)
FNDA:2,(anonymous_3)
DA:1,1
DA:3,1
DA:4,3
DA:5,3
DA:7,3
DA:8,1
DA:13,2
DA:19,2
DA:25,2
DA:26,1
DA:27,1
DA:30,1
DA:32,0
DA:33,0
DA:37,1
DA:38,3
DA:39,3
DA:40,3
DA:41,0
DA:43,3
DA:63,3
DA:64,1
DA:65,1
DA:68,2
DA:69,1
DA:72,1
DA:74,0
DA:75,0
DA:79,1
DA:80,2
DA:81,2
DA:82,2
DA:83,0
DA:85,2
DA:87,2
DA:104,2
DA:105,1
DA:106,1
DA:109,1
DA:111,1
DA:112,0
DA:114,1
DA:116,0
DA:117,0
DA:121,1
DA:122,2
DA:123,2
DA:124,2
DA:126,2
DA:133,1
DA:134,1
DA:136,1
DA:137,1
DA:141,1
LF:54
LH:45
BRDA:7,0,0,1
BRDA:7,0,1,2
BRDA:7,1,0,3
BRDA:7,1,1,3
BRDA:7,1,2,2
BRDA:25,2,0,1
BRDA:25,2,1,1
BRDA:40,3,0,0
BRDA:40,3,1,3
BRDA:63,4,0,1
BRDA:63,4,1,2
BRDA:68,5,0,1
BRDA:68,5,1,1
BRDA:68,6,0,2
BRDA:68,6,1,2
BRDA:72,7,0,1
BRDA:72,7,1,0
BRDA:82,8,0,0
BRDA:82,8,1,2
BRDA:104,9,0,1
BRDA:104,9,1,1
BRDA:111,10,0,0
BRDA:111,10,1,1
BRDA:111,11,0,1
BRDA:111,11,1,1
BRDA:114,12,0,1
BRDA:114,12,1,0
BRDA:133,13,0,0
BRDA:133,13,1,1
BRF:29
BRH:23
end_of_record
TN:
SF:src\Routes\chat.routes.js
FNF:0
FNH:0
DA:1,1
DA:9,1
DA:11,1
DA:14,1
DA:17,1
DA:20,1
DA:23,1
DA:26,1
DA:29,1
DA:31,1
LF:10
LH:10
BRF:0
BRH:0
end_of_record
TN:
SF:src\Routes\editEvent.routes.js
FNF:0
FNH:0
DA:1,1
DA:2,1
DA:4,1
DA:6,1
DA:8,1
LF:5
LH:5
BRF:0
BRH:0
end_of_record
TN:
SF:src\Routes\email.routes.js
FN:5,createMail
FN:19,(anonymous_1)
FNF:2
FNH:2
FNDA:2,createMail
FNDA:4,(anonymous_1)
DA:1,1
DA:2,1
DA:3,1
DA:6,2
DA:15,2
DA:16,2
DA:19,1
DA:20,4
DA:24,4
DA:25,4
DA:26,1
DA:28,1
DA:38,3
DA:41,3
DA:42,1
DA:46,2
DA:52,2
DA:58,2
DA:61,2
DA:62,2
DA:73,2
DA:74,2
DA:80,1
DA:83,1
DA:87,1
DA:88,1
DA:91,0
DA:97,1
LF:28
LH:27
BRDA:25,0,0,1
BRDA:25,0,1,3
BRDA:25,1,0,4
BRDA:25,1,1,3
BRDA:41,2,0,1
BRDA:41,2,1,2
BRDA:41,3,0,3
BRDA:41,3,1,3
BRDA:41,3,2,2
BRDA:65,4,0,2
BRDA:65,4,1,1
BRDA:66,5,0,2
BRDA:66,5,1,1
BRDA:87,6,0,1
BRDA:87,6,1,0
BRDA:87,7,0,1
BRDA:87,7,1,0
BRDA:87,7,2,0
BRF:18
BRH:15
end_of_record
TN:
SF:src\Routes\export.routes.js
FNF:0
FNH:0
DA:1,1
DA:2,1
DA:3,1
DA:5,1
DA:7,1
LF:5
LH:5
BRF:0
BRH:0
end_of_record
TN:
SF:src\Routes\getEvent.routes.js
FNF:0
FNH:0
DA:1,1
DA:2,1
DA:3,1
DA:5,1
DA:7,1
DA:8,1
DA:10,1
LF:7
LH:7
BRF:0
BRH:0
end_of_record
TN:
SF:src\Routes\guests.routes.js
FN:16,(anonymous_0)
FN:22,(anonymous_1)
FN:39,(anonymous_2)
FN:64,(anonymous_3)
FN:88,(anonymous_4)
FNF:5
FNH:5
FNDA:10,(anonymous_0)
FNDA:2,(anonymous_1)
FNDA:3,(anonymous_2)
FNDA:3,(anonymous_3)
FNDA:2,(anonymous_4)
DA:2,1
DA:3,1
DA:4,1
DA:6,1
DA:8,1
DA:10,1
DA:16,1
DA:18,10
DA:22,1
DA:23,2
DA:24,2
DA:25,2
DA:30,1
DA:31,1
DA:33,1
DA:34,1
DA:39,1
DA:40,3
DA:41,3
DA:44,3
DA:45,1
DA:48,2
DA:49,2
DA:55,1
DA:56,1
DA:58,1
DA:59,1
DA:64,1
DA:65,3
DA:66,3
DA:68,3
DA:69,3
DA:75,2
DA:76,2
DA:77,1
DA:80,1
DA:82,1
DA:83,1
DA:88,1
DA:89,2
DA:91,2
DA:92,2
DA:98,1
DA:99,1
DA:101,1
DA:102,1
DA:106,1
LF:47
LH:47
BRDA:30,0,0,0
BRDA:30,0,1,1
BRDA:44,1,0,1
BRDA:44,1,1,2
BRDA:44,2,0,3
BRDA:44,2,1,3
BRDA:55,3,0,0
BRDA:55,3,1,1
BRDA:75,4,0,0
BRDA:75,4,1,2
BRDA:76,5,0,1
BRDA:76,5,1,1
BRDA:76,6,0,2
BRDA:76,6,1,2
BRDA:98,7,0,0
BRDA:98,7,1,1
BRF:16
BRH:12
end_of_record
TN:
SF:src\Routes\newEvent.routes.js
FNF:0
FNH:0
DA:1,1
DA:2,1
DA:4,1
DA:6,1
DA:8,1
LF:5
LH:5
BRF:0
BRH:0
end_of_record
TN:
SF:src\Routes\planner.routes.js
FNF:0
FNH:0
DA:1,1
DA:2,1
DA:4,1
DA:6,1
DA:8,1
LF:5
LH:5
BRF:0
BRH:0
end_of_record
TN:
SF:src\Routes\simple-email.routes.js
FN:6,(anonymous_0)
FNF:1
FNH:1
FNDA:3,(anonymous_0)
DA:1,1
DA:2,1
DA:3,1
DA:6,1
DA:7,3
DA:8,3
DA:10,3
DA:11,1
DA:15,2
DA:25,2
DA:43,2
DA:44,1
DA:47,1
DA:48,1
DA:55,1
LF:15
LH:15
BRDA:10,0,0,1
BRDA:10,0,1,2
BRDA:16,1,0,2
BRDA:16,1,1,2
BRDA:17,2,0,2
BRDA:17,2,1,2
BRDA:32,3,0,2
BRDA:32,3,1,1
BRDA:33,4,0,2
BRDA:33,4,1,0
BRF:10
BRH:9
end_of_record
TN:
SF:src\Routes\vendor.routes.js
FNF:0
FNH:0
DA:1,1
DA:5,1
DA:7,1
DA:9,1
DA:10,1
DA:12,1
LF:6
LH:6
BRF:0
BRH:0
end_of_record
TN:
SF:src\Routes\vendorProfile.routes.js
FNF:0
FNH:0
DA:1,1
DA:2,1
DA:3,1
DA:7,1
DA:9,1
LF:5
LH:5
BRF:0
BRH:0
end_of_record
TN:
SF:src\Routes\vendorRequest.routes.js
FNF:0
FNH:0
DA:1,1
DA:7,1
DA:9,1
DA:11,1
DA:13,1
DA:15,1
DA:17,1
DA:19,1
LF:8
LH:8
BRF:0
BRH:0
end_of_record
