TN:
SF:src\Config\supabase.js
FNF:0
FNH:0
DA:1,3
DA:2,3
DA:4,3
DA:5,3
DA:7,3
DA:8,2
DA:11,1
DA:13,1
LF:8
LH:8
BRDA:7,0,0,2
BRDA:7,0,1,1
BRDA:7,1,0,3
BRDA:7,1,1,1
BRF:4
BRH:4
end_of_record
TN:
SF:src\Controllers\chat.controller.js
FN:5,(anonymous_0)
FN:62,(anonymous_1)
FN:98,(anonymous_2)
FN:135,(anonymous_3)
FN:214,(anonymous_4)
FN:245,(anonymous_5)
FN:271,(anonymous_6)
FNF:7
FNH:7
FNDA:3,(anonymous_0)
FNDA:2,(anonymous_1)
FNDA:2,(anonymous_2)
FNDA:3,(anonymous_3)
FNDA:2,(anonymous_4)
FNDA:3,(anonymous_5)
FNDA:2,(anonymous_6)
DA:1,1
DA:2,1
DA:5,1
DA:6,3
DA:7,3
DA:9,3
DA:10,0
DA:16,3
DA:25,3
DA:27,0
DA:28,0
DA:29,0
DA:31,0
DA:34,3
DA:35,1
DA:39,2
DA:49,2
DA:50,1
DA:51,1
DA:54,1
DA:56,0
DA:57,0
DA:62,1
DA:63,2
DA:64,2
DA:66,2
DA:67,0
DA:71,2
DA:85,2
DA:86,1
DA:87,1
DA:90,1
DA:92,0
DA:93,0
DA:98,1
DA:99,2
DA:100,2
DA:101,2
DA:103,2
DA:104,0
DA:107,2
DA:110,2
DA:122,1
DA:123,0
DA:124,0
DA:127,1
DA:129,1
DA:130,1
DA:135,1
DA:136,3
DA:142,3
DA:144,3
DA:145,0
DA:151,3
DA:153,3
DA:154,3
DA:164,2
DA:166,1
DA:171,3
DA:178,3
DA:179,1
DA:185,2
DA:201,2
DA:202,0
DA:203,0
DA:206,2
DA:208,0
DA:209,0
DA:214,1
DA:215,2
DA:216,2
DA:218,2
DA:219,0
DA:225,2
DA:232,2
DA:233,1
DA:234,1
DA:237,1
DA:239,0
DA:240,0
DA:245,1
DA:246,3
DA:247,3
DA:249,3
DA:250,0
DA:253,3
DA:259,3
DA:260,1
DA:261,1
DA:266,2
DA:267,1
DA:270,1
DA:271,2
DA:274,1
DA:281,1
DA:282,0
DA:283,0
DA:286,1
DA:289,0
DA:290,0
DA:294,1
LF:101
LH:75
BRDA:9,0,0,0
BRDA:9,0,1,3
BRDA:9,1,0,3
BRDA:9,1,1,3
BRDA:21,2,0,3
BRDA:21,2,1,3
BRDA:25,3,0,0
BRDA:25,3,1,3
BRDA:27,4,0,0
BRDA:27,4,1,0
BRDA:34,5,0,1
BRDA:34,5,1,2
BRDA:44,6,0,2
BRDA:44,6,1,2
BRDA:49,7,0,1
BRDA:49,7,1,1
BRDA:66,8,0,0
BRDA:66,8,1,2
BRDA:85,9,0,1
BRDA:85,9,1,1
BRDA:101,10,0,2
BRDA:101,11,0,2
BRDA:103,12,0,0
BRDA:103,12,1,2
BRDA:122,13,0,0
BRDA:122,13,1,1
BRDA:141,14,0,3
BRDA:144,15,0,0
BRDA:144,15,1,3
BRDA:144,16,0,3
BRDA:144,16,1,3
BRDA:144,16,2,3
BRDA:178,17,0,1
BRDA:178,17,1,2
BRDA:178,18,0,3
BRDA:178,18,1,2
BRDA:201,19,0,0
BRDA:201,19,1,2
BRDA:218,20,0,0
BRDA:218,20,1,2
BRDA:218,21,0,2
BRDA:218,21,1,2
BRDA:232,22,0,1
BRDA:232,22,1,1
BRDA:249,23,0,0
BRDA:249,23,1,3
BRDA:259,24,0,1
BRDA:259,24,1,2
BRDA:266,25,0,1
BRDA:266,25,1,1
BRDA:266,26,0,2
BRDA:266,26,1,2
BRDA:281,27,0,0
BRDA:281,27,1,1
BRDA:286,28,0,1
BRDA:286,28,1,0
BRF:56
BRH:43
end_of_record
TN:
SF:src\Controllers\contract.controller.js
FN:6,(anonymous_0)
FN:24,(anonymous_1)
FN:49,(anonymous_2)
FN:83,(anonymous_3)
FN:130,(anonymous_4)
FNF:5
FNH:5
FNDA:2,(anonymous_0)
FNDA:1,(anonymous_1)
FNDA:1,(anonymous_2)
FNDA:3,(anonymous_3)
FNDA:2,(anonymous_4)
DA:3,1
DA:6,1
DA:7,2
DA:8,2
DA:9,2
DA:16,2
DA:17,2
DA:19,0
DA:24,1
DA:25,1
DA:26,1
DA:27,1
DA:28,1
DA:29,1
DA:41,1
DA:42,1
DA:44,0
DA:49,1
DA:50,1
DA:51,1
DA:52,1
DA:54,1
DA:60,1
DA:62,1
DA:64,1
DA:75,1
DA:76,1
DA:78,0
DA:83,1
DA:84,3
DA:85,3
DA:87,3
DA:88,3
DA:89,3
DA:90,1
DA:91,1
DA:92,2
DA:93,1
DA:94,1
DA:96,1
DA:99,2
DA:106,2
DA:109,2
DA:110,1
DA:117,1
DA:118,1
DA:121,1
DA:123,0
DA:130,1
DA:131,2
DA:132,2
DA:133,2
DA:139,2
DA:140,2
DA:143,1
DA:144,1
DA:150,1
DA:153,0
DA:158,1
LF:59
LH:54
BRDA:16,0,0,0
BRDA:16,0,1,2
BRDA:35,1,0,1
BRDA:35,1,1,1
BRDA:41,2,0,0
BRDA:41,2,1,1
BRDA:60,3,0,0
BRDA:60,3,1,1
BRDA:62,4,0,1
BRDA:62,4,1,0
BRDA:75,5,0,0
BRDA:75,5,1,1
BRDA:89,6,0,1
BRDA:89,6,1,2
BRDA:92,7,0,1
BRDA:92,7,1,1
BRDA:106,8,0,0
BRDA:106,8,1,2
BRDA:109,9,0,1
BRDA:109,9,1,1
BRDA:109,10,0,2
BRDA:109,10,1,2
BRDA:117,11,0,0
BRDA:117,11,1,1
BRDA:139,12,0,0
BRDA:139,12,1,2
BRDA:140,13,0,1
BRDA:140,13,1,1
BRF:28
BRH:20
end_of_record
TN:
SF:src\Controllers\editEvent.controller.js
FN:3,(anonymous_0)
FNF:1
FNH:1
FNDA:5,(anonymous_0)
DA:1,1
DA:3,1
DA:4,5
DA:5,5
DA:6,5
DA:8,5
DA:10,5
DA:13,5
DA:14,1
DA:15,4
DA:16,1
DA:19,5
DA:25,5
DA:26,2
DA:29,5
DA:31,5
DA:38,4
DA:39,1
DA:40,1
DA:43,3
DA:45,1
DA:46,1
DA:50,1
LF:23
LH:23
BRDA:13,0,0,1
BRDA:13,0,1,4
BRDA:13,1,0,5
BRDA:13,1,1,2
BRDA:15,2,0,1
BRDA:15,2,1,3
BRDA:15,3,0,4
BRDA:15,3,1,1
BRDA:25,4,0,2
BRDA:25,4,1,3
BRDA:38,5,0,1
BRDA:38,5,1,3
BRF:12
BRH:12
end_of_record
TN:
SF:src\Controllers\exportController.js
FN:5,(anonymous_0)
FN:29,(anonymous_1)
FN:57,(anonymous_2)
FN:58,(anonymous_3)
FN:64,(anonymous_4)
FN:65,(anonymous_5)
FN:71,(anonymous_6)
FN:73,(anonymous_7)
FNF:8
FNH:8
FNDA:3,(anonymous_0)
FNDA:1,(anonymous_1)
FNDA:2,(anonymous_2)
FNDA:2,(anonymous_3)
FNDA:2,(anonymous_4)
FNDA:2,(anonymous_5)
FNDA:2,(anonymous_6)
FNDA:2,(anonymous_7)
DA:1,1
DA:2,1
DA:3,1
DA:5,1
DA:6,3
DA:7,3
DA:10,3
DA:14,3
DA:20,3
DA:26,2
DA:29,2
DA:31,2
DA:33,2
DA:34,1
DA:39,1
DA:40,1
DA:45,2
DA:50,2
DA:53,2
DA:54,2
DA:55,2
DA:57,2
DA:58,2
DA:59,2
DA:60,2
DA:64,2
DA:65,2
DA:66,2
DA:67,2
DA:71,2
DA:72,2
DA:73,2
DA:74,2
DA:75,2
DA:79,2
DA:80,2
DA:81,2
DA:84,2
DA:85,2
DA:86,2
DA:87,2
DA:90,2
DA:91,2
DA:92,2
DA:93,2
DA:94,2
DA:95,2
DA:97,2
DA:99,1
DA:100,1
LF:50
LH:50
BRDA:14,0,0,0
BRDA:14,0,1,3
BRDA:26,1,0,0
BRDA:26,1,1,2
BRDA:33,2,0,1
BRDA:33,2,1,1
BRDA:39,3,0,0
BRDA:39,3,1,1
BRDA:50,4,0,0
BRDA:50,4,1,2
BRDA:59,5,0,0
BRDA:59,5,1,2
BRDA:66,6,0,0
BRDA:66,6,1,2
BRDA:72,7,0,2
BRDA:72,7,1,0
BRDA:74,8,0,0
BRDA:74,8,1,2
BRF:18
BRH:10
end_of_record
TN:
SF:src\Controllers\getEvent.controller.js
FN:3,(anonymous_0)
FN:26,(anonymous_1)
FNF:2
FNH:2
FNDA:3,(anonymous_0)
FNDA:3,(anonymous_1)
DA:1,1
DA:3,1
DA:4,3
DA:5,3
DA:7,3
DA:8,1
DA:11,2
DA:17,1
DA:19,1
DA:21,1
DA:22,1
DA:26,1
DA:27,3
DA:28,3
DA:29,3
DA:30,0
DA:32,3
DA:38,2
DA:39,1
DA:42,1
DA:44,1
DA:45,1
DA:49,1
LF:23
LH:22
BRDA:7,0,0,1
BRDA:7,0,1,2
BRDA:17,1,0,0
BRDA:17,1,1,1
BRDA:29,2,0,0
BRDA:29,2,1,3
BRDA:38,3,0,1
BRDA:38,3,1,1
BRDA:38,4,0,2
BRDA:38,4,1,2
BRF:10
BRH:8
end_of_record
TN:
SF:src\Controllers\newEvent.controller.js
FN:3,(anonymous_0)
FNF:1
FNH:1
FNDA:4,(anonymous_0)
DA:1,1
DA:3,1
DA:4,4
DA:14,4
DA:16,4
DA:17,1
DA:21,3
DA:27,3
DA:28,1
DA:32,2
DA:44,2
DA:45,1
DA:46,1
DA:49,1
DA:52,1
DA:53,1
DA:61,1
DA:62,0
DA:66,1
DA:67,1
DA:68,1
DA:74,1
DA:77,1
DA:79,0
DA:80,0
DA:84,1
LF:26
LH:23
BRDA:11,0,0,3
BRDA:12,1,0,3
BRDA:16,2,0,1
BRDA:16,2,1,3
BRDA:16,3,0,4
BRDA:16,3,1,3
BRDA:16,3,2,3
BRDA:27,4,0,1
BRDA:27,4,1,2
BRDA:27,5,0,3
BRDA:27,5,1,3
BRDA:36,6,0,2
BRDA:36,6,1,2
BRDA:38,7,0,2
BRDA:38,7,1,2
BRDA:39,8,0,2
BRDA:39,8,1,2
BRDA:44,9,0,1
BRDA:44,9,1,1
BRDA:61,10,0,0
BRDA:61,10,1,1
BRDA:74,11,0,0
BRDA:74,11,1,1
BRF:23
BRH:21
end_of_record
TN:
SF:src\Controllers\planner.controller.js
FN:3,(anonymous_0)
FNF:1
FNH:1
FNDA:4,(anonymous_0)
DA:1,1
DA:3,1
DA:4,4
DA:5,4
DA:6,4
DA:8,3
DA:14,2
DA:16,2
DA:17,1
DA:20,1
DA:22,1
DA:23,1
DA:27,1
LF:13
LH:13
BRDA:6,0,0,1
BRDA:6,0,1,3
BRDA:14,1,0,0
BRDA:14,1,1,2
BRDA:16,2,0,1
BRDA:16,2,1,1
BRF:6
BRH:5
end_of_record
TN:
SF:src\Controllers\vendor.controller.js
FN:3,(anonymous_0)
FN:27,(anonymous_1)
FNF:2
FNH:2
FNDA:4,(anonymous_0)
FNDA:2,(anonymous_1)
DA:1,1
DA:3,1
DA:4,4
DA:5,4
DA:6,4
DA:8,3
DA:14,2
DA:16,2
DA:17,1
DA:20,1
DA:22,1
DA:23,1
DA:27,1
DA:28,2
DA:29,2
DA:34,1
DA:36,1
DA:38,1
DA:39,1
DA:43,1
LF:20
LH:20
BRDA:6,0,0,1
BRDA:6,0,1,3
BRDA:14,1,0,0
BRDA:14,1,1,2
BRDA:16,2,0,1
BRDA:16,2,1,1
BRDA:34,3,0,0
BRDA:34,3,1,1
BRF:8
BRH:6
end_of_record
TN:
SF:src\Controllers\vendorProfileController.js
FN:7,(anonymous_0)
FN:41,(anonymous_1)
FNF:2
FNH:2
FNDA:5,(anonymous_0)
FNDA:2,(anonymous_1)
DA:1,1
DA:7,1
DA:8,5
DA:10,5
DA:11,1
DA:14,4
DA:16,4
DA:22,3
DA:23,1
DA:24,1
DA:26,0
DA:30,2
DA:35,2
DA:36,0
DA:41,2
DA:43,2
DA:50,2
DA:53,1
DA:54,1
DA:58,1
LF:20
LH:18
BRDA:10,0,0,1
BRDA:10,0,1,4
BRDA:22,1,0,1
BRDA:22,1,1,2
BRDA:23,2,0,1
BRDA:23,2,1,0
BRDA:35,3,0,0
BRDA:35,3,1,2
BRF:8
BRH:6
end_of_record
TN:
SF:src\Controllers\vendorRequest.controller.js
FN:3,(anonymous_0)
FN:37,(anonymous_1)
FN:79,(anonymous_2)
FN:121,(anonymous_3)
FNF:4
FNH:4
FNDA:3,(anonymous_0)
FNDA:3,(anonymous_1)
FNDA:2,(anonymous_2)
FNDA:2,(anonymous_3)
DA:1,1
DA:3,1
DA:4,3
DA:5,3
DA:7,3
DA:8,1
DA:13,2
DA:19,2
DA:25,2
DA:26,1
DA:27,1
DA:30,1
DA:32,0
DA:33,0
DA:37,1
DA:38,3
DA:39,3
DA:40,3
DA:41,0
DA:43,3
DA:63,3
DA:64,1
DA:65,1
DA:68,2
DA:69,1
DA:72,1
DA:74,0
DA:75,0
DA:79,1
DA:80,2
DA:81,2
DA:82,2
DA:83,0
DA:85,2
DA:87,2
DA:104,2
DA:105,1
DA:106,1
DA:109,1
DA:111,1
DA:112,0
DA:114,1
DA:116,0
DA:117,0
DA:121,1
DA:122,2
DA:123,2
DA:124,2
DA:126,2
DA:133,1
DA:134,1
DA:136,1
DA:137,1
DA:141,1
LF:54
LH:45
BRDA:7,0,0,1
BRDA:7,0,1,2
BRDA:7,1,0,3
BRDA:7,1,1,3
BRDA:7,1,2,2
BRDA:25,2,0,1
BRDA:25,2,1,1
BRDA:40,3,0,0
BRDA:40,3,1,3
BRDA:63,4,0,1
BRDA:63,4,1,2
BRDA:68,5,0,1
BRDA:68,5,1,1
BRDA:68,6,0,2
BRDA:68,6,1,2
BRDA:72,7,0,1
BRDA:72,7,1,0
BRDA:82,8,0,0
BRDA:82,8,1,2
BRDA:104,9,0,1
BRDA:104,9,1,1
BRDA:111,10,0,0
BRDA:111,10,1,1
BRDA:111,11,0,1
BRDA:111,11,1,1
BRDA:114,12,0,1
BRDA:114,12,1,0
BRDA:133,13,0,0
BRDA:133,13,1,1
BRF:29
BRH:23
end_of_record
TN:
SF:src\Routes\chat.routes.js
FNF:0
FNH:0
DA:1,1
DA:9,1
DA:11,1
DA:14,1
DA:17,1
DA:20,1
DA:23,1
DA:26,1
DA:29,1
DA:31,1
LF:10
LH:10
BRF:0
BRH:0
end_of_record
TN:
SF:src\Routes\contract.routes.js
FNF:0
FNH:0
DA:2,1
DA:3,1
DA:10,1
DA:12,1
DA:15,1
DA:18,1
DA:21,1
DA:24,1
DA:28,1
DA:31,1
LF:10
LH:10
BRF:0
BRH:0
end_of_record
TN:
SF:src\Routes\editEvent.routes.js
FNF:0
FNH:0
DA:1,1
DA:2,1
DA:4,1
DA:6,1
DA:8,1
LF:5
LH:5
BRF:0
BRH:0
end_of_record
TN:
SF:src\Routes\email.routes.js
FN:19,(anonymous_0)
FNF:1
FNH:1
FNDA:3,(anonymous_0)
DA:1,1
DA:2,1
DA:3,1
DA:6,1
DA:10,1
DA:19,1
DA:20,3
DA:22,3
DA:23,0
DA:29,3
DA:32,3
DA:33,1
DA:39,2
DA:58,2
DA:61,1
DA:64,1
DA:71,1
LF:17
LH:16
BRDA:6,0,0,1
BRDA:6,0,1,0
BRDA:6,1,0,1
BRDA:6,1,1,0
BRDA:22,2,0,0
BRDA:22,2,1,3
BRDA:22,3,0,3
BRDA:22,3,1,3
BRDA:32,4,0,1
BRDA:32,4,1,2
BRDA:32,5,0,3
BRDA:32,5,1,3
BRDA:32,5,2,3
BRF:13
BRH:10
end_of_record
TN:
SF:src\Routes\export.routes.js
FNF:0
FNH:0
DA:1,1
DA:2,1
DA:3,1
DA:5,1
DA:7,1
LF:5
LH:5
BRF:0
BRH:0
end_of_record
TN:
SF:src\Routes\getEvent.routes.js
FNF:0
FNH:0
DA:1,1
DA:2,1
DA:3,1
DA:5,1
DA:7,1
DA:8,1
DA:10,1
LF:7
LH:7
BRF:0
BRH:0
end_of_record
TN:
SF:src\Routes\guests.routes.js
FN:16,(anonymous_0)
FN:22,(anonymous_1)
FN:39,(anonymous_2)
FN:64,(anonymous_3)
FN:88,(anonymous_4)
FNF:5
FNH:5
FNDA:10,(anonymous_0)
FNDA:2,(anonymous_1)
FNDA:3,(anonymous_2)
FNDA:3,(anonymous_3)
FNDA:2,(anonymous_4)
DA:2,1
DA:3,1
DA:4,1
DA:6,1
DA:8,1
DA:10,1
DA:16,1
DA:18,10
DA:22,1
DA:23,2
DA:24,2
DA:25,2
DA:30,1
DA:31,1
DA:33,1
DA:34,1
DA:39,1
DA:40,3
DA:41,3
DA:44,3
DA:45,1
DA:48,2
DA:49,2
DA:55,1
DA:56,1
DA:58,1
DA:59,1
DA:64,1
DA:65,3
DA:66,3
DA:68,3
DA:69,3
DA:75,2
DA:76,2
DA:77,1
DA:80,1
DA:82,1
DA:83,1
DA:88,1
DA:89,2
DA:91,2
DA:92,2
DA:98,1
DA:99,1
DA:101,1
DA:102,1
DA:106,1
LF:47
LH:47
BRDA:30,0,0,0
BRDA:30,0,1,1
BRDA:44,1,0,1
BRDA:44,1,1,2
BRDA:44,2,0,3
BRDA:44,2,1,3
BRDA:55,3,0,0
BRDA:55,3,1,1
BRDA:75,4,0,0
BRDA:75,4,1,2
BRDA:76,5,0,1
BRDA:76,5,1,1
BRDA:76,6,0,2
BRDA:76,6,1,2
BRDA:98,7,0,0
BRDA:98,7,1,1
BRF:16
BRH:12
end_of_record
TN:
SF:src\Routes\newEvent.routes.js
FNF:0
FNH:0
DA:1,1
DA:2,1
DA:4,1
DA:6,1
DA:8,1
LF:5
LH:5
BRF:0
BRH:0
end_of_record
TN:
SF:src\Routes\planner.routes.js
FNF:0
FNH:0
DA:1,1
DA:2,1
DA:4,1
DA:6,1
DA:8,1
LF:5
LH:5
BRF:0
BRH:0
end_of_record
TN:
SF:src\Routes\simple-email.routes.js
FN:6,(anonymous_0)
FNF:1
FNH:1
FNDA:3,(anonymous_0)
DA:1,1
DA:2,1
DA:3,1
DA:6,1
DA:7,3
DA:8,3
DA:10,3
DA:11,1
DA:15,2
DA:25,2
DA:43,2
DA:44,1
DA:47,1
DA:48,1
DA:55,1
LF:15
LH:15
BRDA:10,0,0,1
BRDA:10,0,1,2
BRDA:16,1,0,2
BRDA:16,1,1,2
BRDA:17,2,0,2
BRDA:17,2,1,2
BRDA:32,3,0,2
BRDA:32,3,1,1
BRDA:33,4,0,2
BRDA:33,4,1,0
BRF:10
BRH:9
end_of_record
TN:
SF:src\Routes\vendor.routes.js
FNF:0
FNH:0
DA:1,1
DA:5,1
DA:7,1
DA:9,1
DA:10,1
DA:12,1
LF:6
LH:6
BRF:0
BRH:0
end_of_record
TN:
SF:src\Routes\vendorProfile.routes.js
FNF:0
FNH:0
DA:1,1
DA:2,1
DA:3,1
DA:7,1
DA:9,1
LF:5
LH:5
BRF:0
BRH:0
end_of_record
TN:
SF:src\Routes\vendorRequest.routes.js
FNF:0
FNH:0
DA:1,1
DA:7,1
DA:9,1
DA:11,1
DA:13,1
DA:15,1
DA:17,1
DA:19,1
LF:8
LH:8
BRF:0
BRH:0
end_of_record
